Log file open, 11/28/19 23:23:41
LogWindows: Failed to load 'aqProf.dll' (GetLastError=126)
LogWindows: File 'aqProf.dll' does not exist
LogWindows: Failed to load 'VtuneApi.dll' (GetLastError=126)
LogWindows: File 'VtuneApi.dll' does not exist
LogWindows: Failed to load 'VtuneApi32e.dll' (GetLastError=126)
LogWindows: File 'VtuneApi32e.dll' does not exist
LogConsoleResponse: Display: Failed to find resolution value strings in scalability ini. Falling back to default.
LogInit: Display: Running engine for game: BuildingEscape
LogPlatformFile: Not using cached read wrapper
LogTaskGraph: Started task graph with 5 named threads and 47 total threads with 3 sets of task threads.
LogStats: Stats thread started at 0.149929
LogD3D11RHI: Loaded GFSDK_Aftermath_Lib.x64.dll
LogICUInternationalization: ICU TimeZone Detection - Raw Offset: +9:00, Platform Override: ''
LogPluginManager: Mounting plugin Paper2D
LogPluginManager: Mounting plugin AISupport
LogPluginManager: Mounting plugin LightPropagationVolume
LogPluginManager: Mounting plugin ActorLayerUtilities
LogPluginManager: Mounting plugin AnimationSharing
LogPluginManager: Mounting plugin CLionSourceCodeAccess
LogPluginManager: Mounting plugin CodeLiteSourceCodeAccess
LogPluginManager: Mounting plugin GitSourceControl
LogPluginManager: Mounting plugin KDevelopSourceCodeAccess
LogPluginManager: Mounting plugin NullSourceCodeAccess
LogPluginManager: Mounting plugin PerforceSourceControl
LogPluginManager: Mounting plugin SubversionSourceControl
LogPluginManager: Mounting plugin UObjectPlugin
LogPluginManager: Mounting plugin VisualStudioCodeSourceCodeAccess
LogPluginManager: Mounting plugin VisualStudioSourceCodeAccess
LogPluginManager: Mounting plugin XCodeSourceCodeAccess
LogPluginManager: Mounting plugin AssetManagerEditor
LogPluginManager: Mounting plugin CryptoKeys
LogPluginManager: Mounting plugin CurveEditorTools
LogPluginManager: Mounting plugin DataValidation
LogPluginManager: Mounting plugin FacialAnimation
LogPluginManager: Mounting plugin GameplayTagsEditor
LogPluginManager: Mounting plugin MacGraphicsSwitching
LogPluginManager: Mounting plugin MaterialAnalyzer
LogPluginManager: Mounting plugin MobileLauncherProfileWizard
LogPluginManager: Mounting plugin PluginBrowser
LogPluginManager: Mounting plugin SpeedTreeImporter
LogPluginManager: Mounting plugin DatasmithContent
LogPluginManager: Mounting plugin VariantManagerContent
LogPluginManager: Mounting plugin AlembicImporter
LogPluginManager: Mounting plugin AutomationUtils
LogPluginManager: Mounting plugin BackChannel
LogPluginManager: Mounting plugin CharacterAI
LogPluginManager: Mounting plugin GeometryCache
LogPluginManager: Mounting plugin HTML5Networking
LogPluginManager: Mounting plugin PlatformCrypto
LogPluginManager: Mounting plugin ProxyLODPlugin
LogPluginManager: Mounting plugin SkeletalReduction
LogPluginManager: Mounting plugin MagicLeap
LogPluginManager: Mounting plugin MagicLeapMedia
LogPluginManager: Mounting plugin AndroidMedia
LogPluginManager: Mounting plugin AvfMedia
LogPluginManager: Mounting plugin ImgMedia
LogPluginManager: Mounting plugin MediaCompositing
LogPluginManager: Mounting plugin MediaPlayerEditor
LogPluginManager: Mounting plugin WebMMedia
LogPluginManager: Mounting plugin WmfMedia
LogPluginManager: Mounting plugin TcpMessaging
LogPluginManager: Mounting plugin UdpMessaging
LogPluginManager: Mounting plugin ActorSequence
LogPluginManager: Mounting plugin LevelSequenceEditor
LogPluginManager: Mounting plugin MatineeToLevelSequence
LogPluginManager: Mounting plugin NetcodeUnitTest
LogPluginManager: Mounting plugin NUTUnrealEngine4
LogPluginManager: Mounting plugin OnlineSubsystemGooglePlay
LogPluginManager: Mounting plugin OnlineSubsystemIOS
LogPluginManager: Mounting plugin OnlineSubsystem
LogPluginManager: Mounting plugin OnlineSubsystemNull
LogPluginManager: Mounting plugin OnlineSubsystemUtils
LogPluginManager: Mounting plugin LauncherChunkInstaller
LogPluginManager: Mounting plugin AndroidDeviceProfileSelector
LogPluginManager: Mounting plugin AndroidMoviePlayer
LogPluginManager: Mounting plugin AndroidPermission
LogPluginManager: Mounting plugin AppleImageUtils
LogPluginManager: Mounting plugin AppleMoviePlayer
LogPluginManager: Mounting plugin ArchVisCharacter
LogPluginManager: Mounting plugin AudioCapture
LogPluginManager: Mounting plugin CableComponent
LogPluginManager: Mounting plugin CustomMeshComponent
LogPluginManager: Mounting plugin EditableMesh
LogPluginManager: Mounting plugin ExampleDeviceProfileSelector
LogPluginManager: Mounting plugin GoogleCloudMessaging
LogPluginManager: Mounting plugin IOSDeviceProfileSelector
LogPluginManager: Mounting plugin LinuxDeviceProfileSelector
LogPluginManager: Mounting plugin LocationServicesBPLibrary
LogPluginManager: Mounting plugin MobilePatchingUtils
LogPluginManager: Mounting plugin OculusVR
LogPluginManager: Mounting plugin PhysXVehicles
LogPluginManager: Mounting plugin ProceduralMeshComponent
LogPluginManager: Mounting plugin RuntimePhysXCooking
LogPluginManager: Mounting plugin SignificanceManager
LogPluginManager: Mounting plugin SteamVR
LogPluginManager: Mounting plugin WebMMoviePlayer
LogPluginManager: Mounting plugin WindowsMoviePlayer
LogPluginManager: Mounting plugin ScreenshotTools
LogInit: Using libcurl 7.55.1-DEV
LogInit:  - built for x86_64-pc-win32
LogInit:  - supports SSL with OpenSSL/1.1.1
LogInit:  - supports HTTP deflate (compression) using libz 1.2.8
LogInit:  - other features:
LogInit:      CURL_VERSION_SSL
LogInit:      CURL_VERSION_LIBZ
LogInit:      CURL_VERSION_IPV6
LogInit:      CURL_VERSION_ASYNCHDNS
LogInit:      CURL_VERSION_LARGEFILE
LogInit:      CURL_VERSION_IDN
LogInit:  CurlRequestOptions (configurable via config and command line):
LogInit:  - bVerifyPeer = true  - Libcurl will verify peer certificate
LogInit:  - bUseHttpProxy = false  - Libcurl will NOT use HTTP proxy
LogInit:  - bDontReuseConnections = false  - Libcurl will reuse connections
LogInit:  - MaxHostConnections = 16  - Libcurl will limit the number of connections to a host
LogInit:  - LocalHostAddr = Default
LogInit:  - BufferSize = 65536
LogOnline: OSS: Creating online subsystem instance for: NULL
LogInit: WinSock: version 1.1 (2.2), MaxSocks=32767, MaxUdp=65467
LogInit: Build: ++UE4+Release-4.23-CL-9631420
LogInit: Engine Version: 4.23.1-9631420+++UE4+Release-4.23
LogInit: Compatible Engine Version: 4.23.0-8386587+++UE4+Release-4.23
LogInit: Net CL: 8386587
LogInit: OS: Windows 10 (Release 1903) (), CPU: Intel(R) Core(TM) i9-9900K CPU @ 3.60GHz, GPU: NVIDIA GeForce RTX 2080
LogInit: Compiled (64-bit): Oct 18 2019 02:07:44
LogInit: Compiled with Visual C++: 19.16.27030.01
LogInit: Build Configuration: Development
LogInit: Branch Name: ++UE4+Release-4.23
LogInit: Command Line:  -skipcompile
LogInit: Base Directory: C:/Program Files/Epic Games/UE_4.23/Engine/Binaries/Win64/
LogInit: Installed Engine Build: 1
LogDevObjectVersion: Number of dev versions registered: 23
LogDevObjectVersion:   Dev-Blueprints (B0D832E4-1F89-4F0D-ACCF-7EB736FD4AA2): 10
LogDevObjectVersion:   Dev-Build (E1C64328-A22C-4D53-A36C-8E866417BD8C): 0
LogDevObjectVersion:   Dev-Core (375EC13C-06E4-48FB-B500-84F0262A717E): 3
LogDevObjectVersion:   Dev-Editor (E4B068ED-F494-42E9-A231-DA0B2E46BB41): 34
LogDevObjectVersion:   Dev-Framework (CFFC743F-43B0-4480-9391-14DF171D2073): 35
LogDevObjectVersion:   Dev-Mobile (B02B49B5-BB20-44E9-A304-32B752E40360): 2
LogDevObjectVersion:   Dev-Networking (A4E4105C-59A1-49B5-A7C5-40C4547EDFEE): 0
LogDevObjectVersion:   Dev-Online (39C831C9-5AE6-47DC-9A44-9C173E1C8E7C): 0
LogDevObjectVersion:   Dev-Physics (78F01B33-EBEA-4F98-B9B4-84EACCB95AA2): 0
LogDevObjectVersion:   Dev-Platform (6631380F-2D4D-43E0-8009-CF276956A95A): 0
LogDevObjectVersion:   Dev-Rendering (12F88B9F-8875-4AFC-A67C-D90C383ABD29): 31
LogDevObjectVersion:   Dev-Sequencer (7B5AE74C-D270-4C10-A958-57980B212A5A): 11
LogDevObjectVersion:   Dev-VR (D7296918-1DD6-4BDD-9DE2-64A83CC13884): 2
LogDevObjectVersion:   Dev-LoadTimes (C2A15278-BFE7-4AFE-6C17-90FF531DF755): 1
LogDevObjectVersion:   Private-Geometry (6EACA3D4-40EC-4CC1-B786-8BED09428FC5): 3
LogDevObjectVersion:   Dev-AnimPhys (29E575DD-E0A3-4627-9D10-D276232CDCEA): 17
LogDevObjectVersion:   Dev-Anim (AF43A65D-7FD3-4947-9873-3E8ED9C1BB05): 2
LogDevObjectVersion:   Dev-ReflectionCapture (6B266CEC-1EC7-4B8F-A30B-E4D90942FC07): 1
LogDevObjectVersion:   Dev-Automation (0DF73D61-A23F-47EA-B727-89E90C41499A): 1
LogDevObjectVersion:   FortniteMain (601D1886-AC64-4F84-AA16-D3DE0DEAC7D6): 27
LogDevObjectVersion:   Dev-Enterprise (9DFFBCD6-494F-0158-E221-12823C92A888): 6
LogDevObjectVersion:   Dev-Niagara (F2AED0AC-9AFE-416F-8664-AA7FFA26D6FC): 1
LogDevObjectVersion:   Dev-Destruction (174F1F0B-B4C6-45A5-B13F-2EE8D0FB917D): 9
LogInit: Presizing for max 16777216 objects, including 0 objects not considered by GC, pre-allocating 0 bytes for permanent pool.
LogInit: Object subsystem initialized
LogConfig: Setting CVar [[con.DebugEarlyDefault:1]]
LogConfig: Setting CVar [[r.setres:1280x720]]
[2019.11.28-14.23.42:132][  0]LogConfig: Setting CVar [[r.VSync:0]]
[2019.11.28-14.23.42:132][  0]LogConfig: Setting CVar [[r.RHICmdBypass:0]]
[2019.11.28-14.23.42:133][  0]LogConfig: Applying CVar settings from Section [/Script/Engine.RendererSettings] File [E:/Unreal/UnrealEngineLecture/BuildingEscape/Saved/Config/Windows/Engine.ini]
[2019.11.28-14.23.42:133][  0]LogConfig: Setting CVar [[r.GPUCrashDebugging:0]]
[2019.11.28-14.23.42:133][  0]LogConfig: Setting CVar [[r.DefaultFeature.AutoExposure.ExtendDefaultLuminanceRange:1]]
[2019.11.28-14.23.42:133][  0]LogConfig: Applying CVar settings from Section [/Script/Engine.RendererOverrideSettings] File [E:/Unreal/UnrealEngineLecture/BuildingEscape/Saved/Config/Windows/Engine.ini]
[2019.11.28-14.23.42:133][  0]LogConfig: Applying CVar settings from Section [/Script/Engine.StreamingSettings] File [E:/Unreal/UnrealEngineLecture/BuildingEscape/Saved/Config/Windows/Engine.ini]
[2019.11.28-14.23.42:133][  0]LogConfig: Setting CVar [[s.MinBulkDataSizeForAsyncLoading:131072]]
[2019.11.28-14.23.42:133][  0]LogConfig: Setting CVar [[s.AsyncLoadingThreadEnabled:0]]
[2019.11.28-14.23.42:133][  0]LogConfig: Setting CVar [[s.EventDrivenLoaderEnabled:1]]
[2019.11.28-14.23.42:133][  0]LogConfig: Setting CVar [[s.WarnIfTimeLimitExceeded:0]]
[2019.11.28-14.23.42:133][  0]LogConfig: Setting CVar [[s.TimeLimitExceededMultiplier:1.5]]
[2019.11.28-14.23.42:133][  0]LogConfig: Setting CVar [[s.TimeLimitExceededMinTime:0.005]]
[2019.11.28-14.23.42:133][  0]LogConfig: Setting CVar [[s.UseBackgroundLevelStreaming:1]]
[2019.11.28-14.23.42:133][  0]LogConfig: Setting CVar [[s.PriorityAsyncLoadingExtraTime:15.0]]
[2019.11.28-14.23.42:133][  0]LogConfig: Setting CVar [[s.LevelStreamingActorsUpdateTimeLimit:5.0]]
[2019.11.28-14.23.42:133][  0]LogConfig: Setting CVar [[s.PriorityLevelStreamingActorsUpdateExtraTime:5.0]]
[2019.11.28-14.23.42:133][  0]LogConfig: Setting CVar [[s.LevelStreamingComponentsRegistrationGranularity:10]]
[2019.11.28-14.23.42:134][  0]LogConfig: Setting CVar [[s.UnregisterComponentsTimeLimit:1.0]]
[2019.11.28-14.23.42:134][  0]LogConfig: Setting CVar [[s.LevelStreamingComponentsUnregistrationGranularity:5]]
[2019.11.28-14.23.42:134][  0]LogConfig: Applying CVar settings from Section [/Script/Engine.GarbageCollectionSettings] File [E:/Unreal/UnrealEngineLecture/BuildingEscape/Saved/Config/Windows/Engine.ini]
[2019.11.28-14.23.42:134][  0]LogConfig: Setting CVar [[gc.MaxObjectsNotConsideredByGC:1]]
[2019.11.28-14.23.42:134][  0]LogConfig: Setting CVar [[gc.SizeOfPermanentObjectPool:0]]
[2019.11.28-14.23.42:134][  0]LogConfig: Setting CVar [[gc.FlushStreamingOnGC:0]]
[2019.11.28-14.23.42:134][  0]LogConfig: Setting CVar [[gc.NumRetriesBeforeForcingGC:10]]
[2019.11.28-14.23.42:134][  0]LogConfig: Setting CVar [[gc.AllowParallelGC:1]]
[2019.11.28-14.23.42:134][  0]LogConfig: Setting CVar [[gc.TimeBetweenPurgingPendingKillObjects:61.1]]
[2019.11.28-14.23.42:134][  0]LogConfig: Setting CVar [[gc.MaxObjectsInEditor:16777216]]
[2019.11.28-14.23.42:134][  0]LogConfig: Setting CVar [[gc.IncrementalBeginDestroyEnabled:1]]
[2019.11.28-14.23.42:134][  0]LogConfig: Setting CVar [[gc.CreateGCClusters:1]]
[2019.11.28-14.23.42:134][  0]LogConfig: Setting CVar [[gc.MinGCClusterSize:5]]
[2019.11.28-14.23.42:134][  0]LogConfig: Setting CVar [[gc.ActorClusteringEnabled:0]]
[2019.11.28-14.23.42:134][  0]LogConfig: Setting CVar [[gc.BlueprintClusteringEnabled:0]]
[2019.11.28-14.23.42:134][  0]LogConfig: Setting CVar [[gc.UseDisregardForGCOnDedicatedServers:0]]
[2019.11.28-14.23.42:134][  0]LogConfig: Applying CVar settings from Section [/Script/Engine.NetworkSettings] File [E:/Unreal/UnrealEngineLecture/BuildingEscape/Saved/Config/Windows/Engine.ini]
[2019.11.28-14.23.42:135][  0]LogConfig: Applying CVar settings from Section [/Script/UnrealEd.CookerSettings] File [E:/Unreal/UnrealEngineLecture/BuildingEscape/Saved/Config/Windows/Engine.ini]
[2019.11.28-14.23.42:141][  0]LogConfig: Applying CVar settings from Section [ViewDistanceQuality@3] File [E:/Unreal/UnrealEngineLecture/BuildingEscape/Saved/Config/Windows/Scalability.ini]
[2019.11.28-14.23.42:141][  0]LogConfig: Setting CVar [[r.SkeletalMeshLODBias:0]]
[2019.11.28-14.23.42:141][  0]LogConfig: Setting CVar [[r.ViewDistanceScale:1.0]]
[2019.11.28-14.23.42:141][  0]LogConfig: Applying CVar settings from Section [AntiAliasingQuality@3] File [E:/Unreal/UnrealEngineLecture/BuildingEscape/Saved/Config/Windows/Scalability.ini]
[2019.11.28-14.23.42:141][  0]LogConfig: Setting CVar [[r.PostProcessAAQuality:4]]
[2019.11.28-14.23.42:141][  0]LogConfig: Applying CVar settings from Section [ShadowQuality@3] File [E:/Unreal/UnrealEngineLecture/BuildingEscape/Saved/Config/Windows/Scalability.ini]
[2019.11.28-14.23.42:141][  0]LogConfig: Setting CVar [[r.LightFunctionQuality:1]]
[2019.11.28-14.23.42:141][  0]LogConfig: Setting CVar [[r.ShadowQuality:5]]
[2019.11.28-14.23.42:141][  0]LogConfig: Setting CVar [[r.Shadow.CSM.MaxCascades:10]]
[2019.11.28-14.23.42:142][  0]LogConfig: Setting CVar [[r.Shadow.MaxResolution:2048]]
[2019.11.28-14.23.42:142][  0]LogConfig: Setting CVar [[r.Shadow.MaxCSMResolution:2048]]
[2019.11.28-14.23.42:142][  0]LogConfig: Setting CVar [[r.Shadow.RadiusThreshold:0.01]]
[2019.11.28-14.23.42:142][  0]LogConfig: Setting CVar [[r.Shadow.DistanceScale:1.0]]
[2019.11.28-14.23.42:142][  0]LogConfig: Setting CVar [[r.Shadow.CSM.TransitionScale:1.0]]
[2019.11.28-14.23.42:142][  0]LogConfig: Setting CVar [[r.Shadow.PreShadowResolutionFactor:1.0]]
[2019.11.28-14.23.42:142][  0]LogConfig: Setting CVar [[r.DistanceFieldShadowing:1]]
[2019.11.28-14.23.42:142][  0]LogConfig: Setting CVar [[r.DistanceFieldAO:1]]
[2019.11.28-14.23.42:142][  0]LogConfig: Setting CVar [[r.AOQuality:2]]
[2019.11.28-14.23.42:142][  0]LogConfig: Setting CVar [[r.VolumetricFog:1]]
[2019.11.28-14.23.42:142][  0]LogConfig: Setting CVar [[r.VolumetricFog.GridPixelSize:8]]
[2019.11.28-14.23.42:142][  0]LogConfig: Setting CVar [[r.VolumetricFog.GridSizeZ:128]]
[2019.11.28-14.23.42:142][  0]LogConfig: Setting CVar [[r.VolumetricFog.HistoryMissSupersampleCount:4]]
[2019.11.28-14.23.42:142][  0]LogConfig: Setting CVar [[r.LightMaxDrawDistanceScale:1]]
[2019.11.28-14.23.42:142][  0]LogConfig: Setting CVar [[r.CapsuleShadows:1]]
[2019.11.28-14.23.42:142][  0]LogConfig: Applying CVar settings from Section [PostProcessQuality@3] File [E:/Unreal/UnrealEngineLecture/BuildingEscape/Saved/Config/Windows/Scalability.ini]
[2019.11.28-14.23.42:142][  0]LogConfig: Setting CVar [[r.MotionBlurQuality:4]]
[2019.11.28-14.23.42:143][  0]LogConfig: Setting CVar [[r.AmbientOcclusionMipLevelFactor:0.4]]
[2019.11.28-14.23.42:143][  0]LogConfig: Setting CVar [[r.AmbientOcclusionMaxQuality:100]]
[2019.11.28-14.23.42:143][  0]LogConfig: Setting CVar [[r.AmbientOcclusionLevels:-1]]
[2019.11.28-14.23.42:143][  0]LogConfig: Setting CVar [[r.AmbientOcclusionRadiusScale:1.0]]
[2019.11.28-14.23.42:143][  0]LogConfig: Setting CVar [[r.DepthOfFieldQuality:2]]
[2019.11.28-14.23.42:143][  0]LogConfig: Setting CVar [[r.RenderTargetPoolMin:400]]
[2019.11.28-14.23.42:143][  0]LogConfig: Setting CVar [[r.LensFlareQuality:2]]
[2019.11.28-14.23.42:143][  0]LogConfig: Setting CVar [[r.SceneColorFringeQuality:1]]
[2019.11.28-14.23.42:143][  0]LogConfig: Setting CVar [[r.EyeAdaptationQuality:2]]
[2019.11.28-14.23.42:143][  0]LogConfig: Setting CVar [[r.BloomQuality:5]]
[2019.11.28-14.23.42:143][  0]LogConfig: Setting CVar [[r.FastBlurThreshold:100]]
[2019.11.28-14.23.42:143][  0]LogConfig: Setting CVar [[r.Upscale.Quality:3]]
[2019.11.28-14.23.42:143][  0]LogConfig: Setting CVar [[r.Tonemapper.GrainQuantization:1]]
[2019.11.28-14.23.42:143][  0]LogConfig: Setting CVar [[r.LightShaftQuality:1]]
[2019.11.28-14.23.42:143][  0]LogConfig: Setting CVar [[r.Filter.SizeScale:1]]
[2019.11.28-14.23.42:143][  0]LogConfig: Setting CVar [[r.Tonemapper.Quality:5]]
[2019.11.28-14.23.42:143][  0]LogConfig: Setting CVar [[r.DOF.Gather.AccumulatorQuality:1        ; higher gathering accumulator quality]]
[2019.11.28-14.23.42:143][  0]LogConfig: Setting CVar [[r.DOF.Gather.PostfilterMethod:1          ; Median3x3 postfilering method]]
[2019.11.28-14.23.42:143][  0]LogConfig: Setting CVar [[r.DOF.Gather.EnableBokehSettings:0       ; no bokeh simulation when gathering]]
[2019.11.28-14.23.42:144][  0]LogConfig: Setting CVar [[r.DOF.Gather.RingCount:4                 ; medium number of samples when gathering]]
[2019.11.28-14.23.42:144][  0]LogConfig: Setting CVar [[r.DOF.Scatter.ForegroundCompositing:1    ; additive foreground scattering]]
[2019.11.28-14.23.42:144][  0]LogConfig: Setting CVar [[r.DOF.Scatter.BackgroundCompositing:2    ; additive background scattering]]
[2019.11.28-14.23.42:144][  0]LogConfig: Setting CVar [[r.DOF.Scatter.EnableBokehSettings:1      ; bokeh simulation when scattering]]
[2019.11.28-14.23.42:144][  0]LogConfig: Setting CVar [[r.DOF.Scatter.MaxSpriteRatio:0.1         ; only a maximum of 10% of scattered bokeh]]
[2019.11.28-14.23.42:144][  0]LogConfig: Setting CVar [[r.DOF.Recombine.Quality:1                ; cheap slight out of focus]]
[2019.11.28-14.23.42:144][  0]LogConfig: Setting CVar [[r.DOF.Recombine.EnableBokehSettings:0    ; no bokeh simulation on slight out of focus]]
[2019.11.28-14.23.42:144][  0]LogConfig: Setting CVar [[r.DOF.TemporalAAQuality:1                ; more stable temporal accumulation]]
[2019.11.28-14.23.42:144][  0]LogConfig: Setting CVar [[r.DOF.Kernel.MaxForegroundRadius:0.025]]
[2019.11.28-14.23.42:144][  0]LogConfig: Setting CVar [[r.DOF.Kernel.MaxBackgroundRadius:0.025]]
[2019.11.28-14.23.42:144][  0]LogConfig: Applying CVar settings from Section [TextureQuality@3] File [E:/Unreal/UnrealEngineLecture/BuildingEscape/Saved/Config/Windows/Scalability.ini]
[2019.11.28-14.23.42:144][  0]LogConfig: Setting CVar [[r.Streaming.MipBias:0]]
[2019.11.28-14.23.42:144][  0]LogConfig: Setting CVar [[r.Streaming.AmortizeCPUToGPUCopy:0]]
[2019.11.28-14.23.42:144][  0]LogConfig: Setting CVar [[r.Streaming.MaxNumTexturesToStreamPerFrame:0]]
[2019.11.28-14.23.42:144][  0]LogConfig: Setting CVar [[r.Streaming.Boost:1]]
[2019.11.28-14.23.42:144][  0]LogConfig: Setting CVar [[r.MaxAnisotropy:8]]
[2019.11.28-14.23.42:144][  0]LogConfig: Setting CVar [[r.Streaming.LimitPoolSizeToVRAM:0]]
[2019.11.28-14.23.42:144][  0]LogConfig: Setting CVar [[r.Streaming.PoolSize:1000]]
[2019.11.28-14.23.42:145][  0]LogConfig: Setting CVar [[r.Streaming.MaxEffectiveScreenSize:0]]
[2019.11.28-14.23.42:145][  0]LogConfig: Applying CVar settings from Section [EffectsQuality@3] File [E:/Unreal/UnrealEngineLecture/BuildingEscape/Saved/Config/Windows/Scalability.ini]
[2019.11.28-14.23.42:145][  0]LogConfig: Setting CVar [[r.TranslucencyLightingVolumeDim:64]]
[2019.11.28-14.23.42:145][  0]LogConfig: Setting CVar [[r.RefractionQuality:2]]
[2019.11.28-14.23.42:145][  0]LogConfig: Setting CVar [[r.SSR.Quality:3]]
[2019.11.28-14.23.42:145][  0]LogConfig: Setting CVar [[r.SceneColorFormat:4]]
[2019.11.28-14.23.42:145][  0]LogConfig: Setting CVar [[r.DetailMode:2]]
[2019.11.28-14.23.42:145][  0]LogConfig: Setting CVar [[r.TranslucencyVolumeBlur:1]]
[2019.11.28-14.23.42:145][  0]LogConfig: Setting CVar [[r.MaterialQualityLevel:1 ; High quality]]
[2019.11.28-14.23.42:145][  0]LogConfig: Setting CVar [[r.SSS.Scale:1]]
[2019.11.28-14.23.42:145][  0]LogConfig: Setting CVar [[r.SSS.SampleSet:2]]
[2019.11.28-14.23.42:145][  0]LogConfig: Setting CVar [[r.SSS.Quality:1]]
[2019.11.28-14.23.42:145][  0]LogConfig: Setting CVar [[r.SSS.HalfRes:1]]
[2019.11.28-14.23.42:145][  0]LogConfig: Setting CVar [[r.EmitterSpawnRateScale:1.0]]
[2019.11.28-14.23.42:145][  0]LogConfig: Setting CVar [[r.ParticleLightQuality:2]]
[2019.11.28-14.23.42:145][  0]LogConfig: Applying CVar settings from Section [FoliageQuality@3] File [E:/Unreal/UnrealEngineLecture/BuildingEscape/Saved/Config/Windows/Scalability.ini]
[2019.11.28-14.23.42:145][  0]LogConfig: Setting CVar [[foliage.DensityScale:1.0]]
[2019.11.28-14.23.42:145][  0]LogConfig: Setting CVar [[grass.DensityScale:1.0]]
[2019.11.28-14.23.42:145][  0]LogInit: Selected Device Profile: [Windows]
[2019.11.28-14.23.42:146][  0]LogInit: Applying CVar settings loaded from the selected device profile: [Windows]
[2019.11.28-14.23.42:148][  0]LogHAL: Display: Platform has ~ 16 GB [17090883584 / 17179869184 / 16], which maps to Larger [LargestMinGB=32, LargerMinGB=12, DefaultMinGB=8, SmallerMinGB=6, SmallestMinGB=0)
[2019.11.28-14.23.42:148][  0]LogInit: Going up to parent DeviceProfile []
[2019.11.28-14.23.42:148][  0]LogConfig: Applying CVar settings from Section [ViewDistanceQuality@3] File [E:/Unreal/UnrealEngineLecture/BuildingEscape/Saved/Config/Windows/Scalability.ini]
[2019.11.28-14.23.42:148][  0]LogConfig: Setting CVar [[r.SkeletalMeshLODBias:0]]
[2019.11.28-14.23.42:148][  0]LogConfig: Setting CVar [[r.ViewDistanceScale:1.0]]
[2019.11.28-14.23.42:148][  0]LogConfig: Applying CVar settings from Section [AntiAliasingQuality@3] File [E:/Unreal/UnrealEngineLecture/BuildingEscape/Saved/Config/Windows/Scalability.ini]
[2019.11.28-14.23.42:148][  0]LogConfig: Setting CVar [[r.PostProcessAAQuality:4]]
[2019.11.28-14.23.42:148][  0]LogConfig: Applying CVar settings from Section [ShadowQuality@3] File [E:/Unreal/UnrealEngineLecture/BuildingEscape/Saved/Config/Windows/Scalability.ini]
[2019.11.28-14.23.42:148][  0]LogConfig: Setting CVar [[r.LightFunctionQuality:1]]
[2019.11.28-14.23.42:148][  0]LogConfig: Setting CVar [[r.ShadowQuality:5]]
[2019.11.28-14.23.42:148][  0]LogConfig: Setting CVar [[r.Shadow.CSM.MaxCascades:10]]
[2019.11.28-14.23.42:149][  0]LogConfig: Setting CVar [[r.Shadow.MaxResolution:2048]]
[2019.11.28-14.23.42:149][  0]LogConfig: Setting CVar [[r.Shadow.MaxCSMResolution:2048]]
[2019.11.28-14.23.42:149][  0]LogConfig: Setting CVar [[r.Shadow.RadiusThreshold:0.01]]
[2019.11.28-14.23.42:149][  0]LogConfig: Setting CVar [[r.Shadow.DistanceScale:1.0]]
[2019.11.28-14.23.42:149][  0]LogConfig: Setting CVar [[r.Shadow.CSM.TransitionScale:1.0]]
[2019.11.28-14.23.42:149][  0]LogConfig: Setting CVar [[r.Shadow.PreShadowResolutionFactor:1.0]]
[2019.11.28-14.23.42:149][  0]LogConfig: Setting CVar [[r.DistanceFieldShadowing:1]]
[2019.11.28-14.23.42:149][  0]LogConfig: Setting CVar [[r.DistanceFieldAO:1]]
[2019.11.28-14.23.42:149][  0]LogConfig: Setting CVar [[r.AOQuality:2]]
[2019.11.28-14.23.42:149][  0]LogConfig: Setting CVar [[r.VolumetricFog:1]]
[2019.11.28-14.23.42:149][  0]LogConfig: Setting CVar [[r.VolumetricFog.GridPixelSize:8]]
[2019.11.28-14.23.42:149][  0]LogConfig: Setting CVar [[r.VolumetricFog.GridSizeZ:128]]
[2019.11.28-14.23.42:149][  0]LogConfig: Setting CVar [[r.VolumetricFog.HistoryMissSupersampleCount:4]]
[2019.11.28-14.23.42:149][  0]LogConfig: Setting CVar [[r.LightMaxDrawDistanceScale:1]]
[2019.11.28-14.23.42:149][  0]LogConfig: Setting CVar [[r.CapsuleShadows:1]]
[2019.11.28-14.23.42:149][  0]LogConfig: Applying CVar settings from Section [PostProcessQuality@3] File [E:/Unreal/UnrealEngineLecture/BuildingEscape/Saved/Config/Windows/Scalability.ini]
[2019.11.28-14.23.42:149][  0]LogConfig: Setting CVar [[r.MotionBlurQuality:4]]
[2019.11.28-14.23.42:149][  0]LogConfig: Setting CVar [[r.AmbientOcclusionMipLevelFactor:0.4]]
[2019.11.28-14.23.42:150][  0]LogConfig: Setting CVar [[r.AmbientOcclusionMaxQuality:100]]
[2019.11.28-14.23.42:150][  0]LogConfig: Setting CVar [[r.AmbientOcclusionLevels:-1]]
[2019.11.28-14.23.42:150][  0]LogConfig: Setting CVar [[r.AmbientOcclusionRadiusScale:1.0]]
[2019.11.28-14.23.42:150][  0]LogConfig: Setting CVar [[r.DepthOfFieldQuality:2]]
[2019.11.28-14.23.42:150][  0]LogConfig: Setting CVar [[r.RenderTargetPoolMin:400]]
[2019.11.28-14.23.42:150][  0]LogConfig: Setting CVar [[r.LensFlareQuality:2]]
[2019.11.28-14.23.42:150][  0]LogConfig: Setting CVar [[r.SceneColorFringeQuality:1]]
[2019.11.28-14.23.42:150][  0]LogConfig: Setting CVar [[r.EyeAdaptationQuality:2]]
[2019.11.28-14.23.42:150][  0]LogConfig: Setting CVar [[r.BloomQuality:5]]
[2019.11.28-14.23.42:150][  0]LogConfig: Setting CVar [[r.FastBlurThreshold:100]]
[2019.11.28-14.23.42:150][  0]LogConfig: Setting CVar [[r.Upscale.Quality:3]]
[2019.11.28-14.23.42:150][  0]LogConfig: Setting CVar [[r.Tonemapper.GrainQuantization:1]]
[2019.11.28-14.23.42:150][  0]LogConfig: Setting CVar [[r.LightShaftQuality:1]]
[2019.11.28-14.23.42:150][  0]LogConfig: Setting CVar [[r.Filter.SizeScale:1]]
[2019.11.28-14.23.42:150][  0]LogConfig: Setting CVar [[r.Tonemapper.Quality:5]]
[2019.11.28-14.23.42:150][  0]LogConfig: Setting CVar [[r.DOF.Gather.AccumulatorQuality:1        ; higher gathering accumulator quality]]
[2019.11.28-14.23.42:150][  0]LogConfig: Setting CVar [[r.DOF.Gather.PostfilterMethod:1          ; Median3x3 postfilering method]]
[2019.11.28-14.23.42:150][  0]LogConfig: Setting CVar [[r.DOF.Gather.EnableBokehSettings:0       ; no bokeh simulation when gathering]]
[2019.11.28-14.23.42:151][  0]LogConfig: Setting CVar [[r.DOF.Gather.RingCount:4                 ; medium number of samples when gathering]]
[2019.11.28-14.23.42:151][  0]LogConfig: Setting CVar [[r.DOF.Scatter.ForegroundCompositing:1    ; additive foreground scattering]]
[2019.11.28-14.23.42:151][  0]LogConfig: Setting CVar [[r.DOF.Scatter.BackgroundCompositing:2    ; additive background scattering]]
[2019.11.28-14.23.42:151][  0]LogConfig: Setting CVar [[r.DOF.Scatter.EnableBokehSettings:1      ; bokeh simulation when scattering]]
[2019.11.28-14.23.42:151][  0]LogConfig: Setting CVar [[r.DOF.Scatter.MaxSpriteRatio:0.1         ; only a maximum of 10% of scattered bokeh]]
[2019.11.28-14.23.42:151][  0]LogConfig: Setting CVar [[r.DOF.Recombine.Quality:1                ; cheap slight out of focus]]
[2019.11.28-14.23.42:151][  0]LogConfig: Setting CVar [[r.DOF.Recombine.EnableBokehSettings:0    ; no bokeh simulation on slight out of focus]]
[2019.11.28-14.23.42:151][  0]LogConfig: Setting CVar [[r.DOF.TemporalAAQuality:1                ; more stable temporal accumulation]]
[2019.11.28-14.23.42:151][  0]LogConfig: Setting CVar [[r.DOF.Kernel.MaxForegroundRadius:0.025]]
[2019.11.28-14.23.42:151][  0]LogConfig: Setting CVar [[r.DOF.Kernel.MaxBackgroundRadius:0.025]]
[2019.11.28-14.23.42:151][  0]LogConfig: Applying CVar settings from Section [TextureQuality@3] File [E:/Unreal/UnrealEngineLecture/BuildingEscape/Saved/Config/Windows/Scalability.ini]
[2019.11.28-14.23.42:151][  0]LogConfig: Setting CVar [[r.Streaming.MipBias:0]]
[2019.11.28-14.23.42:151][  0]LogConfig: Setting CVar [[r.Streaming.AmortizeCPUToGPUCopy:0]]
[2019.11.28-14.23.42:151][  0]LogConfig: Setting CVar [[r.Streaming.MaxNumTexturesToStreamPerFrame:0]]
[2019.11.28-14.23.42:151][  0]LogConfig: Setting CVar [[r.Streaming.Boost:1]]
[2019.11.28-14.23.42:151][  0]LogConfig: Setting CVar [[r.MaxAnisotropy:8]]
[2019.11.28-14.23.42:152][  0]LogConfig: Setting CVar [[r.Streaming.LimitPoolSizeToVRAM:0]]
[2019.11.28-14.23.42:152][  0]LogConfig: Setting CVar [[r.Streaming.PoolSize:1000]]
[2019.11.28-14.23.42:152][  0]LogConfig: Setting CVar [[r.Streaming.MaxEffectiveScreenSize:0]]
[2019.11.28-14.23.42:152][  0]LogConfig: Applying CVar settings from Section [EffectsQuality@3] File [E:/Unreal/UnrealEngineLecture/BuildingEscape/Saved/Config/Windows/Scalability.ini]
[2019.11.28-14.23.42:152][  0]LogConfig: Setting CVar [[r.TranslucencyLightingVolumeDim:64]]
[2019.11.28-14.23.42:152][  0]LogConfig: Setting CVar [[r.RefractionQuality:2]]
[2019.11.28-14.23.42:152][  0]LogConfig: Setting CVar [[r.SSR.Quality:3]]
[2019.11.28-14.23.42:152][  0]LogConfig: Setting CVar [[r.SceneColorFormat:4]]
[2019.11.28-14.23.42:152][  0]LogConfig: Setting CVar [[r.DetailMode:2]]
[2019.11.28-14.23.42:152][  0]LogConfig: Setting CVar [[r.TranslucencyVolumeBlur:1]]
[2019.11.28-14.23.42:152][  0]LogConfig: Setting CVar [[r.MaterialQualityLevel:1 ; High quality]]
[2019.11.28-14.23.42:152][  0]LogConfig: Setting CVar [[r.SSS.Scale:1]]
[2019.11.28-14.23.42:152][  0]LogConfig: Setting CVar [[r.SSS.SampleSet:2]]
[2019.11.28-14.23.42:152][  0]LogConfig: Setting CVar [[r.SSS.Quality:1]]
[2019.11.28-14.23.42:152][  0]LogConfig: Setting CVar [[r.SSS.HalfRes:1]]
[2019.11.28-14.23.42:152][  0]LogConfig: Setting CVar [[r.EmitterSpawnRateScale:1.0]]
[2019.11.28-14.23.42:152][  0]LogConfig: Setting CVar [[r.ParticleLightQuality:2]]
[2019.11.28-14.23.42:153][  0]LogConfig: Applying CVar settings from Section [FoliageQuality@3] File [E:/Unreal/UnrealEngineLecture/BuildingEscape/Saved/Config/Windows/Scalability.ini]
[2019.11.28-14.23.42:153][  0]LogConfig: Setting CVar [[foliage.DensityScale:1.0]]
[2019.11.28-14.23.42:153][  0]LogConfig: Setting CVar [[grass.DensityScale:1.0]]
[2019.11.28-14.23.42:153][  0]LogConfig: Applying CVar settings from Section [Startup] File [../../../Engine/Config/ConsoleVariables.ini]
[2019.11.28-14.23.42:153][  0]LogConfig: Setting CVar [[net.UseAdaptiveNetUpdateFrequency:0]]
[2019.11.28-14.23.42:153][  0]LogConfig: Setting CVar [[p.chaos.AllowCreatePhysxBodies:1]]
[2019.11.28-14.23.42:153][  0]LogConfig: Applying CVar settings from Section [ConsoleVariables] File [E:/Unreal/UnrealEngineLecture/BuildingEscape/Saved/Config/Windows/Engine.ini]
[2019.11.28-14.23.42:153][  0]LogInit: Computer: DESKTOP-QA6POHN
[2019.11.28-14.23.42:153][  0]LogInit: User: Leedongheon
[2019.11.28-14.23.42:153][  0]LogInit: CPU Page size=4096, Cores=8
[2019.11.28-14.23.42:153][  0]LogInit: High frequency timer resolution =10.000000 MHz
[2019.11.28-14.23.42:154][  0]LogMemory: Memory total: Physical=15.9GB (16GB approx)
[2019.11.28-14.23.42:154][  0]LogMemory: Platform Memory Stats for Windows
[2019.11.28-14.23.42:154][  0]LogMemory: Process Physical Memory: 101.97 MB used, 101.97 MB peak
[2019.11.28-14.23.42:154][  0]LogMemory: Process Virtual Memory: 90.39 MB used, 90.39 MB peak
[2019.11.28-14.23.42:154][  0]LogMemory: Physical Memory: 8293.62 MB used,  8005.52 MB free, 16299.14 MB total
[2019.11.28-14.23.42:154][  0]LogMemory: Virtual Memory: 4691.30 MB used,  134213040.00 MB free, 134217728.00 MB total
[2019.11.28-14.23.42:510][  0]LogWindows: WindowsPlatformFeatures enabled
[2019.11.28-14.23.42:769][  0]LogInit: Overriding language with editor language configuration option (en).
[2019.11.28-14.23.42:769][  0]LogInit: Overriding locale with editor culture configuration option ().
[2019.11.28-14.23.42:769][  0]LogInit: Using OS detected locale (ko-KR).
[2019.11.28-14.23.42:920][  0]LogInit: Setting process to per monitor DPI aware
[2019.11.28-14.23.43:002][  0]LogSlate: New Slate User Created.  User Index 0, Is Virtual User: 0
[2019.11.28-14.23.43:002][  0]LogSlate: Slate User Registered.  User Index 0, Is Virtual User: 0
[2019.11.28-14.23.43:161][  0]LogHMD: Failed to initialize OpenVR with code 110
[2019.11.28-14.23.43:161][  0]LogD3D11RHI: D3D11 adapters:
[2019.11.28-14.23.43:277][  0]LogD3D11RHI:    0. 'NVIDIA GeForce RTX 2080' (Feature Level 11_0)
[2019.11.28-14.23.43:277][  0]LogD3D11RHI:       8010/0/8149 MB DedicatedVideo/DedicatedSystem/SharedSystem, Outputs:1, VendorId:0x10de
[2019.11.28-14.23.43:284][  0]LogD3D11RHI:    1. 'Microsoft Basic Render Driver' (Feature Level 11_0)
[2019.11.28-14.23.43:285][  0]LogD3D11RHI:       0/0/8149 MB DedicatedVideo/DedicatedSystem/SharedSystem, Outputs:0, VendorId:0x1414
[2019.11.28-14.23.43:285][  0]LogD3D11RHI: Chosen D3D11 Adapter: 0
[2019.11.28-14.23.43:294][  0]LogD3D11RHI: Creating new Direct3DDevice
[2019.11.28-14.23.43:294][  0]LogD3D11RHI:     GPU DeviceId: 0x1e87 (for the marketing name, search the web for "GPU Device Id")
[2019.11.28-14.23.43:294][  0]LogWindows: EnumDisplayDevices:
[2019.11.28-14.23.43:295][  0]LogWindows:    0. 'NVIDIA GeForce RTX 2080' (P:1 D:1)
[2019.11.28-14.23.43:295][  0]LogWindows:    1. 'NVIDIA GeForce RTX 2080' (P:0 D:0)
[2019.11.28-14.23.43:295][  0]LogWindows:    2. 'NVIDIA GeForce RTX 2080' (P:0 D:0)
[2019.11.28-14.23.43:296][  0]LogWindows:    3. 'NVIDIA GeForce RTX 2080' (P:0 D:0)
[2019.11.28-14.23.43:296][  0]LogWindows: DebugString: FoundDriverCount:4 
[2019.11.28-14.23.43:296][  0]LogD3D11RHI:     Adapter Name: NVIDIA GeForce RTX 2080
[2019.11.28-14.23.43:296][  0]LogD3D11RHI:   Driver Version: 441.41 (internal:26.21.14.4141, unified:441.41)
[2019.11.28-14.23.43:296][  0]LogD3D11RHI:      Driver Date: 11-20-2019
[2019.11.28-14.23.43:296][  0]LogRHI: Texture pool is 5607 MB (70% of 8010 MB)
[2019.11.28-14.23.43:353][  0]LogD3D11RHI: Async texture creation enabled
[2019.11.28-14.23.43:371][  0]LogD3D11RHI: GPU Timing Frequency: 1000.000000 (Debug: 2 1)
[2019.11.28-14.23.43:645][  0]LogTemp: Display: Module 'AllDesktopTargetPlatform' loaded TargetPlatform 'AllDesktop'
[2019.11.28-14.23.43:654][  0]LogTemp: Display: Module 'MacClientTargetPlatform' loaded TargetPlatform 'MacClient'
[2019.11.28-14.23.43:663][  0]LogTemp: Display: Module 'MacNoEditorTargetPlatform' loaded TargetPlatform 'MacNoEditor'
[2019.11.28-14.23.43:673][  0]LogTemp: Display: Module 'MacServerTargetPlatform' loaded TargetPlatform 'MacServer'
[2019.11.28-14.23.43:682][  0]LogTemp: Display: Module 'MacTargetPlatform' loaded TargetPlatform 'Mac'
[2019.11.28-14.23.43:692][  0]LogTemp: Display: Module 'WindowsClientTargetPlatform' loaded TargetPlatform 'WindowsClient'
[2019.11.28-14.23.43:702][  0]LogTemp: Display: Module 'WindowsNoEditorTargetPlatform' loaded TargetPlatform 'WindowsNoEditor'
[2019.11.28-14.23.43:712][  0]LogTemp: Display: Module 'WindowsServerTargetPlatform' loaded TargetPlatform 'WindowsServer'
[2019.11.28-14.23.43:717][  0]LogTemp: Display: Module 'WindowsTargetPlatform' loaded TargetPlatform 'Windows'
[2019.11.28-14.23.43:749][  0]LogTemp: Display: Module 'AndroidTargetPlatform' loaded TargetPlatform 'Android'
[2019.11.28-14.23.43:749][  0]LogTemp: Display: Module 'AndroidTargetPlatform' loaded TargetPlatform 'Android_ASTC'
[2019.11.28-14.23.43:749][  0]LogTemp: Display: Module 'AndroidTargetPlatform' loaded TargetPlatform 'Android_ATC'
[2019.11.28-14.23.43:749][  0]LogTemp: Display: Module 'AndroidTargetPlatform' loaded TargetPlatform 'Android_DXT'
[2019.11.28-14.23.43:749][  0]LogTemp: Display: Module 'AndroidTargetPlatform' loaded TargetPlatform 'Android_ETC1'
[2019.11.28-14.23.43:749][  0]LogTemp: Display: Module 'AndroidTargetPlatform' loaded TargetPlatform 'Android_ETC1a'
[2019.11.28-14.23.43:749][  0]LogTemp: Display: Module 'AndroidTargetPlatform' loaded TargetPlatform 'Android_ETC2'
[2019.11.28-14.23.43:749][  0]LogTemp: Display: Module 'AndroidTargetPlatform' loaded TargetPlatform 'Android_PVRTC'
[2019.11.28-14.23.43:749][  0]LogTemp: Display: Module 'AndroidTargetPlatform' loaded TargetPlatform 'AndroidClient'
[2019.11.28-14.23.43:750][  0]LogTemp: Display: Module 'AndroidTargetPlatform' loaded TargetPlatform 'Android_ASTCClient'
[2019.11.28-14.23.43:750][  0]LogTemp: Display: Module 'AndroidTargetPlatform' loaded TargetPlatform 'Android_ATCClient'
[2019.11.28-14.23.43:750][  0]LogTemp: Display: Module 'AndroidTargetPlatform' loaded TargetPlatform 'Android_DXTClient'
[2019.11.28-14.23.43:750][  0]LogTemp: Display: Module 'AndroidTargetPlatform' loaded TargetPlatform 'Android_ETC1Client'
[2019.11.28-14.23.43:750][  0]LogTemp: Display: Module 'AndroidTargetPlatform' loaded TargetPlatform 'Android_ETC1aClient'
[2019.11.28-14.23.43:750][  0]LogTemp: Display: Module 'AndroidTargetPlatform' loaded TargetPlatform 'Android_ETC2Client'
[2019.11.28-14.23.43:750][  0]LogTemp: Display: Module 'AndroidTargetPlatform' loaded TargetPlatform 'Android_PVRTCClient'
[2019.11.28-14.23.43:750][  0]LogTemp: Display: Module 'AndroidTargetPlatform' loaded TargetPlatform 'Android_Multi'
[2019.11.28-14.23.43:750][  0]LogTemp: Display: Module 'AndroidTargetPlatform' loaded TargetPlatform 'Android_MultiClient'
[2019.11.28-14.23.43:753][  0]LogTemp: Display: Module 'HTML5TargetPlatform' loaded TargetPlatform 'HTML5'
[2019.11.28-14.23.43:774][  0]LogTemp: Display: Module 'IOSTargetPlatform' loaded TargetPlatform 'IOSClient'
[2019.11.28-14.23.43:774][  0]LogTemp: Display: Module 'IOSTargetPlatform' loaded TargetPlatform 'IOS'
[2019.11.28-14.23.43:787][  0]LogTemp: Display: Module 'TVOSTargetPlatform' loaded TargetPlatform 'TVOSClient'
[2019.11.28-14.23.43:788][  0]LogTemp: Display: Module 'TVOSTargetPlatform' loaded TargetPlatform 'TVOS'
[2019.11.28-14.23.43:795][  0]LogTemp: Display: Module 'LinuxClientTargetPlatform' loaded TargetPlatform 'LinuxClient'
[2019.11.28-14.23.43:803][  0]LogTemp: Display: Module 'LinuxNoEditorTargetPlatform' loaded TargetPlatform 'LinuxNoEditor'
[2019.11.28-14.23.43:811][  0]LogTemp: Display: Module 'LinuxServerTargetPlatform' loaded TargetPlatform 'LinuxServer'
[2019.11.28-14.23.43:820][  0]LogTemp: Display: Module 'LinuxTargetPlatform' loaded TargetPlatform 'Linux'
[2019.11.28-14.23.43:843][  0]LogTemp: Display: Module 'LuminTargetPlatform' loaded TargetPlatform 'Lumin'
[2019.11.28-14.23.43:843][  0]LogTemp: Display: Module 'LuminTargetPlatform' loaded TargetPlatform 'LuminClient'
[2019.11.28-14.23.43:843][  0]LogTargetPlatformManager: Display: Building Assets For Windows
[2019.11.28-14.23.43:860][  0]LogAudioDebug: Display: Lib vorbis DLL was dynamically loaded.
[2019.11.28-14.23.43:958][  0]LogShaderCompilers: Guid format shader working directory is 9 characters bigger than the processId version (E:/Unreal/UnrealEngineLecture/BuildingEscape/Intermediate/Shaders/WorkingDirectory/20668/).
[2019.11.28-14.23.43:958][  0]LogShaderCompilers: Cleaned the shader compiler working directory 'C:/Users/Lee dong heon/AppData/Local/Temp/UnrealShaderWorkingDir/687F9705499A488090EE0FAF47665793/'.
[2019.11.28-14.23.43:961][  0]LogXGEController: Cannot use XGE Controller as Incredibuild is not installed on this machine.
[2019.11.28-14.23.43:961][  0]LogShaderCompilers: Cannot use XGE Shader Compiler as Incredibuild is not installed on this machine.
[2019.11.28-14.23.43:961][  0]LogShaderCompilers: Display: Using Local Shader Compiler.
[2019.11.28-14.23.44:507][  0]LogDerivedDataCache: Display: Max Cache Size: 512 MB
[2019.11.28-14.23.44:557][  0]LogDerivedDataCache: Loaded boot cache 0.05s 73MB C:/Users/Lee dong heon/AppData/Local/UnrealEngine/4.23/DerivedDataCache/Boot.ddc.
[2019.11.28-14.23.44:557][  0]LogDerivedDataCache: Display: Loaded Boot cache: C:/Users/Lee dong heon/AppData/Local/UnrealEngine/4.23/DerivedDataCache/Boot.ddc
[2019.11.28-14.23.44:557][  0]LogDerivedDataCache: FDerivedDataBackendGraph:  Pak pak cache file E:/Unreal/UnrealEngineLecture/BuildingEscape/DerivedDataCache/DDC.ddp not found, will not use a pak cache.
[2019.11.28-14.23.44:557][  0]LogDerivedDataCache: Unable to find inner node Pak for hierarchical cache Hierarchy.
[2019.11.28-14.23.44:557][  0]LogDerivedDataCache: FDerivedDataBackendGraph:  CompressedPak pak cache file E:/Unreal/UnrealEngineLecture/BuildingEscape/DerivedDataCache/Compressed.ddp not found, will not use a pak cache.
[2019.11.28-14.23.44:557][  0]LogDerivedDataCache: Unable to find inner node CompressedPak for hierarchical cache Hierarchy.
[2019.11.28-14.23.44:567][  0]LogDerivedDataCache: Display: Pak cache opened for reading ../../../Engine/DerivedDataCache/Compressed.ddp.
[2019.11.28-14.23.44:567][  0]LogDerivedDataCache: FDerivedDataBackendGraph:  EnterprisePak pak cache file ../../../Enterprise/DerivedDataCache/Compressed.ddp not found, will not use a pak cache.
[2019.11.28-14.23.44:567][  0]LogDerivedDataCache: Unable to find inner node EnterprisePak for hierarchical cache Hierarchy.
[2019.11.28-14.23.44:570][  0]LogDerivedDataCache: Using Local data cache path C:/Users/Lee dong heon/AppData/Local/UnrealEngine/Common/DerivedDataCache: Writable
[2019.11.28-14.23.44:570][  0]LogDerivedDataCache: Shared data cache path not found in *engine.ini, will not use an Shared cache.
[2019.11.28-14.23.44:570][  0]LogDerivedDataCache: Unable to find inner node Shared for hierarchical cache Hierarchy.
[2019.11.28-14.23.44:587][  0]LogMaterial: Verifying Global Shaders for PCD3D_SM5
[2019.11.28-14.23.44:589][  0]LogSlate: Using FreeType 2.6.0
[2019.11.28-14.23.44:590][  0]LogSlate: SlateFontServices - WITH_FREETYPE: 1, WITH_HARFBUZZ: 1
[2019.11.28-14.23.44:639][  0]LogAssetRegistry: FAssetRegistry took 0.0040 seconds to start up
[2019.11.28-14.23.44:851][  0]LogInit: Selected Device Profile: [Windows]
[2019.11.28-14.23.44:995][  0]LogMeshReduction: Using QuadricMeshReduction for automatic static mesh reduction
[2019.11.28-14.23.44:995][  0]LogMeshReduction: Using SimplygonMeshReduction for automatic skeletal mesh reduction
[2019.11.28-14.23.44:995][  0]LogMeshReduction: Using ProxyLODMeshReduction for automatic mesh merging
[2019.11.28-14.23.44:996][  0]LogMeshReduction: No distributed automatic mesh merging module available
[2019.11.28-14.23.44:996][  0]LogMeshMerging: No distributed automatic mesh merging module available
[2019.11.28-14.23.45:005][  0]LogNetVersion: BuildingEscape 1.0.0, NetCL: 8386587, EngineNetVer: 11, GameNetVer: 0 (Checksum: 1610626118)
[2019.11.28-14.23.45:324][  0]LogPackageLocalizationCache: Processed 12 localized package path(s) for 1 prioritized culture(s) in 0.026861 seconds
[2019.11.28-14.23.45:332][  0]LogUObjectArray: 43444 objects as part of root set at end of initial load.
[2019.11.28-14.23.45:332][  0]LogUObjectAllocator: 7548648 out of 0 bytes used by permanent object pool.
[2019.11.28-14.23.45:332][  0]LogUObjectArray: CloseDisregardForGC: 0/0 objects in disregard for GC pool
[2019.11.28-14.23.46:144][  0]LogTcpMessaging: Initializing TcpMessaging bridge
[2019.11.28-14.23.46:149][  0]LogUdpMessaging: Initializing bridge on interface 0.0.0.0:0 to multicast group 230.0.0.1:6666.
[2019.11.28-14.23.46:240][  0]SourceControl: Source control is disabled
[2019.11.28-14.23.46:240][  0]SourceControl: Source control is disabled
[2019.11.28-14.23.46:242][  0]SourceControl: Source control is disabled
[2019.11.28-14.23.46:245][  0]SourceControl: Source control is disabled
[2019.11.28-14.23.46:376][  0]LogAndroidPermission: UAndroidPermissionCallbackProxy::GetInstance
[2019.11.28-14.23.48:624][  0]LogOcInput: OculusInput pre-init called
[2019.11.28-14.23.48:633][  0]LogWindows: Failed to load 'OVRPlugin.dll' (GetLastError=126)
[2019.11.28-14.23.48:633][  0]LogWindows: File 'OVRPlugin.dll' does not exist
[2019.11.28-14.23.48:699][  0]LogEngine: Initializing Engine...
[2019.11.28-14.23.48:700][  0]LogHMD: Failed to initialize OpenVR with code 110
[2019.11.28-14.23.48:701][  0]LogStats: UGameplayTagsManager::InitializeManager -  0.000 s
[2019.11.28-14.23.48:886][  0]LogInit: Initializing FReadOnlyCVARCache
[2019.11.28-14.23.48:900][  0]LogAIModule: Creating AISystem for world Untitled
[2019.11.28-14.23.48:922][  0]LogInit: XAudio2 using 'BenQ XL2730Z(NVIDIA High Definition Audio)' : 2 channels at 48 kHz using 16 bits per sample (channel mask 0x3)
[2019.11.28-14.23.48:946][  0]LogInit: FAudioDevice initialized.
[2019.11.28-14.23.48:947][  0]LogNetVersion: Set ProjectVersion to 1.0.0.0. Version Checksum will be recalculated on next use.
[2019.11.28-14.23.48:991][  0]LogDerivedDataCache: Saved boot cache 0.05s 73MB C:/Users/Lee dong heon/AppData/Local/UnrealEngine/4.23/DerivedDataCache/Boot.ddc.
[2019.11.28-14.23.49:001][  0]LogInit: Texture streaming: Enabled
[2019.11.28-14.23.49:023][  0]LogEngineSessionManager: EngineSessionManager initialized
[2019.11.28-14.23.49:023][  0]LogEditorSessionSummary: Verbose: Initializing EditorSessionSummaryWriter for editor session tracking
[2019.11.28-14.23.49:024][  0]LogEditorSessionSummary: EditorSessionSummaryWriter initialized
[2019.11.28-14.23.49:052][  0]LogInit: Transaction tracking system initialized
[2019.11.28-14.23.49:092][  0]BlueprintLog: New page: Editor Load
[2019.11.28-14.23.49:182][  0]LocalizationService: Localization service is disabled
[2019.11.28-14.23.49:405][  0]LogFileCache: Scanning file cache for directory 'E:/Unreal/UnrealEngineLecture/BuildingEscape/Content/' took 0.00s
[2019.11.28-14.23.49:405][  0]LogCook: Display: Max memory allowance for cook 16384mb min free memory 0mb
[2019.11.28-14.23.49:405][  0]LogCook: Display: Mobile HDR setting 1
[2019.11.28-14.23.49:610][  0]SourceControl: Source control is disabled
[2019.11.28-14.23.49:712][  0]LogSlate: Took 0.000127 seconds to synchronously load lazily loaded font '../../../Engine/Content/Slate/Fonts/Roboto-Regular.ttf' (155K)
[2019.11.28-14.23.55:536][  0]LogSlate: Window 'Restore Packages' being destroyed
[2019.11.28-14.23.55:538][  0]LogWindowsTextInputMethodSystem: Display: IME system now activated using TSF (Microsoft 입력기).
[2019.11.28-14.23.55:556][  0]LogWindowsTextInputMethodSystem: Display: IME system now activated using TSF (Microsoft 입력기).
[2019.11.28-14.23.56:925][  0]LogSlate: Window 'Unable to Check Out From Source Control!' being destroyed
[2019.11.28-14.23.56:927][  0]LogWindowsTextInputMethodSystem: Display: IME system now activated using TSF (Microsoft 입력기).
[2019.11.28-14.23.56:938][  0]LogWindowsTextInputMethodSystem: Display: IME system now activated using TSF (Microsoft 입력기).
[2019.11.28-14.23.56:940][  0]Cmd: MAP LOAD FILE="E:/Unreal/UnrealEngineLecture/BuildingEscape/Saved/Untitled_2.umap" TEMPLATE=0 SHOWPROGRESS=1 FEATURELEVEL=3
[2019.11.28-14.23.56:940][  0]LogEditorServer: Warning: Can't find file 'E:/Unreal/UnrealEngineLecture/BuildingEscape/Saved/Untitled_2.umap'
[2019.11.28-14.23.56:940][  0]Cmd: MAP CHECKDEP NOCLEARLOG
[2019.11.28-14.23.56:940][  0]MapCheck: Map check complete: 0 Error(s), 0 Warning(s), took 0.102ms to complete.
[2019.11.28-14.23.56:940][  0]LogFileHelpers: Loading map 'Untitled_2' took 0.001
[2019.11.28-14.23.56:984][  0]LogSlate: Updating window title bar state: overlay mode, drag disabled, window buttons hidden, title bar hidden
[2019.11.28-14.23.56:990][  0]LogSlate: Updating window title bar state: overlay mode, drag disabled, window buttons hidden, title bar hidden
[2019.11.28-14.23.56:996][  0]LogSlate: Updating window title bar state: overlay mode, drag disabled, window buttons hidden, title bar hidden
[2019.11.28-14.23.57:002][  0]LogSlate: Updating window title bar state: overlay mode, drag disabled, window buttons hidden, title bar hidden
[2019.11.28-14.23.57:009][  0]LogCollectionManager: Loaded 0 collections in 0.001811 seconds
[2019.11.28-14.23.57:015][  0]LogFileCache: Scanning file cache for directory 'E:/Unreal/UnrealEngineLecture/BuildingEscape/Saved/Collections/' took 0.00s
[2019.11.28-14.23.57:015][  0]LogFileCache: Scanning file cache for directory 'E:/Unreal/UnrealEngineLecture/BuildingEscape/Content/Developers/Leedongheon/Collections/' took 0.00s
[2019.11.28-14.23.57:015][  0]LogFileCache: Scanning file cache for directory 'E:/Unreal/UnrealEngineLecture/BuildingEscape/Content/Collections/' took 0.00s
[2019.11.28-14.23.57:015][  0]LogCollectionManager: Rebuilt the GUID cache for 0 collections in 0.000001 seconds
[2019.11.28-14.23.57:023][  0]LogContentBrowser: Native class hierarchy populated in 0.0067 seconds. Added 2865 classes and 682 folders.
[2019.11.28-14.23.57:029][  0]LogContentBrowser: Native class hierarchy updated for 'WidgetCarousel' in 0.0002 seconds. Added 0 classes and 0 folders.
[2019.11.28-14.23.57:065][  0]LogContentBrowser: Native class hierarchy updated for 'AddContentDialog' in 0.0002 seconds. Added 0 classes and 0 folders.
[2019.11.28-14.23.57:071][  0]LogContentBrowser: Native class hierarchy updated for 'SceneOutliner' in 0.0002 seconds. Added 1 classes and 2 folders.
[2019.11.28-14.23.57:085][  0]LogSlate: Took 0.000130 seconds to synchronously load lazily loaded font '../../../Engine/Content/Slate/Fonts/Roboto-Bold.ttf' (160K)
[2019.11.28-14.23.57:088][  0]LogSlate: Took 0.000119 seconds to synchronously load lazily loaded font '../../../Engine/Content/Editor/Slate/Fonts/FontAwesome.ttf' (139K)
[2019.11.28-14.23.57:114][  0]LogRenderer: Reallocating scene render targets to support 1616x808 Format 10 NumSamples 1 (Frame:1).
[2019.11.28-14.23.57:210][  0]LogContentBrowser: Native class hierarchy updated for 'HierarchicalLODOutliner' in 0.0003 seconds. Added 0 classes and 0 folders.
[2019.11.28-14.23.57:210][  0]LogLoad: (Engine Initialization) Total time: 16.35 seconds
[2019.11.28-14.23.57:210][  0]LogLoad: (Engine Initialization) Total Blueprint compile time: 0.00 seconds
[2019.11.28-14.23.57:247][  0]LogAssetRegistry: Asset discovery search completed in 12.6115 seconds
[2019.11.28-14.23.57:250][  0]LogCollectionManager: Rebuilt the object cache for 0 collections in 0.000004 seconds (found 0 objects)
[2019.11.28-14.23.57:250][  0]LogCollectionManager: Fixed up redirectors for 0 collections in 0.000157 seconds (updated 0 objects)
[2019.11.28-14.23.57:251][  0]LogContentStreaming: Texture pool size now 1000 MB
[2019.11.28-14.24.06:829][438]LogEditorViewport: Clicking Background
[2019.11.28-14.24.09:555][746]LogSlate: FSceneViewport::OnFocusLost() reason 0
[2019.11.28-14.24.09:667][755]LogRenderer: Reallocating scene render targets to support 1616x1264 Format 10 NumSamples 1 (Frame:736).
[2019.11.28-14.24.15:143][335]LogEditorViewport: Clicking Background
[2019.11.28-14.24.20:364][956]LogSlate: FSceneViewport::OnFocusLost() reason 0
[2019.11.28-14.24.20:514][969]LogSlate: Took 0.000135 seconds to synchronously load lazily loaded font '../../../Engine/Content/Slate/Fonts/Roboto-Light.ttf' (167K)
[2019.11.28-14.24.20:590][969]LogAIModule: Creating AISystem for world Main
[2019.11.28-14.24.20:598][969]LogAssetEditorManager: Opening Asset editor for World /Game/Main.Main
[2019.11.28-14.24.20:625][969]LogUObjectHash: Compacting FUObjectHashTables data took   1.69ms
[2019.11.28-14.24.20:626][969]Cmd: MAP LOAD FILE="E:/Unreal/UnrealEngineLecture/BuildingEscape/Content/Main.umap" TEMPLATE=0 SHOWPROGRESS=1 FEATURELEVEL=3
[2019.11.28-14.24.20:626][969]LightingResults: New page: Lighting Build
[2019.11.28-14.24.20:629][969]LogContentBrowser: Native class hierarchy updated for 'StatsViewer' in 0.0002 seconds. Added 5 classes and 0 folders.
[2019.11.28-14.24.20:630][969]LoadErrors: New page: Loading map: Main.umap
[2019.11.28-14.24.20:630][969]LogWorld: UWorld::CleanupWorld for Untitled, bSessionEnded=true, bCleanupResources=true
[2019.11.28-14.24.20:630][969]MapCheck: New page: Map Check
[2019.11.28-14.24.20:630][969]LightingResults: New page: Lighting Build
[2019.11.28-14.24.20:659][969]LogUObjectHash: Compacting FUObjectHashTables data took   1.25ms
[2019.11.28-14.24.20:663][969]LogEditorServer: Finished looking for orphan Actors (0.000 secs)
[2019.11.28-14.24.20:691][969]LogUObjectHash: Compacting FUObjectHashTables data took   1.20ms
[2019.11.28-14.24.20:696][969]Cmd: MAP CHECKDEP NOCLEARLOG
[2019.11.28-14.24.20:697][969]MapCheck: Map check complete: 0 Error(s), 0 Warning(s), took 0.069ms to complete.
[2019.11.28-14.24.20:697][969]LogFileHelpers: Loading map 'Main' took 0.071
[2019.11.28-14.24.35:553][606]LogSlate: FSceneViewport::OnFocusLost() reason 0
[2019.11.28-14.24.36:452][697]LogRenderer: Reallocating scene render targets to support 1616x1332 Format 10 NumSamples 1 (Frame:1731).
[2019.11.28-14.25.07:745][845]LogSlate: FSceneViewport::OnFocusLost() reason 0
[2019.11.28-14.25.07:829][853]LogTemp: Repeating last play command: Selected Viewport
[2019.11.28-14.25.07:847][853]LogBlueprintUserMessages: Early PlayInEditor Detection: Level '/Game/Main.Main:PersistentLevel' has LevelScriptBlueprint '/Game/Main.Main:PersistentLevel.Main' with GeneratedClass '/Game/Main.Main_C' with ClassGeneratedBy '/Game/Main.Main:PersistentLevel.Main'
[2019.11.28-14.25.07:848][853]LogPlayLevel: PlayLevel: No blueprints needed recompiling
[2019.11.28-14.25.07:849][853]PIE: New page: PIE session: Main (2019. 11. 29. 오전 8:25:07)
[2019.11.28-14.25.07:850][853]LogOnline: OSS: Creating online subsystem instance for: NULL
[2019.11.28-14.25.07:853][853]LogPlayLevel: Creating play world package: /Game/UEDPIE_0_Main
[2019.11.28-14.25.07:855][853]LogPlayLevel: PIE: StaticDuplicateObject took: (0.002768s)
[2019.11.28-14.25.07:856][853]LogAIModule: Creating AISystem for world Main
[2019.11.28-14.25.07:857][853]LogPlayLevel: PIE: World Init took: (0.001355s)
[2019.11.28-14.25.07:857][853]LogPlayLevel: PIE: Created PIE world by copying editor world from /Game/Main.Main to /Game/UEDPIE_0_Main.Main (0.004557s)
[2019.11.28-14.25.07:887][853]LogUObjectHash: Compacting FUObjectHashTables data took   1.15ms
[2019.11.28-14.25.07:901][853]LogInit: XAudio2 using 'BenQ XL2730Z(NVIDIA High Definition Audio)' : 2 channels at 48 kHz using 16 bits per sample (channel mask 0x3)
[2019.11.28-14.25.07:912][853]LogInit: FAudioDevice initialized.
[2019.11.28-14.25.07:929][853]LogLoad: Game class is 'GameModeBase'
[2019.11.28-14.25.07:934][853]LogWorld: Bringing World /Game/UEDPIE_0_Main.Main up for play (max tick rate 0) at 2019.11.28-23.25.07
[2019.11.28-14.25.07:934][853]LogWorld: Bringing up level for play took: 0.000722
[2019.11.28-14.25.07:935][853]LogOnline: OSS: Creating online subsystem instance for: :Context_1
[2019.11.28-14.25.07:950][853]LogContentBrowser: Native class hierarchy updated for 'MovieSceneCapture' in 0.0003 seconds. Added 20 classes and 0 folders.
[2019.11.28-14.25.07:953][853]LogTemp: Warning: Hello!
[2019.11.28-14.25.07:954][853]PIE: Play in editor start time for /Game/UEDPIE_0_Main 1.042
[2019.11.28-14.25.07:954][853]LogBlueprintUserMessages: Late PlayInEditor Detection: Level '/Game/Main.Main:PersistentLevel' has LevelScriptBlueprint '/Game/Main.Main:PersistentLevel.Main' with GeneratedClass '/Game/Main.Main_C' with ClassGeneratedBy '/Game/Main.Main:PersistentLevel.Main'
[2019.11.28-14.25.20:438][334]LogBlueprintUserMessages: Early EndPlayMap Detection: Level '/Game/Main.Main:PersistentLevel' has LevelScriptBlueprint '/Game/Main.Main:PersistentLevel.Main' with GeneratedClass '/Game/Main.Main_C' with ClassGeneratedBy '/Game/Main.Main:PersistentLevel.Main'
[2019.11.28-14.25.20:438][334]LogSlate: Updating window title bar state: overlay mode, drag disabled, window buttons hidden, title bar hidden
[2019.11.28-14.25.20:438][334]LogWorld: BeginTearingDown for /Game/UEDPIE_0_Main
[2019.11.28-14.25.20:438][334]LogWorld: UWorld::CleanupWorld for Main, bSessionEnded=true, bCleanupResources=true
[2019.11.28-14.25.20:446][334]LogPlayLevel: Display: Shutting down PIE online subsystems
[2019.11.28-14.25.20:446][334]LogBlueprintUserMessages: Late EndPlayMap Detection: Level '/Game/Main.Main:PersistentLevel' has LevelScriptBlueprint '/Game/Main.Main:PersistentLevel.Main' with GeneratedClass '/Game/Main.Main_C' with ClassGeneratedBy '/Game/Main.Main:PersistentLevel.Main'
[2019.11.28-14.25.20:479][334]LogSlate: Updating window title bar state: overlay mode, drag disabled, window buttons hidden, title bar hidden
[2019.11.28-14.25.20:482][334]LogUObjectHash: Compacting FUObjectHashTables data took   1.24ms
[2019.11.28-14.25.20:528][338]LogPlayLevel: Display: Destroying online subsystem :Context_1
[2019.11.28-14.25.27:117][119]LogSlate: FSceneViewport::OnFocusLost() reason 0
[2019.11.28-14.25.27:540][164]LogTemp: Repeating last play command: Selected Viewport
[2019.11.28-14.25.27:543][164]LogBlueprintUserMessages: Early PlayInEditor Detection: Level '/Game/Main.Main:PersistentLevel' has LevelScriptBlueprint '/Game/Main.Main:PersistentLevel.Main' with GeneratedClass '/Game/Main.Main_C' with ClassGeneratedBy '/Game/Main.Main:PersistentLevel.Main'
[2019.11.28-14.25.27:543][164]LogPlayLevel: PlayLevel: No blueprints needed recompiling
[2019.11.28-14.25.27:543][164]PIE: New page: PIE session: Main (2019. 11. 29. 오전 8:25:27)
[2019.11.28-14.25.27:543][164]LogPlayLevel: Creating play world package: /Game/UEDPIE_0_Main
[2019.11.28-14.25.27:545][164]LogPlayLevel: PIE: StaticDuplicateObject took: (0.001895s)
[2019.11.28-14.25.27:546][164]LogAIModule: Creating AISystem for world Main
[2019.11.28-14.25.27:547][164]LogPlayLevel: PIE: World Init took: (0.001129s)
[2019.11.28-14.25.27:547][164]LogPlayLevel: PIE: Created PIE world by copying editor world from /Game/Main.Main to /Game/UEDPIE_0_Main.Main (0.003478s)
[2019.11.28-14.25.27:573][164]LogUObjectHash: Compacting FUObjectHashTables data took   1.16ms
[2019.11.28-14.25.27:586][164]LogInit: XAudio2 using 'BenQ XL2730Z(NVIDIA High Definition Audio)' : 2 channels at 48 kHz using 16 bits per sample (channel mask 0x3)
[2019.11.28-14.25.27:597][164]LogInit: FAudioDevice initialized.
[2019.11.28-14.25.27:608][164]LogLoad: Game class is 'GameModeBase'
[2019.11.28-14.25.27:609][164]LogWorld: Bringing World /Game/UEDPIE_0_Main.Main up for play (max tick rate 0) at 2019.11.28-23.25.27
[2019.11.28-14.25.27:609][164]LogWorld: Bringing up level for play took: 0.000504
[2019.11.28-14.25.27:610][164]LogOnline: OSS: Creating online subsystem instance for: :Context_2
[2019.11.28-14.25.27:612][164]LogTemp: Warning: Hello!
[2019.11.28-14.25.27:612][164]PIE: Play in editor start time for /Game/UEDPIE_0_Main 0.7
[2019.11.28-14.25.27:612][164]LogBlueprintUserMessages: Late PlayInEditor Detection: Level '/Game/Main.Main:PersistentLevel' has LevelScriptBlueprint '/Game/Main.Main:PersistentLevel.Main' with GeneratedClass '/Game/Main.Main_C' with ClassGeneratedBy '/Game/Main.Main:PersistentLevel.Main'
[2019.11.28-14.25.30:313][455]LogBlueprintUserMessages: Early EndPlayMap Detection: Level '/Game/Main.Main:PersistentLevel' has LevelScriptBlueprint '/Game/Main.Main:PersistentLevel.Main' with GeneratedClass '/Game/Main.Main_C' with ClassGeneratedBy '/Game/Main.Main:PersistentLevel.Main'
[2019.11.28-14.25.30:313][455]LogSlate: Updating window title bar state: overlay mode, drag disabled, window buttons hidden, title bar hidden
[2019.11.28-14.25.30:313][455]LogWorld: BeginTearingDown for /Game/UEDPIE_0_Main
[2019.11.28-14.25.30:313][455]LogWorld: UWorld::CleanupWorld for Main, bSessionEnded=true, bCleanupResources=true
[2019.11.28-14.25.30:335][455]LogPlayLevel: Display: Shutting down PIE online subsystems
[2019.11.28-14.25.30:336][455]LogBlueprintUserMessages: Late EndPlayMap Detection: Level '/Game/Main.Main:PersistentLevel' has LevelScriptBlueprint '/Game/Main.Main:PersistentLevel.Main' with GeneratedClass '/Game/Main.Main_C' with ClassGeneratedBy '/Game/Main.Main:PersistentLevel.Main'
[2019.11.28-14.25.30:365][455]LogSlate: Updating window title bar state: overlay mode, drag disabled, window buttons hidden, title bar hidden
[2019.11.28-14.25.30:367][455]LogUObjectHash: Compacting FUObjectHashTables data took   1.05ms
[2019.11.28-14.25.30:415][460]LogPlayLevel: Display: Destroying online subsystem :Context_2
[2019.11.28-14.26.05:164][783]LogSlate: Took 0.002350 seconds to synchronously load lazily loaded font '../../../Engine/Content/Slate/Fonts/DroidSansMono.ttf' (77K)
[2019.11.28-14.26.05:194][783]LogSlate: Took 0.001252 seconds to synchronously load lazily loaded font '../../../Engine/Content/Slate/Fonts/DroidSansFallback.ttf' (3848K)
[2019.11.28-14.28.04:958][ 75]Candidate modules for hot reload:
[2019.11.28-14.28.04:959][ 75]  BuildingEscape
[2019.11.28-14.28.04:959][ 75]Launching UnrealBuildTool... [C:/Program Files/Epic Games/UE_4.23/Engine/Binaries/DotNET/UnrealBuildTool.exe  -ModuleWithSuffix=BuildingEscape,7599 Win64 Development -TargetType=Editor -Project="E:/Unreal/UnrealEngineLecture/BuildingEscape/BuildingEscape.uproject" "E:/Unreal/UnrealEngineLecture/BuildingEscape/BuildingEscape.uproject"  -IgnoreJunk]
[2019.11.28-14.28.04:966][ 75]Warning: Starting HotReload took  0.0s.
[2019.11.28-14.28.11:938][628]CompilerResultsLog: New page: Compilation - 2019. 11. 29. 오전 8:28:11
[2019.11.28-14.28.11:939][628]CompilerResultsLog: Parsing headers for BuildingEscapeEditor
[2019.11.28-14.28.11:939][628]CompilerResultsLog:   Running UnrealHeaderTool "E:\Unreal\UnrealEngineLecture\BuildingEscape\BuildingEscape.uproject" "E:\Unreal\UnrealEngineLecture\BuildingEscape\Intermediate\Build\Win64\BuildingEscapeEditor\Development\BuildingEscapeEditor.uhtmanifest" -LogCmds="loginit warning, logexit warning, logdatabase error" -Unattended -WarningsAsErrors -installed
[2019.11.28-14.28.11:940][628]CompilerResultsLog: Reflection code generated for BuildingEscapeEditor in 5.3053486 seconds
[2019.11.28-14.28.11:940][628]CompilerResultsLog: Using Visual Studio 2019 14.23.28105 toolchain (C:\Program Files (x86)\Microsoft Visual Studio\2019\Community\VC\Tools\MSVC\14.23.28105) and Windows 10.0.17763.0 SDK (C:\Program Files (x86)\Windows Kits\10).
[2019.11.28-14.28.11:940][628]CompilerResultsLog: Building 3 actions with 16 processes...
[2019.11.28-14.28.11:940][628]CompilerResultsLog:   [1/3] UE4Editor-BuildingEscape-7599.lib
[2019.11.28-14.28.11:941][628]CompilerResultsLog:      E:\Unreal\UnrealEngineLecture\BuildingEscape\Intermediate\Build\Win64\UE4Editor\Development\BuildingEscape\UE4Editor-BuildingEscape-7599.lib ???̺귯?? ?? E:\Unreal\UnrealEngineLecture\BuildingEscape\Intermediate\Build\Win64\UE4Editor\Development\BuildingEscape\UE4Editor-BuildingEscape-7599.exp ??ü?? ?????ϰ? ?ֽ??ϴ?.
[2019.11.28-14.28.11:943][628]LogSlate: Last resort fallback font was requested. Font: '../../../Engine/Content/Slate/Fonts/DroidSansFallback.ttf', Character: 'ϰ (U+03f0)'
[2019.11.28-14.28.11:954][628]LogSlate: Took 0.009297 seconds to synchronously load lazily loaded font '../../../Engine/Content/SlateDebug/Fonts/LastResort.ttf' (5269K)
[2019.11.28-14.28.11:957][628]CompilerResultsLog:   [2/3] UE4Editor-BuildingEscape-7599.dll
[2019.11.28-14.28.11:957][628]CompilerResultsLog:      E:\Unreal\UnrealEngineLecture\BuildingEscape\Intermediate\Build\Win64\UE4Editor\Development\BuildingEscape\UE4Editor-BuildingEscape-7599.suppressed.lib ???̺귯?? ?? E:\Unreal\UnrealEngineLecture\BuildingEscape\Intermediate\Build\Win64\UE4Editor\Development\BuildingEscape\UE4Editor-BuildingEscape-7599.suppressed.exp ??ü?? ?????ϰ? ?ֽ??ϴ?.
[2019.11.28-14.28.11:958][628]CompilerResultsLog:   [3/3] BuildingEscapeEditor.target
[2019.11.28-14.28.11:958][628]CompilerResultsLog: Total time in Parallel executor: 0.79 seconds
[2019.11.28-14.28.11:958][628]CompilerResultsLog: Total execution time: 6.88 seconds
[2019.11.28-14.28.11:958][628]LogMainFrame: MainFrame: Module compiling took 7.003 seconds
[2019.11.28-14.28.11:987][628]LogUObjectHash: Compacting FUObjectHashTables data took   0.61ms
[2019.11.28-14.28.12:009][628]LogContentBrowser: Native class hierarchy updated for 'BuildingEscape' in 0.0003 seconds. Added 2 classes and 2 folders.
[2019.11.28-14.28.12:011][628]Display: HotReload successful (0 functions remapped  0 scriptstructs remapped)
[2019.11.28-14.28.12:076][628]LogUObjectHash: Compacting FUObjectHashTables data took   0.90ms
[2019.11.28-14.28.12:087][628]LogContentBrowser: Native class hierarchy populated in 0.0065 seconds. Added 2866 classes and 684 folders.
[2019.11.28-14.28.12:087][628]Display: HotReload took  7.2s.
[2019.11.28-14.28.18:218][122]LogTemp: Repeating last play command: Selected Viewport
[2019.11.28-14.28.18:224][122]LogBlueprintUserMessages: Early PlayInEditor Detection: Level '/Game/Main.Main:PersistentLevel' has LevelScriptBlueprint '/Game/Main.Main:PersistentLevel.Main' with GeneratedClass '/Game/Main.Main_C' with ClassGeneratedBy '/Game/Main.Main:PersistentLevel.Main'
[2019.11.28-14.28.18:224][122]LogPlayLevel: PlayLevel: No blueprints needed recompiling
[2019.11.28-14.28.18:225][122]PIE: New page: PIE session: Main (2019. 11. 29. 오전 8:28:18)
[2019.11.28-14.28.18:225][122]LogPlayLevel: Creating play world package: /Game/UEDPIE_0_Main
[2019.11.28-14.28.18:227][122]LogPlayLevel: PIE: StaticDuplicateObject took: (0.002048s)
[2019.11.28-14.28.18:228][122]LogAIModule: Creating AISystem for world Main
[2019.11.28-14.28.18:228][122]LogPlayLevel: PIE: World Init took: (0.001113s)
[2019.11.28-14.28.18:229][122]LogPlayLevel: PIE: Created PIE world by copying editor world from /Game/Main.Main to /Game/UEDPIE_0_Main.Main (0.003950s)
[2019.11.28-14.28.18:256][122]LogUObjectHash: Compacting FUObjectHashTables data took   1.07ms
[2019.11.28-14.28.18:269][122]LogInit: XAudio2 using 'BenQ XL2730Z(NVIDIA High Definition Audio)' : 2 channels at 48 kHz using 16 bits per sample (channel mask 0x3)
[2019.11.28-14.28.18:281][122]LogInit: FAudioDevice initialized.
[2019.11.28-14.28.18:287][122]LogLoad: Game class is 'GameModeBase'
[2019.11.28-14.28.18:288][122]LogWorld: Bringing World /Game/UEDPIE_0_Main.Main up for play (max tick rate 0) at 2019.11.28-23.28.18
[2019.11.28-14.28.18:289][122]LogWorld: Bringing up level for play took: 0.000669
[2019.11.28-14.28.18:289][122]LogOnline: OSS: Creating online subsystem instance for: :Context_3
[2019.11.28-14.28.18:291][122]LogTemp: Warning: Hello!
[2019.11.28-14.28.18:292][122]PIE: Play in editor start time for /Game/UEDPIE_0_Main -0.62
[2019.11.28-14.28.18:292][122]LogBlueprintUserMessages: Late PlayInEditor Detection: Level '/Game/Main.Main:PersistentLevel' has LevelScriptBlueprint '/Game/Main.Main:PersistentLevel.Main' with GeneratedClass '/Game/Main.Main_C' with ClassGeneratedBy '/Game/Main.Main:PersistentLevel.Main'
[2019.11.28-14.28.26:163][  6]LogBlueprintUserMessages: Early EndPlayMap Detection: Level '/Game/Main.Main:PersistentLevel' has LevelScriptBlueprint '/Game/Main.Main:PersistentLevel.Main' with GeneratedClass '/Game/Main.Main_C' with ClassGeneratedBy '/Game/Main.Main:PersistentLevel.Main'
[2019.11.28-14.28.26:164][  6]LogSlate: Updating window title bar state: overlay mode, drag disabled, window buttons hidden, title bar hidden
[2019.11.28-14.28.26:164][  6]LogWorld: BeginTearingDown for /Game/UEDPIE_0_Main
[2019.11.28-14.28.26:164][  6]LogWorld: UWorld::CleanupWorld for Main, bSessionEnded=true, bCleanupResources=true
[2019.11.28-14.28.26:186][  6]LogPlayLevel: Display: Shutting down PIE online subsystems
[2019.11.28-14.28.26:186][  6]LogBlueprintUserMessages: Late EndPlayMap Detection: Level '/Game/Main.Main:PersistentLevel' has LevelScriptBlueprint '/Game/Main.Main:PersistentLevel.Main' with GeneratedClass '/Game/Main.Main_C' with ClassGeneratedBy '/Game/Main.Main:PersistentLevel.Main'
[2019.11.28-14.28.26:217][  6]LogSlate: Updating window title bar state: overlay mode, drag disabled, window buttons hidden, title bar hidden
[2019.11.28-14.28.26:219][  6]LogUObjectHash: Compacting FUObjectHashTables data took   1.13ms
[2019.11.28-14.28.26:269][ 11]LogPlayLevel: Display: Destroying online subsystem :Context_3
[2019.11.28-14.28.31:940][690]LogEditorViewport: Clicking on Actor (LMB): StaticMeshActor (Cone)
[2019.11.28-14.28.38:991][518]LogSlate: Took 0.000175 seconds to synchronously load lazily loaded font '../../../Engine/Content/Slate/Fonts/Roboto-Italic.ttf' (157K)
[2019.11.28-14.28.40:319][623]LogSlate: FSceneViewport::OnFocusLost() reason 2
[2019.11.28-14.30.32:658][897]LogTemp: Repeating last play command: Selected Viewport
[2019.11.28-14.30.32:662][897]LogBlueprintUserMessages: Early PlayInEditor Detection: Level '/Game/Main.Main:PersistentLevel' has LevelScriptBlueprint '/Game/Main.Main:PersistentLevel.Main' with GeneratedClass '/Game/Main.Main_C' with ClassGeneratedBy '/Game/Main.Main:PersistentLevel.Main'
[2019.11.28-14.30.32:662][897]LogPlayLevel: PlayLevel: No blueprints needed recompiling
[2019.11.28-14.30.32:662][897]PIE: New page: PIE session: Main (2019. 11. 29. 오전 8:30:32)
[2019.11.28-14.30.32:663][897]LogPlayLevel: Creating play world package: /Game/UEDPIE_0_Main
[2019.11.28-14.30.32:665][897]LogPlayLevel: PIE: StaticDuplicateObject took: (0.002386s)
[2019.11.28-14.30.32:666][897]LogAIModule: Creating AISystem for world Main
[2019.11.28-14.30.32:666][897]LogPlayLevel: PIE: World Init took: (0.000868s)
[2019.11.28-14.30.32:666][897]LogPlayLevel: PIE: Created PIE world by copying editor world from /Game/Main.Main to /Game/UEDPIE_0_Main.Main (0.003770s)
[2019.11.28-14.30.32:692][897]LogUObjectHash: Compacting FUObjectHashTables data took   1.16ms
[2019.11.28-14.30.32:723][897]LogInit: XAudio2 using 'BenQ XL2730Z(NVIDIA High Definition Audio)' : 2 channels at 48 kHz using 16 bits per sample (channel mask 0x3)
[2019.11.28-14.30.32:734][897]LogInit: FAudioDevice initialized.
[2019.11.28-14.30.32:747][897]LogLoad: Game class is 'GameModeBase'
[2019.11.28-14.30.32:749][897]LogWorld: Bringing World /Game/UEDPIE_0_Main.Main up for play (max tick rate 0) at 2019.11.28-23.30.32
[2019.11.28-14.30.32:749][897]LogWorld: Bringing up level for play took: 0.000669
[2019.11.28-14.30.32:749][897]LogOnline: OSS: Creating online subsystem instance for: :Context_6
[2019.11.28-14.30.32:752][897]LogTemp: Warning: Hello!
[2019.11.28-14.30.32:752][897]PIE: Play in editor start time for /Game/UEDPIE_0_Main -0.16
[2019.11.28-14.30.32:752][897]LogBlueprintUserMessages: Late PlayInEditor Detection: Level '/Game/Main.Main:PersistentLevel' has LevelScriptBlueprint '/Game/Main.Main:PersistentLevel.Main' with GeneratedClass '/Game/Main.Main_C' with ClassGeneratedBy '/Game/Main.Main:PersistentLevel.Main'
[2019.11.28-14.30.36:188][290]LogBlueprintUserMessages: Early EndPlayMap Detection: Level '/Game/Main.Main:PersistentLevel' has LevelScriptBlueprint '/Game/Main.Main:PersistentLevel.Main' with GeneratedClass '/Game/Main.Main_C' with ClassGeneratedBy '/Game/Main.Main:PersistentLevel.Main'
[2019.11.28-14.30.36:188][290]LogSlate: Updating window title bar state: overlay mode, drag disabled, window buttons hidden, title bar hidden
[2019.11.28-14.30.36:188][290]LogWorld: BeginTearingDown for /Game/UEDPIE_0_Main
[2019.11.28-14.30.36:189][290]LogWorld: UWorld::CleanupWorld for Main, bSessionEnded=true, bCleanupResources=true
[2019.11.28-14.30.36:207][290]LogPlayLevel: Display: Shutting down PIE online subsystems
[2019.11.28-14.30.36:207][290]LogBlueprintUserMessages: Late EndPlayMap Detection: Level '/Game/Main.Main:PersistentLevel' has LevelScriptBlueprint '/Game/Main.Main:PersistentLevel.Main' with GeneratedClass '/Game/Main.Main_C' with ClassGeneratedBy '/Game/Main.Main:PersistentLevel.Main'
[2019.11.28-14.30.36:238][290]LogSlate: Updating window title bar state: overlay mode, drag disabled, window buttons hidden, title bar hidden
[2019.11.28-14.30.36:240][290]LogUObjectHash: Compacting FUObjectHashTables data took   1.07ms
[2019.11.28-14.30.36:292][295]LogPlayLevel: Display: Destroying online subsystem :Context_6
[2019.11.28-14.30.37:513][439]LogEditorViewport: Clicking on Actor (LMB): StaticMeshActor (Cone)
[2019.11.28-14.31.12:253][108]LogSlate: FSceneViewport::OnFocusLost() reason 0
[2019.11.28-14.31.42:263][885]LogTemp: Repeating last play command: Selected Viewport
[2019.11.28-14.31.42:267][885]LogBlueprintUserMessages: Early PlayInEditor Detection: Level '/Game/Main.Main:PersistentLevel' has LevelScriptBlueprint '/Game/Main.Main:PersistentLevel.Main' with GeneratedClass '/Game/Main.Main_C' with ClassGeneratedBy '/Game/Main.Main:PersistentLevel.Main'
[2019.11.28-14.31.42:267][885]LogPlayLevel: PlayLevel: No blueprints needed recompiling
[2019.11.28-14.31.42:267][885]PIE: New page: PIE session: Main (2019. 11. 29. 오전 8:31:42)
[2019.11.28-14.31.42:267][885]LogPlayLevel: Creating play world package: /Game/UEDPIE_0_Main
[2019.11.28-14.31.42:270][885]LogPlayLevel: PIE: StaticDuplicateObject took: (0.002823s)
[2019.11.28-14.31.42:271][885]LogAIModule: Creating AISystem for world Main
[2019.11.28-14.31.42:272][885]LogPlayLevel: PIE: World Init took: (0.000884s)
[2019.11.28-14.31.42:272][885]LogPlayLevel: PIE: Created PIE world by copying editor world from /Game/Main.Main to /Game/UEDPIE_0_Main.Main (0.004287s)
[2019.11.28-14.31.42:297][885]LogUObjectHash: Compacting FUObjectHashTables data took   1.12ms
[2019.11.28-14.31.42:310][885]LogInit: XAudio2 using 'BenQ XL2730Z(NVIDIA High Definition Audio)' : 2 channels at 48 kHz using 16 bits per sample (channel mask 0x3)
[2019.11.28-14.31.42:322][885]LogInit: FAudioDevice initialized.
[2019.11.28-14.31.42:334][885]LogLoad: Game class is 'GameModeBase'
[2019.11.28-14.31.42:335][885]LogWorld: Bringing World /Game/UEDPIE_0_Main.Main up for play (max tick rate 0) at 2019.11.28-23.31.42
[2019.11.28-14.31.42:335][885]LogWorld: Bringing up level for play took: 0.000661
[2019.11.28-14.31.42:335][885]LogOnline: OSS: Creating online subsystem instance for: :Context_7
[2019.11.28-14.31.42:338][885]LogTemp: Warning: Hello!
[2019.11.28-14.31.42:338][885]LogTemp: Warning: Hello!
[2019.11.28-14.31.42:338][885]PIE: Play in editor start time for /Game/UEDPIE_0_Main -0.573
[2019.11.28-14.31.42:338][885]LogBlueprintUserMessages: Late PlayInEditor Detection: Level '/Game/Main.Main:PersistentLevel' has LevelScriptBlueprint '/Game/Main.Main:PersistentLevel.Main' with GeneratedClass '/Game/Main.Main_C' with ClassGeneratedBy '/Game/Main.Main:PersistentLevel.Main'
[2019.11.28-14.31.43:831][ 50]LogBlueprintUserMessages: Early EndPlayMap Detection: Level '/Game/Main.Main:PersistentLevel' has LevelScriptBlueprint '/Game/Main.Main:PersistentLevel.Main' with GeneratedClass '/Game/Main.Main_C' with ClassGeneratedBy '/Game/Main.Main:PersistentLevel.Main'
[2019.11.28-14.31.43:831][ 50]LogSlate: Updating window title bar state: overlay mode, drag disabled, window buttons hidden, title bar hidden
[2019.11.28-14.31.43:831][ 50]LogWorld: BeginTearingDown for /Game/UEDPIE_0_Main
[2019.11.28-14.31.43:831][ 50]LogWorld: UWorld::CleanupWorld for Main, bSessionEnded=true, bCleanupResources=true
[2019.11.28-14.31.43:851][ 50]LogPlayLevel: Display: Shutting down PIE online subsystems
[2019.11.28-14.31.43:851][ 50]LogBlueprintUserMessages: Late EndPlayMap Detection: Level '/Game/Main.Main:PersistentLevel' has LevelScriptBlueprint '/Game/Main.Main:PersistentLevel.Main' with GeneratedClass '/Game/Main.Main_C' with ClassGeneratedBy '/Game/Main.Main:PersistentLevel.Main'
[2019.11.28-14.31.43:883][ 50]LogSlate: Updating window title bar state: overlay mode, drag disabled, window buttons hidden, title bar hidden
[2019.11.28-14.31.43:885][ 50]LogUObjectHash: Compacting FUObjectHashTables data took   1.20ms
[2019.11.28-14.31.43:936][ 55]LogPlayLevel: Display: Destroying online subsystem :Context_7
