Log file open, 01/09/20 20:09:55
LogWindows: Failed to load 'aqProf.dll' (GetLastError=126)
LogWindows: File 'aqProf.dll' does not exist
LogWindows: Failed to load 'VtuneApi.dll' (GetLastError=126)
LogWindows: File 'VtuneApi.dll' does not exist
LogWindows: Failed to load 'VtuneApi32e.dll' (GetLastError=126)
LogWindows: File 'VtuneApi32e.dll' does not exist
LogConsoleResponse: Display: Failed to find resolution value strings in scalability ini. Falling back to default.
LogInit: Display: Running engine for game: BuildingEscape
LogPlatformFile: Not using cached read wrapper
LogTaskGraph: Started task graph with 5 named threads and 47 total threads with 3 sets of task threads.
LogStats: Stats thread started at 0.061590
LogD3D11RHI: Loaded GFSDK_Aftermath_Lib.x64.dll
LogICUInternationalization: ICU TimeZone Detection - Raw Offset: +9:00, Platform Override: ''
LogPluginManager: Mounting plugin Paper2D
LogPluginManager: Mounting plugin AISupport
LogPluginManager: Mounting plugin LightPropagationVolume
LogPluginManager: Mounting plugin ActorLayerUtilities
LogPluginManager: Mounting plugin AnimationSharing
LogPluginManager: Mounting plugin CLionSourceCodeAccess
LogPluginManager: Mounting plugin CodeLiteSourceCodeAccess
LogPluginManager: Mounting plugin GitSourceControl
LogPluginManager: Mounting plugin KDevelopSourceCodeAccess
LogPluginManager: Mounting plugin NullSourceCodeAccess
LogPluginManager: Mounting plugin PerforceSourceControl
LogPluginManager: Mounting plugin PlasticSourceControl
LogPluginManager: Mounting plugin SubversionSourceControl
LogPluginManager: Mounting plugin UObjectPlugin
LogPluginManager: Mounting plugin VisualStudioCodeSourceCodeAccess
LogPluginManager: Mounting plugin VisualStudioSourceCodeAccess
LogPluginManager: Mounting plugin XCodeSourceCodeAccess
LogPluginManager: Mounting plugin AssetManagerEditor
LogPluginManager: Mounting plugin CryptoKeys
LogPluginManager: Mounting plugin CurveEditorTools
LogPluginManager: Mounting plugin DataValidation
LogPluginManager: Mounting plugin FacialAnimation
LogPluginManager: Mounting plugin GameplayTagsEditor
LogPluginManager: Mounting plugin MacGraphicsSwitching
LogPluginManager: Mounting plugin MaterialAnalyzer
LogPluginManager: Mounting plugin MobileLauncherProfileWizard
LogPluginManager: Mounting plugin PluginBrowser
LogPluginManager: Mounting plugin SpeedTreeImporter
LogPluginManager: Mounting plugin DatasmithContent
LogPluginManager: Mounting plugin VariantManagerContent
LogPluginManager: Mounting plugin AlembicImporter
LogPluginManager: Mounting plugin AutomationUtils
LogPluginManager: Mounting plugin BackChannel
LogPluginManager: Mounting plugin CharacterAI
LogPluginManager: Mounting plugin GeometryCache
LogPluginManager: Mounting plugin PlatformCrypto
LogPluginManager: Mounting plugin ProxyLODPlugin
LogPluginManager: Mounting plugin SkeletalReduction
LogPluginManager: Mounting plugin MagicLeap
LogPluginManager: Mounting plugin MagicLeapMedia
LogPluginManager: Mounting plugin MLSDK
LogPluginManager: Mounting plugin AndroidMedia
LogPluginManager: Mounting plugin AvfMedia
LogPluginManager: Mounting plugin ImgMedia
LogPluginManager: Mounting plugin MediaCompositing
LogPluginManager: Mounting plugin MediaPlayerEditor
LogPluginManager: Mounting plugin WebMMedia
LogPluginManager: Mounting plugin WmfMedia
LogPluginManager: Mounting plugin TcpMessaging
LogPluginManager: Mounting plugin UdpMessaging
LogPluginManager: Mounting plugin ActorSequence
LogPluginManager: Mounting plugin LevelSequenceEditor
LogPluginManager: Mounting plugin MatineeToLevelSequence
LogPluginManager: Mounting plugin NetcodeUnitTest
LogPluginManager: Mounting plugin NUTUnrealEngine4
LogPluginManager: Mounting plugin OnlineSubsystemGooglePlay
LogPluginManager: Mounting plugin OnlineSubsystemIOS
LogPluginManager: Mounting plugin OnlineSubsystem
LogPluginManager: Mounting plugin OnlineSubsystemNull
LogPluginManager: Mounting plugin OnlineSubsystemUtils
LogPluginManager: Mounting plugin LauncherChunkInstaller
LogPluginManager: Mounting plugin AndroidDeviceProfileSelector
LogPluginManager: Mounting plugin AndroidMoviePlayer
LogPluginManager: Mounting plugin AndroidPermission
LogPluginManager: Mounting plugin AppleImageUtils
LogPluginManager: Mounting plugin AppleMoviePlayer
LogPluginManager: Mounting plugin ArchVisCharacter
LogPluginManager: Mounting plugin AssetTags
LogPluginManager: Mounting plugin AudioCapture
LogPluginManager: Mounting plugin CableComponent
LogPluginManager: Mounting plugin CustomMeshComponent
LogPluginManager: Mounting plugin EditableMesh
LogPluginManager: Mounting plugin ExampleDeviceProfileSelector
LogPluginManager: Mounting plugin GoogleCloudMessaging
LogPluginManager: Mounting plugin IOSDeviceProfileSelector
LogPluginManager: Mounting plugin LinuxDeviceProfileSelector
LogPluginManager: Mounting plugin LocationServicesBPLibrary
LogPluginManager: Mounting plugin MobilePatchingUtils
LogPluginManager: Mounting plugin OculusVR
LogPluginManager: Mounting plugin PhysXVehicles
LogPluginManager: Mounting plugin PostSplashScreen
LogPluginManager: Mounting plugin ProceduralMeshComponent
LogPluginManager: Mounting plugin RuntimePhysXCooking
LogPluginManager: Mounting plugin SignificanceManager
LogPluginManager: Mounting plugin SteamVR
LogPluginManager: Mounting plugin WebMMoviePlayer
LogPluginManager: Mounting plugin WindowsMoviePlayer
LogPluginManager: Mounting plugin ScreenshotTools
LogInit: Using libcurl 7.55.1-DEV
LogInit:  - built for x86_64-pc-win32
LogInit:  - supports SSL with OpenSSL/1.1.1
LogInit:  - supports HTTP deflate (compression) using libz 1.2.8
LogInit:  - other features:
LogInit:      CURL_VERSION_SSL
LogInit:      CURL_VERSION_LIBZ
LogInit:      CURL_VERSION_IPV6
LogInit:      CURL_VERSION_ASYNCHDNS
LogInit:      CURL_VERSION_LARGEFILE
LogInit:      CURL_VERSION_IDN
LogInit:  CurlRequestOptions (configurable via config and command line):
LogInit:  - bVerifyPeer = true  - Libcurl will verify peer certificate
LogInit:  - bUseHttpProxy = false  - Libcurl will NOT use HTTP proxy
LogInit:  - bDontReuseConnections = false  - Libcurl will reuse connections
LogInit:  - MaxHostConnections = 16  - Libcurl will limit the number of connections to a host
LogInit:  - LocalHostAddr = Default
LogInit:  - BufferSize = 65536
LogOnline: OSS: Creating online subsystem instance for: NULL
LogInit: WinSock: version 1.1 (2.2), MaxSocks=32767, MaxUdp=65467
LogOnline: OSS: TryLoadSubsystemAndSetDefault: Loaded subsystem for module [NULL]
LogInit: Build: ++UE4+Release-4.24-CL-10757647
LogInit: Engine Version: 4.24.1-10757647+++UE4+Release-4.24
LogInit: Compatible Engine Version: 4.24.0-10570792+++UE4+Release-4.24
LogInit: Net CL: 10570792
LogInit: OS: Windows 10 (Release 1903) (), CPU: Intel(R) Core(TM) i9-9900K CPU @ 3.60GHz, GPU: NVIDIA GeForce RTX 2080
LogInit: Compiled (64-bit): Dec 17 2019 02:08:03
LogInit: Compiled with Visual C++: 19.16.27032.01
LogInit: Build Configuration: Development
LogInit: Branch Name: ++UE4+Release-4.24
LogInit: Command Line: 
LogInit: Base Directory: C:/Program Files/Epic Games/UE_4.24/Engine/Binaries/Win64/
LogInit: Installed Engine Build: 1
LogDevObjectVersion: Number of dev versions registered: 25
LogDevObjectVersion:   Dev-Blueprints (B0D832E4-1F89-4F0D-ACCF-7EB736FD4AA2): 10
LogDevObjectVersion:   Dev-Build (E1C64328-A22C-4D53-A36C-8E866417BD8C): 0
LogDevObjectVersion:   Dev-Core (375EC13C-06E4-48FB-B500-84F0262A717E): 3
LogDevObjectVersion:   Dev-Editor (E4B068ED-F494-42E9-A231-DA0B2E46BB41): 37
LogDevObjectVersion:   Dev-Framework (CFFC743F-43B0-4480-9391-14DF171D2073): 36
LogDevObjectVersion:   Dev-Mobile (B02B49B5-BB20-44E9-A304-32B752E40360): 2
LogDevObjectVersion:   Dev-Networking (A4E4105C-59A1-49B5-A7C5-40C4547EDFEE): 0
LogDevObjectVersion:   Dev-Online (39C831C9-5AE6-47DC-9A44-9C173E1C8E7C): 0
LogDevObjectVersion:   Dev-Physics (78F01B33-EBEA-4F98-B9B4-84EACCB95AA2): 2
LogDevObjectVersion:   Dev-Platform (6631380F-2D4D-43E0-8009-CF276956A95A): 0
LogDevObjectVersion:   Dev-Rendering (12F88B9F-8875-4AFC-A67C-D90C383ABD29): 36
LogDevObjectVersion:   Dev-Sequencer (7B5AE74C-D270-4C10-A958-57980B212A5A): 11
LogDevObjectVersion:   Dev-VR (D7296918-1DD6-4BDD-9DE2-64A83CC13884): 2
LogDevObjectVersion:   Dev-LoadTimes (C2A15278-BFE7-4AFE-6C17-90FF531DF755): 1
LogDevObjectVersion:   Private-Geometry (6EACA3D4-40EC-4CC1-B786-8BED09428FC5): 3
LogDevObjectVersion:   Dev-AnimPhys (29E575DD-E0A3-4627-9D10-D276232CDCEA): 17
LogDevObjectVersion:   Dev-Anim (AF43A65D-7FD3-4947-9873-3E8ED9C1BB05): 2
LogDevObjectVersion:   Dev-ReflectionCapture (6B266CEC-1EC7-4B8F-A30B-E4D90942FC07): 1
LogDevObjectVersion:   Dev-Automation (0DF73D61-A23F-47EA-B727-89E90C41499A): 1
LogDevObjectVersion:   FortniteMain (601D1886-AC64-4F84-AA16-D3DE0DEAC7D6): 31
LogDevObjectVersion:   Dev-Enterprise (9DFFBCD6-494F-0158-E221-12823C92A888): 8
LogDevObjectVersion:   Dev-Niagara (F2AED0AC-9AFE-416F-8664-AA7FFA26D6FC): 1
LogDevObjectVersion:   Dev-Destruction (174F1F0B-B4C6-45A5-B13F-2EE8D0FB917D): 9
LogDevObjectVersion:   Dev-Physics-Ext (35F94A83-E258-406C-A318-09F59610247C): 8
LogDevObjectVersion:   Dev-CineCamera (B2E18506-4273-CFC2-A54E-F4BB758BBA07): 1
LogInit: Presizing for max 25165824 objects, including 0 objects not considered by GC, pre-allocating 0 bytes for permanent pool.
LogInit: Object subsystem initialized
LogConfig: Setting CVar [[con.DebugEarlyDefault:1]]
LogConfig: Setting CVar [[r.setres:1280x720]]
[2020.01.09-11.09.55:768][  0]LogConfig: Setting CVar [[r.VSync:0]]
[2020.01.09-11.09.55:768][  0]LogConfig: Setting CVar [[r.RHICmdBypass:0]]
[2020.01.09-11.09.55:768][  0]LogConfig: Applying CVar settings from Section [/Script/Engine.RendererSettings] File [E:/Unreal/UnrealEngineLecture/BuildingEscape 4.24/Saved/Config/Windows/Engine.ini]
[2020.01.09-11.09.55:768][  0]LogConfig: Setting CVar [[r.GPUCrashDebugging:0]]
[2020.01.09-11.09.55:768][  0]LogConfig: Setting CVar [[r.DefaultFeature.AutoExposure.ExtendDefaultLuminanceRange:1]]
[2020.01.09-11.09.55:768][  0]LogConfig: Applying CVar settings from Section [/Script/Engine.RendererOverrideSettings] File [E:/Unreal/UnrealEngineLecture/BuildingEscape 4.24/Saved/Config/Windows/Engine.ini]
[2020.01.09-11.09.55:768][  0]LogConfig: Applying CVar settings from Section [/Script/Engine.StreamingSettings] File [E:/Unreal/UnrealEngineLecture/BuildingEscape 4.24/Saved/Config/Windows/Engine.ini]
[2020.01.09-11.09.55:768][  0]LogConfig: Setting CVar [[s.MinBulkDataSizeForAsyncLoading:131072]]
[2020.01.09-11.09.55:768][  0]LogConfig: Setting CVar [[s.AsyncLoadingThreadEnabled:0]]
[2020.01.09-11.09.55:768][  0]LogConfig: Setting CVar [[s.EventDrivenLoaderEnabled:1]]
[2020.01.09-11.09.55:768][  0]LogConfig: Setting CVar [[s.WarnIfTimeLimitExceeded:0]]
[2020.01.09-11.09.55:768][  0]LogConfig: Setting CVar [[s.TimeLimitExceededMultiplier:1.5]]
[2020.01.09-11.09.55:768][  0]LogConfig: Setting CVar [[s.TimeLimitExceededMinTime:0.005]]
[2020.01.09-11.09.55:768][  0]LogConfig: Setting CVar [[s.UseBackgroundLevelStreaming:1]]
[2020.01.09-11.09.55:768][  0]LogConfig: Setting CVar [[s.PriorityAsyncLoadingExtraTime:15.0]]
[2020.01.09-11.09.55:768][  0]LogConfig: Setting CVar [[s.LevelStreamingActorsUpdateTimeLimit:5.0]]
[2020.01.09-11.09.55:768][  0]LogConfig: Setting CVar [[s.PriorityLevelStreamingActorsUpdateExtraTime:5.0]]
[2020.01.09-11.09.55:768][  0]LogConfig: Setting CVar [[s.LevelStreamingComponentsRegistrationGranularity:10]]
[2020.01.09-11.09.55:768][  0]LogConfig: Setting CVar [[s.UnregisterComponentsTimeLimit:1.0]]
[2020.01.09-11.09.55:768][  0]LogConfig: Setting CVar [[s.LevelStreamingComponentsUnregistrationGranularity:5]]
[2020.01.09-11.09.55:768][  0]LogConfig: Setting CVar [[s.FlushStreamingOnExit:1]]
[2020.01.09-11.09.55:768][  0]LogConfig: Applying CVar settings from Section [/Script/Engine.GarbageCollectionSettings] File [E:/Unreal/UnrealEngineLecture/BuildingEscape 4.24/Saved/Config/Windows/Engine.ini]
[2020.01.09-11.09.55:768][  0]LogConfig: Setting CVar [[gc.MaxObjectsNotConsideredByGC:1]]
[2020.01.09-11.09.55:768][  0]LogConfig: Setting CVar [[gc.SizeOfPermanentObjectPool:0]]
[2020.01.09-11.09.55:768][  0]LogConfig: Setting CVar [[gc.FlushStreamingOnGC:0]]
[2020.01.09-11.09.55:768][  0]LogConfig: Setting CVar [[gc.NumRetriesBeforeForcingGC:10]]
[2020.01.09-11.09.55:768][  0]LogConfig: Setting CVar [[gc.AllowParallelGC:1]]
[2020.01.09-11.09.55:768][  0]LogConfig: Setting CVar [[gc.TimeBetweenPurgingPendingKillObjects:61.1]]
[2020.01.09-11.09.55:768][  0]LogConfig: Setting CVar [[gc.MaxObjectsInEditor:25165824]]
[2020.01.09-11.09.55:768][  0]LogConfig: Setting CVar [[gc.IncrementalBeginDestroyEnabled:1]]
[2020.01.09-11.09.55:768][  0]LogConfig: Setting CVar [[gc.CreateGCClusters:1]]
[2020.01.09-11.09.55:768][  0]LogConfig: Setting CVar [[gc.MinGCClusterSize:5]]
[2020.01.09-11.09.55:768][  0]LogConfig: Setting CVar [[gc.ActorClusteringEnabled:0]]
[2020.01.09-11.09.55:768][  0]LogConfig: Setting CVar [[gc.BlueprintClusteringEnabled:0]]
[2020.01.09-11.09.55:768][  0]LogConfig: Setting CVar [[gc.UseDisregardForGCOnDedicatedServers:0]]
[2020.01.09-11.09.55:768][  0]LogConfig: Applying CVar settings from Section [/Script/Engine.NetworkSettings] File [E:/Unreal/UnrealEngineLecture/BuildingEscape 4.24/Saved/Config/Windows/Engine.ini]
[2020.01.09-11.09.55:768][  0]LogConfig: Applying CVar settings from Section [/Script/UnrealEd.CookerSettings] File [E:/Unreal/UnrealEngineLecture/BuildingEscape 4.24/Saved/Config/Windows/Engine.ini]
[2020.01.09-11.09.55:770][  0]LogConfig: Applying CVar settings from Section [ViewDistanceQuality@3] File [E:/Unreal/UnrealEngineLecture/BuildingEscape 4.24/Saved/Config/Windows/Scalability.ini]
[2020.01.09-11.09.55:770][  0]LogConfig: Setting CVar [[r.SkeletalMeshLODBias:0]]
[2020.01.09-11.09.55:770][  0]LogConfig: Setting CVar [[r.ViewDistanceScale:1.0]]
[2020.01.09-11.09.55:770][  0]LogConfig: Applying CVar settings from Section [AntiAliasingQuality@3] File [E:/Unreal/UnrealEngineLecture/BuildingEscape 4.24/Saved/Config/Windows/Scalability.ini]
[2020.01.09-11.09.55:770][  0]LogConfig: Setting CVar [[r.PostProcessAAQuality:4]]
[2020.01.09-11.09.55:770][  0]LogConfig: Applying CVar settings from Section [ShadowQuality@3] File [E:/Unreal/UnrealEngineLecture/BuildingEscape 4.24/Saved/Config/Windows/Scalability.ini]
[2020.01.09-11.09.55:770][  0]LogConfig: Setting CVar [[r.LightFunctionQuality:1]]
[2020.01.09-11.09.55:770][  0]LogConfig: Setting CVar [[r.ShadowQuality:5]]
[2020.01.09-11.09.55:770][  0]LogConfig: Setting CVar [[r.Shadow.CSM.MaxCascades:10]]
[2020.01.09-11.09.55:770][  0]LogConfig: Setting CVar [[r.Shadow.MaxResolution:2048]]
[2020.01.09-11.09.55:770][  0]LogConfig: Setting CVar [[r.Shadow.MaxCSMResolution:2048]]
[2020.01.09-11.09.55:770][  0]LogConfig: Setting CVar [[r.Shadow.RadiusThreshold:0.01]]
[2020.01.09-11.09.55:770][  0]LogConfig: Setting CVar [[r.Shadow.DistanceScale:1.0]]
[2020.01.09-11.09.55:770][  0]LogConfig: Setting CVar [[r.Shadow.CSM.TransitionScale:1.0]]
[2020.01.09-11.09.55:770][  0]LogConfig: Setting CVar [[r.Shadow.PreShadowResolutionFactor:1.0]]
[2020.01.09-11.09.55:770][  0]LogConfig: Setting CVar [[r.DistanceFieldShadowing:1]]
[2020.01.09-11.09.55:770][  0]LogConfig: Setting CVar [[r.DistanceFieldAO:1]]
[2020.01.09-11.09.55:770][  0]LogConfig: Setting CVar [[r.AOQuality:2]]
[2020.01.09-11.09.55:770][  0]LogConfig: Setting CVar [[r.VolumetricFog:1]]
[2020.01.09-11.09.55:770][  0]LogConfig: Setting CVar [[r.VolumetricFog.GridPixelSize:8]]
[2020.01.09-11.09.55:770][  0]LogConfig: Setting CVar [[r.VolumetricFog.GridSizeZ:128]]
[2020.01.09-11.09.55:770][  0]LogConfig: Setting CVar [[r.VolumetricFog.HistoryMissSupersampleCount:4]]
[2020.01.09-11.09.55:770][  0]LogConfig: Setting CVar [[r.LightMaxDrawDistanceScale:1]]
[2020.01.09-11.09.55:770][  0]LogConfig: Setting CVar [[r.CapsuleShadows:1]]
[2020.01.09-11.09.55:770][  0]LogConfig: Applying CVar settings from Section [PostProcessQuality@3] File [E:/Unreal/UnrealEngineLecture/BuildingEscape 4.24/Saved/Config/Windows/Scalability.ini]
[2020.01.09-11.09.55:770][  0]LogConfig: Setting CVar [[r.MotionBlurQuality:4]]
[2020.01.09-11.09.55:770][  0]LogConfig: Setting CVar [[r.AmbientOcclusionMipLevelFactor:0.4]]
[2020.01.09-11.09.55:770][  0]LogConfig: Setting CVar [[r.AmbientOcclusionMaxQuality:100]]
[2020.01.09-11.09.55:770][  0]LogConfig: Setting CVar [[r.AmbientOcclusionLevels:-1]]
[2020.01.09-11.09.55:770][  0]LogConfig: Setting CVar [[r.AmbientOcclusionRadiusScale:1.0]]
[2020.01.09-11.09.55:770][  0]LogConfig: Setting CVar [[r.DepthOfFieldQuality:2]]
[2020.01.09-11.09.55:771][  0]LogConfig: Setting CVar [[r.RenderTargetPoolMin:400]]
[2020.01.09-11.09.55:771][  0]LogConfig: Setting CVar [[r.LensFlareQuality:2]]
[2020.01.09-11.09.55:771][  0]LogConfig: Setting CVar [[r.SceneColorFringeQuality:1]]
[2020.01.09-11.09.55:771][  0]LogConfig: Setting CVar [[r.EyeAdaptationQuality:2]]
[2020.01.09-11.09.55:771][  0]LogConfig: Setting CVar [[r.BloomQuality:5]]
[2020.01.09-11.09.55:771][  0]LogConfig: Setting CVar [[r.FastBlurThreshold:100]]
[2020.01.09-11.09.55:771][  0]LogConfig: Setting CVar [[r.Upscale.Quality:3]]
[2020.01.09-11.09.55:771][  0]LogConfig: Setting CVar [[r.Tonemapper.GrainQuantization:1]]
[2020.01.09-11.09.55:771][  0]LogConfig: Setting CVar [[r.LightShaftQuality:1]]
[2020.01.09-11.09.55:771][  0]LogConfig: Setting CVar [[r.Filter.SizeScale:1]]
[2020.01.09-11.09.55:771][  0]LogConfig: Setting CVar [[r.Tonemapper.Quality:5]]
[2020.01.09-11.09.55:771][  0]LogConfig: Setting CVar [[r.DOF.Gather.AccumulatorQuality:1        ; higher gathering accumulator quality]]
[2020.01.09-11.09.55:771][  0]LogConfig: Setting CVar [[r.DOF.Gather.PostfilterMethod:1          ; Median3x3 postfilering method]]
[2020.01.09-11.09.55:771][  0]LogConfig: Setting CVar [[r.DOF.Gather.EnableBokehSettings:0       ; no bokeh simulation when gathering]]
[2020.01.09-11.09.55:771][  0]LogConfig: Setting CVar [[r.DOF.Gather.RingCount:4                 ; medium number of samples when gathering]]
[2020.01.09-11.09.55:771][  0]LogConfig: Setting CVar [[r.DOF.Scatter.ForegroundCompositing:1    ; additive foreground scattering]]
[2020.01.09-11.09.55:771][  0]LogConfig: Setting CVar [[r.DOF.Scatter.BackgroundCompositing:2    ; additive background scattering]]
[2020.01.09-11.09.55:771][  0]LogConfig: Setting CVar [[r.DOF.Scatter.EnableBokehSettings:1      ; bokeh simulation when scattering]]
[2020.01.09-11.09.55:771][  0]LogConfig: Setting CVar [[r.DOF.Scatter.MaxSpriteRatio:0.1         ; only a maximum of 10% of scattered bokeh]]
[2020.01.09-11.09.55:771][  0]LogConfig: Setting CVar [[r.DOF.Recombine.Quality:1                ; cheap slight out of focus]]
[2020.01.09-11.09.55:771][  0]LogConfig: Setting CVar [[r.DOF.Recombine.EnableBokehSettings:0    ; no bokeh simulation on slight out of focus]]
[2020.01.09-11.09.55:771][  0]LogConfig: Setting CVar [[r.DOF.TemporalAAQuality:1                ; more stable temporal accumulation]]
[2020.01.09-11.09.55:771][  0]LogConfig: Setting CVar [[r.DOF.Kernel.MaxForegroundRadius:0.025]]
[2020.01.09-11.09.55:771][  0]LogConfig: Setting CVar [[r.DOF.Kernel.MaxBackgroundRadius:0.025]]
[2020.01.09-11.09.55:771][  0]LogConfig: Applying CVar settings from Section [TextureQuality@3] File [E:/Unreal/UnrealEngineLecture/BuildingEscape 4.24/Saved/Config/Windows/Scalability.ini]
[2020.01.09-11.09.55:771][  0]LogConfig: Setting CVar [[r.Streaming.MipBias:0]]
[2020.01.09-11.09.55:771][  0]LogConfig: Setting CVar [[r.Streaming.AmortizeCPUToGPUCopy:0]]
[2020.01.09-11.09.55:771][  0]LogConfig: Setting CVar [[r.Streaming.MaxNumTexturesToStreamPerFrame:0]]
[2020.01.09-11.09.55:771][  0]LogConfig: Setting CVar [[r.Streaming.Boost:1]]
[2020.01.09-11.09.55:771][  0]LogConfig: Setting CVar [[r.MaxAnisotropy:8]]
[2020.01.09-11.09.55:771][  0]LogConfig: Setting CVar [[r.VT.MaxAnisotropy:8]]
[2020.01.09-11.09.55:771][  0]LogConfig: Setting CVar [[r.Streaming.LimitPoolSizeToVRAM:0]]
[2020.01.09-11.09.55:771][  0]LogConfig: Setting CVar [[r.Streaming.PoolSize:1000]]
[2020.01.09-11.09.55:771][  0]LogConfig: Setting CVar [[r.Streaming.MaxEffectiveScreenSize:0]]
[2020.01.09-11.09.55:771][  0]LogConfig: Applying CVar settings from Section [EffectsQuality@3] File [E:/Unreal/UnrealEngineLecture/BuildingEscape 4.24/Saved/Config/Windows/Scalability.ini]
[2020.01.09-11.09.55:771][  0]LogConfig: Setting CVar [[r.TranslucencyLightingVolumeDim:64]]
[2020.01.09-11.09.55:771][  0]LogConfig: Setting CVar [[r.RefractionQuality:2]]
[2020.01.09-11.09.55:771][  0]LogConfig: Setting CVar [[r.SSR.Quality:3]]
[2020.01.09-11.09.55:771][  0]LogConfig: Setting CVar [[r.SSR.HalfResSceneColor:0]]
[2020.01.09-11.09.55:771][  0]LogConfig: Setting CVar [[r.SceneColorFormat:4]]
[2020.01.09-11.09.55:771][  0]LogConfig: Setting CVar [[r.DetailMode:2]]
[2020.01.09-11.09.55:771][  0]LogConfig: Setting CVar [[r.TranslucencyVolumeBlur:1]]
[2020.01.09-11.09.55:771][  0]LogConfig: Setting CVar [[r.MaterialQualityLevel:1 ; High quality]]
[2020.01.09-11.09.55:771][  0]LogConfig: Setting CVar [[r.SSS.Scale:1]]
[2020.01.09-11.09.55:771][  0]LogConfig: Setting CVar [[r.SSS.SampleSet:2]]
[2020.01.09-11.09.55:771][  0]LogConfig: Setting CVar [[r.SSS.Quality:1]]
[2020.01.09-11.09.55:771][  0]LogConfig: Setting CVar [[r.SSS.HalfRes:1]]
[2020.01.09-11.09.55:771][  0]LogConfig: Setting CVar [[r.SSGI.Quality:3]]
[2020.01.09-11.09.55:771][  0]LogConfig: Setting CVar [[r.EmitterSpawnRateScale:1.0]]
[2020.01.09-11.09.55:771][  0]LogConfig: Setting CVar [[r.ParticleLightQuality:2]]
[2020.01.09-11.09.55:771][  0]LogConfig: Setting CVar [[r.SkyAtmosphere.AerialPerspectiveLUT.FastApplyOnOpaque:1 ; Always have FastSkyLUT 1 in this case to avoid wrong sky]]
[2020.01.09-11.09.55:771][  0]LogConfig: Setting CVar [[r.SkyAtmosphere.AerialPerspectiveLUT.SampleCountPerSlice:1]]
[2020.01.09-11.09.55:771][  0]LogConfig: Setting CVar [[r.SkyAtmosphere.AerialPerspectiveLUT.DepthResolution:16.0]]
[2020.01.09-11.09.55:771][  0]LogConfig: Setting CVar [[r.SkyAtmosphere.FastSkyLUT:1]]
[2020.01.09-11.09.55:771][  0]LogConfig: Setting CVar [[r.SkyAtmosphere.FastSkyLUT.SampleCountMin:4.0]]
[2020.01.09-11.09.55:771][  0]LogConfig: Setting CVar [[r.SkyAtmosphere.FastSkyLUT.SampleCountMax:32.0]]
[2020.01.09-11.09.55:771][  0]LogConfig: Setting CVar [[r.SkyAtmosphere.SampleCountMin:4.0]]
[2020.01.09-11.09.55:771][  0]LogConfig: Setting CVar [[r.SkyAtmosphere.SampleCountMax:32.0]]
[2020.01.09-11.09.55:771][  0]LogConfig: Setting CVar [[r.SkyAtmosphere.TransmittanceLUT.UseSmallFormat:0]]
[2020.01.09-11.09.55:771][  0]LogConfig: Setting CVar [[r.SkyAtmosphere.TransmittanceLUT.SampleCount:10.0]]
[2020.01.09-11.09.55:771][  0]LogConfig: Setting CVar [[r.SkyAtmosphere.MultiScatteringLUT.SampleCount:15.0]]
[2020.01.09-11.09.55:771][  0]LogConfig: Applying CVar settings from Section [FoliageQuality@3] File [E:/Unreal/UnrealEngineLecture/BuildingEscape 4.24/Saved/Config/Windows/Scalability.ini]
[2020.01.09-11.09.55:771][  0]LogConfig: Setting CVar [[foliage.DensityScale:1.0]]
[2020.01.09-11.09.55:771][  0]LogConfig: Setting CVar [[grass.DensityScale:1.0]]
[2020.01.09-11.09.55:771][  0]LogConfig: Applying CVar settings from Section [ShadingQuality@3] File [E:/Unreal/UnrealEngineLecture/BuildingEscape 4.24/Saved/Config/Windows/Scalability.ini]
[2020.01.09-11.09.55:771][  0]LogConfig: Setting CVar [[r.HairStrands.SkyLighting.SampleCount:16]]
[2020.01.09-11.09.55:771][  0]LogConfig: Setting CVar [[r.HairStrands.SkyLighting.JitterIntegration:0]]
[2020.01.09-11.09.55:771][  0]LogConfig: Setting CVar [[r.HairStrands.SkyAO.SampleCount:16]]
[2020.01.09-11.09.55:771][  0]LogInit: Selected Device Profile: [Windows]
[2020.01.09-11.09.55:771][  0]LogInit: Applying CVar settings loaded from the selected device profile: [Windows]
[2020.01.09-11.09.55:774][  0]LogHAL: Display: Platform has ~ 16 GB [17090883584 / 17179869184 / 16], which maps to Larger [LargestMinGB=32, LargerMinGB=12, DefaultMinGB=8, SmallerMinGB=6, SmallestMinGB=0)
[2020.01.09-11.09.55:774][  0]LogInit: Going up to parent DeviceProfile []
[2020.01.09-11.09.55:774][  0]LogConfig: Applying CVar settings from Section [ViewDistanceQuality@3] File [E:/Unreal/UnrealEngineLecture/BuildingEscape 4.24/Saved/Config/Windows/Scalability.ini]
[2020.01.09-11.09.55:774][  0]LogConfig: Setting CVar [[r.SkeletalMeshLODBias:0]]
[2020.01.09-11.09.55:774][  0]LogConfig: Setting CVar [[r.ViewDistanceScale:1.0]]
[2020.01.09-11.09.55:774][  0]LogConfig: Applying CVar settings from Section [AntiAliasingQuality@3] File [E:/Unreal/UnrealEngineLecture/BuildingEscape 4.24/Saved/Config/Windows/Scalability.ini]
[2020.01.09-11.09.55:774][  0]LogConfig: Setting CVar [[r.PostProcessAAQuality:4]]
[2020.01.09-11.09.55:774][  0]LogConfig: Applying CVar settings from Section [ShadowQuality@3] File [E:/Unreal/UnrealEngineLecture/BuildingEscape 4.24/Saved/Config/Windows/Scalability.ini]
[2020.01.09-11.09.55:774][  0]LogConfig: Setting CVar [[r.LightFunctionQuality:1]]
[2020.01.09-11.09.55:774][  0]LogConfig: Setting CVar [[r.ShadowQuality:5]]
[2020.01.09-11.09.55:774][  0]LogConfig: Setting CVar [[r.Shadow.CSM.MaxCascades:10]]
[2020.01.09-11.09.55:774][  0]LogConfig: Setting CVar [[r.Shadow.MaxResolution:2048]]
[2020.01.09-11.09.55:774][  0]LogConfig: Setting CVar [[r.Shadow.MaxCSMResolution:2048]]
[2020.01.09-11.09.55:774][  0]LogConfig: Setting CVar [[r.Shadow.RadiusThreshold:0.01]]
[2020.01.09-11.09.55:774][  0]LogConfig: Setting CVar [[r.Shadow.DistanceScale:1.0]]
[2020.01.09-11.09.55:774][  0]LogConfig: Setting CVar [[r.Shadow.CSM.TransitionScale:1.0]]
[2020.01.09-11.09.55:774][  0]LogConfig: Setting CVar [[r.Shadow.PreShadowResolutionFactor:1.0]]
[2020.01.09-11.09.55:774][  0]LogConfig: Setting CVar [[r.DistanceFieldShadowing:1]]
[2020.01.09-11.09.55:774][  0]LogConfig: Setting CVar [[r.DistanceFieldAO:1]]
[2020.01.09-11.09.55:774][  0]LogConfig: Setting CVar [[r.AOQuality:2]]
[2020.01.09-11.09.55:774][  0]LogConfig: Setting CVar [[r.VolumetricFog:1]]
[2020.01.09-11.09.55:774][  0]LogConfig: Setting CVar [[r.VolumetricFog.GridPixelSize:8]]
[2020.01.09-11.09.55:774][  0]LogConfig: Setting CVar [[r.VolumetricFog.GridSizeZ:128]]
[2020.01.09-11.09.55:774][  0]LogConfig: Setting CVar [[r.VolumetricFog.HistoryMissSupersampleCount:4]]
[2020.01.09-11.09.55:774][  0]LogConfig: Setting CVar [[r.LightMaxDrawDistanceScale:1]]
[2020.01.09-11.09.55:774][  0]LogConfig: Setting CVar [[r.CapsuleShadows:1]]
[2020.01.09-11.09.55:774][  0]LogConfig: Applying CVar settings from Section [PostProcessQuality@3] File [E:/Unreal/UnrealEngineLecture/BuildingEscape 4.24/Saved/Config/Windows/Scalability.ini]
[2020.01.09-11.09.55:774][  0]LogConfig: Setting CVar [[r.MotionBlurQuality:4]]
[2020.01.09-11.09.55:774][  0]LogConfig: Setting CVar [[r.AmbientOcclusionMipLevelFactor:0.4]]
[2020.01.09-11.09.55:774][  0]LogConfig: Setting CVar [[r.AmbientOcclusionMaxQuality:100]]
[2020.01.09-11.09.55:774][  0]LogConfig: Setting CVar [[r.AmbientOcclusionLevels:-1]]
[2020.01.09-11.09.55:774][  0]LogConfig: Setting CVar [[r.AmbientOcclusionRadiusScale:1.0]]
[2020.01.09-11.09.55:774][  0]LogConfig: Setting CVar [[r.DepthOfFieldQuality:2]]
[2020.01.09-11.09.55:774][  0]LogConfig: Setting CVar [[r.RenderTargetPoolMin:400]]
[2020.01.09-11.09.55:774][  0]LogConfig: Setting CVar [[r.LensFlareQuality:2]]
[2020.01.09-11.09.55:774][  0]LogConfig: Setting CVar [[r.SceneColorFringeQuality:1]]
[2020.01.09-11.09.55:774][  0]LogConfig: Setting CVar [[r.EyeAdaptationQuality:2]]
[2020.01.09-11.09.55:774][  0]LogConfig: Setting CVar [[r.BloomQuality:5]]
[2020.01.09-11.09.55:774][  0]LogConfig: Setting CVar [[r.FastBlurThreshold:100]]
[2020.01.09-11.09.55:774][  0]LogConfig: Setting CVar [[r.Upscale.Quality:3]]
[2020.01.09-11.09.55:774][  0]LogConfig: Setting CVar [[r.Tonemapper.GrainQuantization:1]]
[2020.01.09-11.09.55:774][  0]LogConfig: Setting CVar [[r.LightShaftQuality:1]]
[2020.01.09-11.09.55:775][  0]LogConfig: Setting CVar [[r.Filter.SizeScale:1]]
[2020.01.09-11.09.55:775][  0]LogConfig: Setting CVar [[r.Tonemapper.Quality:5]]
[2020.01.09-11.09.55:775][  0]LogConfig: Setting CVar [[r.DOF.Gather.AccumulatorQuality:1        ; higher gathering accumulator quality]]
[2020.01.09-11.09.55:775][  0]LogConfig: Setting CVar [[r.DOF.Gather.PostfilterMethod:1          ; Median3x3 postfilering method]]
[2020.01.09-11.09.55:775][  0]LogConfig: Setting CVar [[r.DOF.Gather.EnableBokehSettings:0       ; no bokeh simulation when gathering]]
[2020.01.09-11.09.55:775][  0]LogConfig: Setting CVar [[r.DOF.Gather.RingCount:4                 ; medium number of samples when gathering]]
[2020.01.09-11.09.55:775][  0]LogConfig: Setting CVar [[r.DOF.Scatter.ForegroundCompositing:1    ; additive foreground scattering]]
[2020.01.09-11.09.55:775][  0]LogConfig: Setting CVar [[r.DOF.Scatter.BackgroundCompositing:2    ; additive background scattering]]
[2020.01.09-11.09.55:775][  0]LogConfig: Setting CVar [[r.DOF.Scatter.EnableBokehSettings:1      ; bokeh simulation when scattering]]
[2020.01.09-11.09.55:775][  0]LogConfig: Setting CVar [[r.DOF.Scatter.MaxSpriteRatio:0.1         ; only a maximum of 10% of scattered bokeh]]
[2020.01.09-11.09.55:775][  0]LogConfig: Setting CVar [[r.DOF.Recombine.Quality:1                ; cheap slight out of focus]]
[2020.01.09-11.09.55:775][  0]LogConfig: Setting CVar [[r.DOF.Recombine.EnableBokehSettings:0    ; no bokeh simulation on slight out of focus]]
[2020.01.09-11.09.55:775][  0]LogConfig: Setting CVar [[r.DOF.TemporalAAQuality:1                ; more stable temporal accumulation]]
[2020.01.09-11.09.55:775][  0]LogConfig: Setting CVar [[r.DOF.Kernel.MaxForegroundRadius:0.025]]
[2020.01.09-11.09.55:775][  0]LogConfig: Setting CVar [[r.DOF.Kernel.MaxBackgroundRadius:0.025]]
[2020.01.09-11.09.55:775][  0]LogConfig: Applying CVar settings from Section [TextureQuality@3] File [E:/Unreal/UnrealEngineLecture/BuildingEscape 4.24/Saved/Config/Windows/Scalability.ini]
[2020.01.09-11.09.55:775][  0]LogConfig: Setting CVar [[r.Streaming.MipBias:0]]
[2020.01.09-11.09.55:775][  0]LogConfig: Setting CVar [[r.Streaming.AmortizeCPUToGPUCopy:0]]
[2020.01.09-11.09.55:775][  0]LogConfig: Setting CVar [[r.Streaming.MaxNumTexturesToStreamPerFrame:0]]
[2020.01.09-11.09.55:775][  0]LogConfig: Setting CVar [[r.Streaming.Boost:1]]
[2020.01.09-11.09.55:775][  0]LogConfig: Setting CVar [[r.MaxAnisotropy:8]]
[2020.01.09-11.09.55:775][  0]LogConfig: Setting CVar [[r.VT.MaxAnisotropy:8]]
[2020.01.09-11.09.55:775][  0]LogConfig: Setting CVar [[r.Streaming.LimitPoolSizeToVRAM:0]]
[2020.01.09-11.09.55:775][  0]LogConfig: Setting CVar [[r.Streaming.PoolSize:1000]]
[2020.01.09-11.09.55:775][  0]LogConfig: Setting CVar [[r.Streaming.MaxEffectiveScreenSize:0]]
[2020.01.09-11.09.55:775][  0]LogConfig: Applying CVar settings from Section [EffectsQuality@3] File [E:/Unreal/UnrealEngineLecture/BuildingEscape 4.24/Saved/Config/Windows/Scalability.ini]
[2020.01.09-11.09.55:775][  0]LogConfig: Setting CVar [[r.TranslucencyLightingVolumeDim:64]]
[2020.01.09-11.09.55:775][  0]LogConfig: Setting CVar [[r.RefractionQuality:2]]
[2020.01.09-11.09.55:775][  0]LogConfig: Setting CVar [[r.SSR.Quality:3]]
[2020.01.09-11.09.55:775][  0]LogConfig: Setting CVar [[r.SSR.HalfResSceneColor:0]]
[2020.01.09-11.09.55:775][  0]LogConfig: Setting CVar [[r.SceneColorFormat:4]]
[2020.01.09-11.09.55:775][  0]LogConfig: Setting CVar [[r.DetailMode:2]]
[2020.01.09-11.09.55:775][  0]LogConfig: Setting CVar [[r.TranslucencyVolumeBlur:1]]
[2020.01.09-11.09.55:775][  0]LogConfig: Setting CVar [[r.MaterialQualityLevel:1 ; High quality]]
[2020.01.09-11.09.55:775][  0]LogConfig: Setting CVar [[r.SSS.Scale:1]]
[2020.01.09-11.09.55:775][  0]LogConfig: Setting CVar [[r.SSS.SampleSet:2]]
[2020.01.09-11.09.55:775][  0]LogConfig: Setting CVar [[r.SSS.Quality:1]]
[2020.01.09-11.09.55:775][  0]LogConfig: Setting CVar [[r.SSS.HalfRes:1]]
[2020.01.09-11.09.55:775][  0]LogConfig: Setting CVar [[r.SSGI.Quality:3]]
[2020.01.09-11.09.55:775][  0]LogConfig: Setting CVar [[r.EmitterSpawnRateScale:1.0]]
[2020.01.09-11.09.55:775][  0]LogConfig: Setting CVar [[r.ParticleLightQuality:2]]
[2020.01.09-11.09.55:775][  0]LogConfig: Setting CVar [[r.SkyAtmosphere.AerialPerspectiveLUT.FastApplyOnOpaque:1 ; Always have FastSkyLUT 1 in this case to avoid wrong sky]]
[2020.01.09-11.09.55:775][  0]LogConfig: Setting CVar [[r.SkyAtmosphere.AerialPerspectiveLUT.SampleCountPerSlice:1]]
[2020.01.09-11.09.55:775][  0]LogConfig: Setting CVar [[r.SkyAtmosphere.AerialPerspectiveLUT.DepthResolution:16.0]]
[2020.01.09-11.09.55:775][  0]LogConfig: Setting CVar [[r.SkyAtmosphere.FastSkyLUT:1]]
[2020.01.09-11.09.55:775][  0]LogConfig: Setting CVar [[r.SkyAtmosphere.FastSkyLUT.SampleCountMin:4.0]]
[2020.01.09-11.09.55:775][  0]LogConfig: Setting CVar [[r.SkyAtmosphere.FastSkyLUT.SampleCountMax:32.0]]
[2020.01.09-11.09.55:775][  0]LogConfig: Setting CVar [[r.SkyAtmosphere.SampleCountMin:4.0]]
[2020.01.09-11.09.55:775][  0]LogConfig: Setting CVar [[r.SkyAtmosphere.SampleCountMax:32.0]]
[2020.01.09-11.09.55:775][  0]LogConfig: Setting CVar [[r.SkyAtmosphere.TransmittanceLUT.UseSmallFormat:0]]
[2020.01.09-11.09.55:775][  0]LogConfig: Setting CVar [[r.SkyAtmosphere.TransmittanceLUT.SampleCount:10.0]]
[2020.01.09-11.09.55:775][  0]LogConfig: Setting CVar [[r.SkyAtmosphere.MultiScatteringLUT.SampleCount:15.0]]
[2020.01.09-11.09.55:775][  0]LogConfig: Applying CVar settings from Section [FoliageQuality@3] File [E:/Unreal/UnrealEngineLecture/BuildingEscape 4.24/Saved/Config/Windows/Scalability.ini]
[2020.01.09-11.09.55:775][  0]LogConfig: Setting CVar [[foliage.DensityScale:1.0]]
[2020.01.09-11.09.55:775][  0]LogConfig: Setting CVar [[grass.DensityScale:1.0]]
[2020.01.09-11.09.55:775][  0]LogConfig: Applying CVar settings from Section [ShadingQuality@3] File [E:/Unreal/UnrealEngineLecture/BuildingEscape 4.24/Saved/Config/Windows/Scalability.ini]
[2020.01.09-11.09.55:775][  0]LogConfig: Setting CVar [[r.HairStrands.SkyLighting.SampleCount:16]]
[2020.01.09-11.09.55:775][  0]LogConfig: Setting CVar [[r.HairStrands.SkyLighting.JitterIntegration:0]]
[2020.01.09-11.09.55:775][  0]LogConfig: Setting CVar [[r.HairStrands.SkyAO.SampleCount:16]]
[2020.01.09-11.09.55:775][  0]LogConfig: Applying CVar settings from Section [Startup] File [../../../Engine/Config/ConsoleVariables.ini]
[2020.01.09-11.09.55:775][  0]LogConfig: Setting CVar [[net.UseAdaptiveNetUpdateFrequency:0]]
[2020.01.09-11.09.55:775][  0]LogConfig: Setting CVar [[p.chaos.AllowCreatePhysxBodies:1]]
[2020.01.09-11.09.55:776][  0]LogConfig: Applying CVar settings from Section [ConsoleVariables] File [E:/Unreal/UnrealEngineLecture/BuildingEscape 4.24/Saved/Config/Windows/Engine.ini]
[2020.01.09-11.09.55:776][  0]LogInit: Computer: DESKTOP-QA6POHN
[2020.01.09-11.09.55:776][  0]LogInit: User: Leedongheon
[2020.01.09-11.09.55:776][  0]LogInit: CPU Page size=4096, Cores=8
[2020.01.09-11.09.55:776][  0]LogInit: High frequency timer resolution =10.000000 MHz
[2020.01.09-11.09.55:776][  0]LogMemory: Memory total: Physical=15.9GB (16GB approx)
[2020.01.09-11.09.55:776][  0]LogMemory: Platform Memory Stats for Windows
[2020.01.09-11.09.55:776][  0]LogMemory: Process Physical Memory: 107.00 MB used, 107.00 MB peak
[2020.01.09-11.09.55:776][  0]LogMemory: Process Virtual Memory: 102.46 MB used, 102.46 MB peak
[2020.01.09-11.09.55:776][  0]LogMemory: Physical Memory: 7183.62 MB used,  9115.52 MB free, 16299.14 MB total
[2020.01.09-11.09.55:776][  0]LogMemory: Virtual Memory: 5179.34 MB used,  134212552.00 MB free, 134217728.00 MB total
[2020.01.09-11.09.56:106][  0]LogWindows: WindowsPlatformFeatures enabled
[2020.01.09-11.09.56:121][  0]LogInit: Overriding language with editor language configuration option (en).
[2020.01.09-11.09.56:121][  0]LogInit: Overriding locale with editor culture configuration option ().
[2020.01.09-11.09.56:121][  0]LogInit: Using OS detected locale (ko-KR).
[2020.01.09-11.09.56:247][  0]LogInit: Setting process to per monitor DPI aware
[2020.01.09-11.09.56:281][  0]LogSlate: New Slate User Created.  User Index 0, Is Virtual User: 0
[2020.01.09-11.09.56:281][  0]LogSlate: Slate User Registered.  User Index 0, Is Virtual User: 0
[2020.01.09-11.09.56:387][  0]LogHMD: Failed to initialize OpenVR with code 110
[2020.01.09-11.09.56:387][  0]LogD3D11RHI: D3D11 min allowed feature level: 11_0
[2020.01.09-11.09.56:387][  0]LogD3D11RHI: D3D11 max allowed feature level: 11_0
[2020.01.09-11.09.56:387][  0]LogD3D11RHI: D3D11 adapters:
[2020.01.09-11.09.56:459][  0]LogD3D11RHI:    0. 'NVIDIA GeForce RTX 2080' (Feature Level 11_0)
[2020.01.09-11.09.56:459][  0]LogD3D11RHI:       8010/0/8149 MB DedicatedVideo/DedicatedSystem/SharedSystem, Outputs:1, VendorId:0x10de
[2020.01.09-11.09.56:461][  0]LogD3D11RHI:    1. 'Microsoft Basic Render Driver' (Feature Level 11_0)
[2020.01.09-11.09.56:461][  0]LogD3D11RHI:       0/0/8149 MB DedicatedVideo/DedicatedSystem/SharedSystem, Outputs:0, VendorId:0x1414
[2020.01.09-11.09.56:461][  0]LogD3D11RHI: Chosen D3D11 Adapter: 0
[2020.01.09-11.09.56:469][  0]LogD3D11RHI: Creating new Direct3DDevice
[2020.01.09-11.09.56:469][  0]LogD3D11RHI:     GPU DeviceId: 0x1e87 (for the marketing name, search the web for "GPU Device Id")
[2020.01.09-11.09.56:469][  0]LogWindows: EnumDisplayDevices:
[2020.01.09-11.09.56:469][  0]LogWindows:    0. 'NVIDIA GeForce RTX 2080' (P:1 D:1)
[2020.01.09-11.09.56:469][  0]LogWindows:    1. 'NVIDIA GeForce RTX 2080' (P:0 D:0)
[2020.01.09-11.09.56:469][  0]LogWindows:    2. 'NVIDIA GeForce RTX 2080' (P:0 D:0)
[2020.01.09-11.09.56:470][  0]LogWindows:    3. 'NVIDIA GeForce RTX 2080' (P:0 D:0)
[2020.01.09-11.09.56:470][  0]LogWindows: DebugString: FoundDriverCount:4 
[2020.01.09-11.09.56:470][  0]LogD3D11RHI:     Adapter Name: NVIDIA GeForce RTX 2080
[2020.01.09-11.09.56:470][  0]LogD3D11RHI:   Driver Version: 441.87 (internal:26.21.14.4187, unified:441.87)
[2020.01.09-11.09.56:470][  0]LogD3D11RHI:      Driver Date: 12-24-2019
[2020.01.09-11.09.56:470][  0]LogRHI: Texture pool is 5607 MB (70% of 8010 MB)
[2020.01.09-11.09.56:514][  0]LogD3D11RHI: RHI has support for 64 bit atomics
[2020.01.09-11.09.56:514][  0]LogD3D11RHI: Async texture creation enabled
[2020.01.09-11.09.56:532][  0]LogD3D11RHI: GPU Timing Frequency: 1000.000000 (Debug: 2 1)
[2020.01.09-11.09.56:786][  0]LogTargetPlatformManager: Display: Loaded TargetPlatform 'AllDesktop'
[2020.01.09-11.09.56:814][  0]LogTargetPlatformManager: Display: Loaded TargetPlatform 'Android'
[2020.01.09-11.09.56:814][  0]LogTargetPlatformManager: Display: Loaded TargetPlatform 'Android_ASTC'
[2020.01.09-11.09.56:814][  0]LogTargetPlatformManager: Display: Loaded TargetPlatform 'Android_ATC'
[2020.01.09-11.09.56:814][  0]LogTargetPlatformManager: Display: Loaded TargetPlatform 'Android_DXT'
[2020.01.09-11.09.56:814][  0]LogTargetPlatformManager: Display: Loaded TargetPlatform 'Android_ETC1'
[2020.01.09-11.09.56:814][  0]LogTargetPlatformManager: Display: Loaded TargetPlatform 'Android_ETC1a'
[2020.01.09-11.09.56:814][  0]LogTargetPlatformManager: Display: Loaded TargetPlatform 'Android_ETC2'
[2020.01.09-11.09.56:815][  0]LogTargetPlatformManager: Display: Loaded TargetPlatform 'Android_PVRTC'
[2020.01.09-11.09.56:815][  0]LogTargetPlatformManager: Display: Loaded TargetPlatform 'AndroidClient'
[2020.01.09-11.09.56:815][  0]LogTargetPlatformManager: Display: Loaded TargetPlatform 'Android_ASTCClient'
[2020.01.09-11.09.56:815][  0]LogTargetPlatformManager: Display: Loaded TargetPlatform 'Android_ATCClient'
[2020.01.09-11.09.56:815][  0]LogTargetPlatformManager: Display: Loaded TargetPlatform 'Android_DXTClient'
[2020.01.09-11.09.56:815][  0]LogTargetPlatformManager: Display: Loaded TargetPlatform 'Android_ETC1Client'
[2020.01.09-11.09.56:815][  0]LogTargetPlatformManager: Display: Loaded TargetPlatform 'Android_ETC1aClient'
[2020.01.09-11.09.56:815][  0]LogTargetPlatformManager: Display: Loaded TargetPlatform 'Android_ETC2Client'
[2020.01.09-11.09.56:815][  0]LogTargetPlatformManager: Display: Loaded TargetPlatform 'Android_PVRTCClient'
[2020.01.09-11.09.56:815][  0]LogTargetPlatformManager: Display: Loaded TargetPlatform 'Android_Multi'
[2020.01.09-11.09.56:815][  0]LogTargetPlatformManager: Display: Loaded TargetPlatform 'Android_MultiClient'
[2020.01.09-11.09.56:833][  0]LogTargetPlatformManager: Display: Loaded TargetPlatform 'IOSClient'
[2020.01.09-11.09.56:833][  0]LogTargetPlatformManager: Display: Loaded TargetPlatform 'IOS'
[2020.01.09-11.09.56:838][  0]LogTargetPlatformManager: Display: Loaded TargetPlatform 'LinuxNoEditor'
[2020.01.09-11.09.56:844][  0]LogTargetPlatformManager: Display: Loaded TargetPlatform 'LinuxClient'
[2020.01.09-11.09.56:850][  0]LogTargetPlatformManager: Display: Loaded TargetPlatform 'LinuxServer'
[2020.01.09-11.09.56:855][  0]LogTargetPlatformManager: Display: Loaded TargetPlatform 'LinuxAArch64NoEditor'
[2020.01.09-11.09.56:861][  0]LogTargetPlatformManager: Display: Loaded TargetPlatform 'LinuxAArch64Client'
[2020.01.09-11.09.56:866][  0]LogTargetPlatformManager: Display: Loaded TargetPlatform 'LinuxAArch64Server'
[2020.01.09-11.09.56:885][  0]LogTargetPlatformManager: Display: Loaded TargetPlatform 'Lumin'
[2020.01.09-11.09.56:885][  0]LogTargetPlatformManager: Display: Loaded TargetPlatform 'LuminClient'
[2020.01.09-11.09.56:896][  0]LogTargetPlatformManager: Display: Loaded TargetPlatform 'TVOSClient'
[2020.01.09-11.09.56:896][  0]LogTargetPlatformManager: Display: Loaded TargetPlatform 'TVOS'
[2020.01.09-11.09.56:901][  0]LogTargetPlatformManager: Display: Loaded TargetPlatform 'WindowsNoEditor'
[2020.01.09-11.09.56:907][  0]LogTargetPlatformManager: Display: Loaded TargetPlatform 'Windows'
[2020.01.09-11.09.56:913][  0]LogTargetPlatformManager: Display: Loaded TargetPlatform 'WindowsClient'
[2020.01.09-11.09.56:919][  0]LogTargetPlatformManager: Display: Loaded TargetPlatform 'WindowsServer'
[2020.01.09-11.09.56:919][  0]LogTargetPlatformManager: Display: Building Assets For Windows
[2020.01.09-11.09.56:921][  0]LogAudioDebug: Display: Lib vorbis DLL was dynamically loaded.
[2020.01.09-11.09.56:941][  0]LogShaderCompilers: Guid format shader working directory is 4 characters bigger than the processId version (E:/Unreal/UnrealEngineLecture/BuildingEscape 4.24/Intermediate/Shaders/WorkingDirectory/19664/).
[2020.01.09-11.09.56:941][  0]LogShaderCompilers: Cleaned the shader compiler working directory 'C:/Users/Lee dong heon/AppData/Local/Temp/UnrealShaderWorkingDir/0EAD1D894C4A67AA34AB9C80E5F34686/'.
[2020.01.09-11.09.56:942][  0]LogXGEController: Cannot use XGE Controller as Incredibuild is not installed on this machine.
[2020.01.09-11.09.56:942][  0]LogShaderCompilers: Cannot use XGE Shader Compiler as Incredibuild is not installed on this machine.
[2020.01.09-11.09.56:942][  0]LogShaderCompilers: Display: Using Local Shader Compiler.
[2020.01.09-11.09.57:536][  0]LogDerivedDataCache: Display: Max Cache Size: 512 MB
[2020.01.09-11.09.57:580][  0]LogDerivedDataCache: Loaded boot cache 0.04s 78MB C:/Users/Lee dong heon/AppData/Local/UnrealEngine/4.24/DerivedDataCache/Boot.ddc.
[2020.01.09-11.09.57:580][  0]LogDerivedDataCache: Display: Loaded Boot cache: C:/Users/Lee dong heon/AppData/Local/UnrealEngine/4.24/DerivedDataCache/Boot.ddc
[2020.01.09-11.09.57:580][  0]LogDerivedDataCache: FDerivedDataBackendGraph:  Pak pak cache file E:/Unreal/UnrealEngineLecture/BuildingEscape 4.24/DerivedDataCache/DDC.ddp not found, will not use a pak cache.
[2020.01.09-11.09.57:580][  0]LogDerivedDataCache: Unable to find inner node Pak for hierarchical cache Hierarchy.
[2020.01.09-11.09.57:580][  0]LogDerivedDataCache: FDerivedDataBackendGraph:  CompressedPak pak cache file E:/Unreal/UnrealEngineLecture/BuildingEscape 4.24/DerivedDataCache/Compressed.ddp not found, will not use a pak cache.
[2020.01.09-11.09.57:580][  0]LogDerivedDataCache: Unable to find inner node CompressedPak for hierarchical cache Hierarchy.
[2020.01.09-11.09.57:588][  0]LogDerivedDataCache: Display: Pak cache opened for reading ../../../Engine/DerivedDataCache/Compressed.ddp.
[2020.01.09-11.09.57:588][  0]LogDerivedDataCache: FDerivedDataBackendGraph:  EnterprisePak pak cache file ../../../Enterprise/DerivedDataCache/Compressed.ddp not found, will not use a pak cache.
[2020.01.09-11.09.57:588][  0]LogDerivedDataCache: Unable to find inner node EnterprisePak for hierarchical cache Hierarchy.
[2020.01.09-11.09.57:589][  0]LogDerivedDataCache: Using Local data cache path C:/Users/Lee dong heon/AppData/Local/UnrealEngine/Common/DerivedDataCache: Writable
[2020.01.09-11.09.57:590][  0]LogDerivedDataCache: Shared data cache path not found in *engine.ini, will not use an Shared cache.
[2020.01.09-11.09.57:590][  0]LogDerivedDataCache: Unable to find inner node Shared for hierarchical cache Hierarchy.
[2020.01.09-11.09.57:610][  0]LogMaterial: Verifying Global Shaders for PCD3D_SM5
[2020.01.09-11.09.57:612][  0]LogSlate: Using FreeType 2.10.0
[2020.01.09-11.09.57:612][  0]LogSlate: SlateFontServices - WITH_FREETYPE: 1, WITH_HARFBUZZ: 1
[2020.01.09-11.09.57:651][  0]LogAssetRegistry: FAssetRegistry took 0.0020 seconds to start up
[2020.01.09-11.09.57:872][  0]LogInit: Selected Device Profile: [Windows]
[2020.01.09-11.09.57:994][  0]LogMeshReduction: Using QuadricMeshReduction for automatic static mesh reduction
[2020.01.09-11.09.57:994][  0]LogMeshReduction: Using SimplygonMeshReduction for automatic skeletal mesh reduction
[2020.01.09-11.09.57:994][  0]LogMeshReduction: Using ProxyLODMeshReduction for automatic mesh merging
[2020.01.09-11.09.57:994][  0]LogMeshReduction: No distributed automatic mesh merging module available
[2020.01.09-11.09.57:994][  0]LogMeshMerging: No distributed automatic mesh merging module available
[2020.01.09-11.09.58:003][  0]LogNetVersion: BuildingEscape 1.0.0, NetCL: 10570792, EngineNetVer: 13, GameNetVer: 0 (Checksum: 2745654942)
[2020.01.09-11.09.58:853][  0]LogPackageLocalizationCache: Processed 10 localized package path(s) for 1 prioritized culture(s) in 0.048811 seconds
[2020.01.09-11.09.58:859][  0]LogUObjectArray: 46750 objects as part of root set at end of initial load.
[2020.01.09-11.09.58:859][  0]LogUObjectAllocator: 8137160 out of 0 bytes used by permanent object pool.
[2020.01.09-11.09.58:859][  0]LogUObjectArray: CloseDisregardForGC: 0/0 objects in disregard for GC pool
[2020.01.09-11.09.59:160][  0]LogTcpMessaging: Initializing TcpMessaging bridge
[2020.01.09-11.09.59:162][  0]LogUdpMessaging: Initializing bridge on interface 0.0.0.0:0 to multicast group 230.0.0.1:6666.
[2020.01.09-11.09.59:211][  0]SourceControl: Source control is disabled
[2020.01.09-11.09.59:211][  0]SourceControl: Source control is disabled
[2020.01.09-11.09.59:212][  0]SourceControl: Source control is disabled
[2020.01.09-11.09.59:213][  0]SourceControl: Source control is disabled
[2020.01.09-11.09.59:213][  0]SourceControl: Source control is disabled
[2020.01.09-11.09.59:273][  0]LogAndroidPermission: UAndroidPermissionCallbackProxy::GetInstance
[2020.01.09-11.09.59:279][  0]LogAudioCaptureCore: Display: No Audio Capture implementations found. Audio input will be silent.
[2020.01.09-11.09.59:279][  0]LogAudioCaptureCore: Display: No Audio Capture implementations found. Audio input will be silent.
[2020.01.09-11.09.59:344][  0]LogOcInput: OculusInput pre-init called
[2020.01.09-11.09.59:350][  0]LogWindows: Failed to load 'OVRPlugin.dll' (GetLastError=126)
[2020.01.09-11.09.59:350][  0]LogWindows: File 'OVRPlugin.dll' does not exist
[2020.01.09-11.09.59:401][  0]LogEngine: Initializing Engine...
[2020.01.09-11.09.59:402][  0]LogHMD: Failed to initialize OpenVR with code 110
[2020.01.09-11.09.59:403][  0]LogStats: UGameplayTagsManager::InitializeManager -  0.000 s
[2020.01.09-11.09.59:661][  0]LogInit: Initializing FReadOnlyCVARCache
[2020.01.09-11.09.59:667][  0]LogAIModule: Creating AISystem for world Untitled
[2020.01.09-11.09.59:680][  0]LogAudioMixer: Display: Audio Mixer Platform Settings:
[2020.01.09-11.09.59:680][  0]LogAudioMixer: Display: 	Sample Rate:						  48000
[2020.01.09-11.09.59:680][  0]LogAudioMixer: Display: 	Callback Buffer Frame Size Requested: 256
[2020.01.09-11.09.59:680][  0]LogAudioMixer: Display: 	Callback Buffer Frame Size To Use:	  256
[2020.01.09-11.09.59:680][  0]LogAudioMixer: Display: 	Number of buffers to queue:			  7
[2020.01.09-11.09.59:680][  0]LogAudioMixer: Display: 	Max Channels (voices):				  32
[2020.01.09-11.09.59:680][  0]LogAudioMixer: Display: 	Number of Async Source Workers:		  0
[2020.01.09-11.09.59:680][  0]LogAudio: Display: AudioDevice MaxSources: 32
[2020.01.09-11.09.59:680][  0]LogAudio: Display: Using built-in audio occlusion.
[2020.01.09-11.09.59:680][  0]LogAudioMixer: Display: Initializing audio mixer.
[2020.01.09-11.10.01:294][  0]LogAudioMixer: Display: Audio Device Output Speaker Info:
[2020.01.09-11.10.01:294][  0]LogAudioMixer: Display: Name: BenQ XL2730Z(NVIDIA High Definition Audio)
[2020.01.09-11.10.01:294][  0]LogAudioMixer: Display: Is Default: Yes
[2020.01.09-11.10.01:294][  0]LogAudioMixer: Display: Sample Rate: 48000
[2020.01.09-11.10.01:294][  0]LogAudioMixer: Display: Channel Count Used: 2
[2020.01.09-11.10.01:294][  0]LogAudioMixer: Display: Device Channel Count: 2
[2020.01.09-11.10.01:294][  0]LogAudioMixer: Display: Channel Order:
[2020.01.09-11.10.01:294][  0]LogAudioMixer: Display: 0: FrontLeft
[2020.01.09-11.10.01:294][  0]LogAudioMixer: Display: 1: FrontRight
[2020.01.09-11.10.01:309][  0]LogAudioMixer: Display: Using Audio Device BenQ XL2730Z(NVIDIA High Definition Audio)
[2020.01.09-11.10.01:312][  0]LogInit: FAudioDevice initialized.
[2020.01.09-11.10.01:312][  0]LogNetVersion: Set ProjectVersion to 1.0.0.0. Version Checksum will be recalculated on next use.
[2020.01.09-11.10.01:355][  0]LogDerivedDataCache: Saved boot cache 0.04s 78MB C:/Users/Lee dong heon/AppData/Local/UnrealEngine/4.24/DerivedDataCache/Boot.ddc.
[2020.01.09-11.10.01:355][  0]LogInit: Texture streaming: Enabled
[2020.01.09-11.10.01:362][  0]LogEngineSessionManager: EngineSessionManager initialized
[2020.01.09-11.10.01:362][  0]LogEditorSessionSummary: Verbose: Initializing EditorSessionSummaryWriter for editor session tracking
[2020.01.09-11.10.01:363][  0]LogEditorSessionSummary: EditorSessionSummaryWriter initialized
[2020.01.09-11.10.01:389][  0]LogInit: Transaction tracking system initialized
[2020.01.09-11.10.01:397][  0]BlueprintLog: New page: Editor Load
[2020.01.09-11.10.01:419][  0]LocalizationService: Localization service is disabled
[2020.01.09-11.10.01:629][  0]LogFileCache: Scanning file cache for directory 'E:/Unreal/UnrealEngineLecture/BuildingEscape 4.24/Content/' took 0.00s
[2020.01.09-11.10.01:629][  0]LogCook: Display: Max memory allowance for cook 16384mb min free memory 0mb
[2020.01.09-11.10.01:629][  0]LogCook: Display: Mobile HDR setting 1
[2020.01.09-11.10.02:130][  0]SourceControl: Source control is disabled
[2020.01.09-11.10.02:130][  0]Cmd: MAP LOAD FILE="E:/Unreal/UnrealEngineLecture/BuildingEscape 4.24/Saved/Untitled_2.umap" TEMPLATE=0 SHOWPROGRESS=1 FEATURELEVEL=3
[2020.01.09-11.10.02:130][  0]LogEditorServer: Warning: Can't find file 'E:/Unreal/UnrealEngineLecture/BuildingEscape 4.24/Saved/Untitled_2.umap'
[2020.01.09-11.10.02:130][  0]Cmd: MAP CHECKDEP NOCLEARLOG
[2020.01.09-11.10.02:131][  0]MapCheck: Map check complete: 0 Error(s), 0 Warning(s), took 0.076ms to complete.
[2020.01.09-11.10.02:131][  0]LogFileHelpers: Loading map 'Untitled_2' took 0.000
[2020.01.09-11.10.02:255][  0]LogCollectionManager: Loaded 0 collections in 0.001549 seconds
[2020.01.09-11.10.02:275][  0]LogFileCache: Scanning file cache for directory 'E:/Unreal/UnrealEngineLecture/BuildingEscape 4.24/Saved/Collections/' took 0.00s
[2020.01.09-11.10.02:275][  0]LogFileCache: Scanning file cache for directory 'E:/Unreal/UnrealEngineLecture/BuildingEscape 4.24/Content/Developers/Leedongheon/Collections/' took 0.00s
[2020.01.09-11.10.02:275][  0]LogFileCache: Scanning file cache for directory 'E:/Unreal/UnrealEngineLecture/BuildingEscape 4.24/Content/Collections/' took 0.00s
[2020.01.09-11.10.02:275][  0]LogContentBrowser: Native class hierarchy populated in 0.0078 seconds. Added 3019 classes and 719 folders.
[2020.01.09-11.10.02:280][  0]LogContentBrowser: Native class hierarchy updated for 'WidgetCarousel' in 0.0003 seconds. Added 0 classes and 0 folders.
[2020.01.09-11.10.02:396][  0]LogContentBrowser: Native class hierarchy updated for 'AddContentDialog' in 0.0003 seconds. Added 0 classes and 0 folders.
[2020.01.09-11.10.02:408][  0]LogSlate: Updating window title bar state: overlay mode, drag disabled, window buttons hidden, title bar hidden
[2020.01.09-11.10.02:413][  0]LogSlate: Updating window title bar state: overlay mode, drag disabled, window buttons hidden, title bar hidden
[2020.01.09-11.10.02:418][  0]LogSlate: Updating window title bar state: overlay mode, drag disabled, window buttons hidden, title bar hidden
[2020.01.09-11.10.02:423][  0]LogSlate: Updating window title bar state: overlay mode, drag disabled, window buttons hidden, title bar hidden
[2020.01.09-11.10.02:435][  0]LogContentBrowser: Native class hierarchy updated for 'SceneOutliner' in 0.0004 seconds. Added 2 classes and 3 folders.
[2020.01.09-11.10.02:534][  0]LogContentBrowser: Native class hierarchy updated for 'HierarchicalLODOutliner' in 0.0003 seconds. Added 0 classes and 0 folders.
[2020.01.09-11.10.02:534][  0]LogLoad: (Engine Initialization) Total time: 7.93 seconds
[2020.01.09-11.10.02:534][  0]LogLoad: (Engine Initialization) Total Blueprint compile time: 0.00 seconds
[2020.01.09-11.10.02:592][  0]LogContentStreaming: Texture pool size now 1000 MB
[2020.01.09-11.10.02:593][  0]LogSlate: Took 0.000088 seconds to synchronously load lazily loaded font '../../../Engine/Content/Slate/Fonts/Roboto-Regular.ttf' (155K)
[2020.01.09-11.10.02:595][  0]LogSlate: Took 0.000087 seconds to synchronously load lazily loaded font '../../../Engine/Content/Slate/Fonts/Roboto-Bold.ttf' (160K)
[2020.01.09-11.10.02:596][  0]LogSlate: Took 0.000762 seconds to synchronously load lazily loaded font '../../../Engine/Content/Editor/Slate/Fonts/FontAwesome.ttf' (139K)
[2020.01.09-11.10.02:600][  0]LogSlate: Took 0.000839 seconds to synchronously load lazily loaded font '../../../Engine/Content/Slate/Fonts/DroidSansMono.ttf' (77K)
[2020.01.09-11.10.02:715][  1]LogRenderer: Reallocating scene render targets to support 736x464 Format 10 NumSamples 1 (Frame:1).
[2020.01.09-11.10.02:715][  1]LogAssetRegistry: Asset discovery search completed in 5.0643 seconds
[2020.01.09-11.10.02:719][  1]LogCollectionManager: Fixed up redirectors for 0 collections in 0.000009 seconds (updated 0 objects)
[2020.01.09-11.10.04:879][245]LogRenderer: Reallocating scene render targets to support 736x992 Format 10 NumSamples 1 (Frame:246).
[2020.01.09-11.10.08:265][270]LogRenderer: Reallocating scene render targets to support 836x992 Format 10 NumSamples 1 (Frame:263).
[2020.01.09-11.10.31:578][724]LogSlate: Took 0.001012 seconds to synchronously load lazily loaded font '../../../Engine/Content/Slate/Fonts/Roboto-Light.ttf' (167K)
[2020.01.09-11.10.31:602][724]LogAssetEditorSubsystem: Opening Asset editor for Class /Script/BuildingEscape.Grabber
[2020.01.09-11.22.46:210][911]Candidate modules for hot reload:
[2020.01.09-11.22.46:210][911]  BuildingEscape
[2020.01.09-11.22.46:210][911]Launching UnrealBuildTool... [C:/Program Files/Epic Games/UE_4.24/Engine/Binaries/DotNET/UnrealBuildTool.exe  -ModuleWithSuffix=BuildingEscape,313 Win64 Development -TargetType=Editor -Project="E:/Unreal/UnrealEngineLecture/BuildingEscape 4.24/BuildingEscape.uproject" "E:/Unreal/UnrealEngineLecture/BuildingEscape 4.24/BuildingEscape.uproject"  -IgnoreJunk]
[2020.01.09-11.22.46:223][911]Warning: Starting HotReload took  0.1s.
[2020.01.09-11.23.00:380][500]LogRenderer: Reallocating scene render targets to support 876x992 Format 10 NumSamples 1 (Frame:2148).
[2020.01.09-11.23.00:407][501]CompilerResultsLog: New page: Compilation - 2020. 1. 10. 오전 5:23:00
[2020.01.09-11.23.00:407][501]CompilerResultsLog: Parsing headers for BuildingEscapeEditor
[2020.01.09-11.23.00:407][501]CompilerResultsLog:   Running UnrealHeaderTool "E:\Unreal\UnrealEngineLecture\BuildingEscape 4.24\BuildingEscape.uproject" "E:\Unreal\UnrealEngineLecture\BuildingEscape 4.24\Intermediate\Build\Win64\BuildingEscapeEditor\Development\BuildingEscapeEditor.uhtmanifest" -LogCmds="loginit warning, logexit warning, logdatabase error" -Unattended -WarningsAsErrors -installed
[2020.01.09-11.23.00:407][501]CompilerResultsLog: Reflection code generated for BuildingEscapeEditor in 7.2680517 seconds
[2020.01.09-11.23.00:407][501]CompilerResultsLog: Building BuildingEscapeEditor...
[2020.01.09-11.23.00:407][501]CompilerResultsLog: Using Visual Studio 2019 14.24.28314 toolchain (C:\Program Files (x86)\Microsoft Visual Studio\2019\Community\VC\Tools\MSVC\14.24.28314) and Windows 10.0.17763.0 SDK (C:\Program Files (x86)\Windows Kits\10).
[2020.01.09-11.23.00:407][501]CompilerResultsLog: [Upgrade]
[2020.01.09-11.23.00:407][501]CompilerResultsLog: [Upgrade] Using backward-compatible build settings. The latest version of UE4 sets the following values by default, which may require code changes:
[2020.01.09-11.23.00:407][501]CompilerResultsLog: [Upgrade]     bLegacyPublicIncludePaths = false                 => Omits subfolders from public include paths to reduce compiler command line length. (Previously: true).
[2020.01.09-11.23.00:407][501]CompilerResultsLog: [Upgrade]     ShadowVariableWarningLevel = WarningLevel.Error   => Treats shadowed variable warnings as errors. (Previously: WarningLevel.Warning).
[2020.01.09-11.23.00:407][501]CompilerResultsLog: [Upgrade]     PCHUsage = PCHUsageMode.UseExplicitOrSharedPCHs   => Set in build.cs files to enables IWYU-style PCH model. See https://docs.unrealengine.com/en-US/Programming/BuildTools/UnrealBuildTool/IWYU/index.html. (Previously: PCHUsageMode.UseSharedPCHs).
[2020.01.09-11.23.00:407][501]CompilerResultsLog: [Upgrade] Suppress this message by setting 'DefaultBuildSettings = BuildSettingsVersion.V2;' in BuildingEscapeEditor.Target.cs, and explicitly overriding settings that differ from the new defaults.
[2020.01.09-11.23.00:407][501]CompilerResultsLog: [Upgrade]
[2020.01.09-11.23.00:407][501]CompilerResultsLog: Building 4 actions with 16 processes...
[2020.01.09-11.23.00:407][501]CompilerResultsLog:   [1/4] Grabber.cpp
[2020.01.09-11.23.00:407][501]CompilerResultsLog:   [2/4] UE4Editor-BuildingEscape-0313.lib
[2020.01.09-11.23.00:407][501]CompilerResultsLog:      E:\Unreal\UnrealEngineLecture\BuildingEscape 4.24\Intermediate\Build\Win64\UE4Editor\Development\BuildingEscape\UE4Editor-BuildingEscape-0313.lib ???̺귯?? ?? E:\Unreal\UnrealEngineLecture\BuildingEscape 4.24\Intermediate\Build\Win64\UE4Editor\Development\BuildingEscape\UE4Editor-BuildingEscape-0313.exp ??ü?? ?????ϰ? ?ֽ??ϴ?.
[2020.01.09-11.23.00:407][501]CompilerResultsLog:   [3/4] UE4Editor-BuildingEscape-0313.dll
[2020.01.09-11.23.00:407][501]CompilerResultsLog:      E:\Unreal\UnrealEngineLecture\BuildingEscape 4.24\Intermediate\Build\Win64\UE4Editor\Development\BuildingEscape\UE4Editor-BuildingEscape-0313.suppressed.lib ???̺귯?? ?? E:\Unreal\UnrealEngineLecture\BuildingEscape 4.24\Intermediate\Build\Win64\UE4Editor\Development\BuildingEscape\UE4Editor-BuildingEscape-0313.suppressed.exp ??ü?? ?????ϰ? ?ֽ??ϴ?.
[2020.01.09-11.23.00:407][501]CompilerResultsLog:   [4/4] BuildingEscapeEditor.target
[2020.01.09-11.23.00:407][501]CompilerResultsLog: Total time in Parallel executor: 5.72 seconds
[2020.01.09-11.23.00:407][501]CompilerResultsLog: Total execution time: 13.78 seconds
[2020.01.09-11.23.00:407][501]LogMainFrame: MainFrame: Module compiling took 14.202 seconds
[2020.01.09-11.23.00:438][501]LogUObjectHash: Compacting FUObjectHashTables data took   1.60ms
[2020.01.09-11.23.00:449][501]LogContentBrowser: Native class hierarchy populated in 0.0068 seconds. Added 3021 classes and 722 folders.
[2020.01.09-11.23.00:449][501]Display: HotReload took 14.3s.
[2020.01.09-11.23.00:753][501]LogSlate: Took 0.005208 seconds to synchronously load lazily loaded font '../../../Engine/Content/Slate/Fonts/DroidSansFallback.ttf' (3848K)
[2020.01.09-11.23.00:756][501]LogSlate: Last resort fallback font was requested. Font: '../../../Engine/Content/Slate/Fonts/DroidSansFallback.ttf', Character: 'ϰ (U+03f0)'
[2020.01.09-11.23.00:762][501]LogSlate: Took 0.004031 seconds to synchronously load lazily loaded font '../../../Engine/Content/SlateDebug/Fonts/LastResort.ttf' (5269K)
[2020.01.09-11.24.30:877][770]Candidate modules for hot reload:
[2020.01.09-11.24.30:877][770]  BuildingEscape
[2020.01.09-11.24.30:877][770]Launching UnrealBuildTool... [C:/Program Files/Epic Games/UE_4.24/Engine/Binaries/DotNET/UnrealBuildTool.exe  -ModuleWithSuffix=BuildingEscape,1836 Win64 Development -TargetType=Editor -Project="E:/Unreal/UnrealEngineLecture/BuildingEscape 4.24/BuildingEscape.uproject" "E:/Unreal/UnrealEngineLecture/BuildingEscape 4.24/BuildingEscape.uproject"  -IgnoreJunk]
[2020.01.09-11.24.30:886][770]Warning: Starting HotReload took  0.0s.
[2020.01.09-11.24.44:729][416]CompilerResultsLog: New page: Compilation - 2020. 1. 10. 오전 5:24:44
[2020.01.09-11.24.44:730][416]CompilerResultsLog: Parsing headers for BuildingEscapeEditor
[2020.01.09-11.24.44:730][416]CompilerResultsLog:   Running UnrealHeaderTool "E:\Unreal\UnrealEngineLecture\BuildingEscape 4.24\BuildingEscape.uproject" "E:\Unreal\UnrealEngineLecture\BuildingEscape 4.24\Intermediate\Build\Win64\BuildingEscapeEditor\Development\BuildingEscapeEditor.uhtmanifest" -LogCmds="loginit warning, logexit warning, logdatabase error" -Unattended -WarningsAsErrors -installed
[2020.01.09-11.24.44:730][416]CompilerResultsLog: Reflection code generated for BuildingEscapeEditor in 6.5774755 seconds
[2020.01.09-11.24.44:730][416]CompilerResultsLog: Building BuildingEscapeEditor...
[2020.01.09-11.24.44:730][416]CompilerResultsLog: Using Visual Studio 2019 14.24.28314 toolchain (C:\Program Files (x86)\Microsoft Visual Studio\2019\Community\VC\Tools\MSVC\14.24.28314) and Windows 10.0.17763.0 SDK (C:\Program Files (x86)\Windows Kits\10).
[2020.01.09-11.24.44:730][416]CompilerResultsLog: [Upgrade]
[2020.01.09-11.24.44:730][416]CompilerResultsLog: [Upgrade] Using backward-compatible build settings. The latest version of UE4 sets the following values by default, which may require code changes:
[2020.01.09-11.24.44:730][416]CompilerResultsLog: [Upgrade]     bLegacyPublicIncludePaths = false                 => Omits subfolders from public include paths to reduce compiler command line length. (Previously: true).
[2020.01.09-11.24.44:730][416]CompilerResultsLog: [Upgrade]     ShadowVariableWarningLevel = WarningLevel.Error   => Treats shadowed variable warnings as errors. (Previously: WarningLevel.Warning).
[2020.01.09-11.24.44:730][416]CompilerResultsLog: [Upgrade]     PCHUsage = PCHUsageMode.UseExplicitOrSharedPCHs   => Set in build.cs files to enables IWYU-style PCH model. See https://docs.unrealengine.com/en-US/Programming/BuildTools/UnrealBuildTool/IWYU/index.html. (Previously: PCHUsageMode.UseSharedPCHs).
[2020.01.09-11.24.44:730][416]CompilerResultsLog: [Upgrade] Suppress this message by setting 'DefaultBuildSettings = BuildSettingsVersion.V2;' in BuildingEscapeEditor.Target.cs, and explicitly overriding settings that differ from the new defaults.
[2020.01.09-11.24.44:730][416]CompilerResultsLog: [Upgrade]
[2020.01.09-11.24.44:730][416]CompilerResultsLog: Building 4 actions with 16 processes...
[2020.01.09-11.24.44:730][416]CompilerResultsLog:   [1/4] Grabber.cpp
[2020.01.09-11.24.44:730][416]CompilerResultsLog:   [2/4] UE4Editor-BuildingEscape-1836.lib
[2020.01.09-11.24.44:730][416]CompilerResultsLog:      E:\Unreal\UnrealEngineLecture\BuildingEscape 4.24\Intermediate\Build\Win64\UE4Editor\Development\BuildingEscape\UE4Editor-BuildingEscape-1836.lib ???̺귯?? ?? E:\Unreal\UnrealEngineLecture\BuildingEscape 4.24\Intermediate\Build\Win64\UE4Editor\Development\BuildingEscape\UE4Editor-BuildingEscape-1836.exp ??ü?? ?????ϰ? ?ֽ??ϴ?.
[2020.01.09-11.24.44:730][416]CompilerResultsLog:   [3/4] UE4Editor-BuildingEscape-1836.dll
[2020.01.09-11.24.44:730][416]CompilerResultsLog:      E:\Unreal\UnrealEngineLecture\BuildingEscape 4.24\Intermediate\Build\Win64\UE4Editor\Development\BuildingEscape\UE4Editor-BuildingEscape-1836.suppressed.lib ???̺귯?? ?? E:\Unreal\UnrealEngineLecture\BuildingEscape 4.24\Intermediate\Build\Win64\UE4Editor\Development\BuildingEscape\UE4Editor-BuildingEscape-1836.suppressed.exp ??ü?? ?????ϰ? ?ֽ??ϴ?.
[2020.01.09-11.24.44:730][416]CompilerResultsLog:   [4/4] BuildingEscapeEditor.target
[2020.01.09-11.24.44:730][416]CompilerResultsLog: Total time in Parallel executor: 5.67 seconds
[2020.01.09-11.24.44:730][416]CompilerResultsLog: Total execution time: 13.14 seconds
[2020.01.09-11.24.44:730][416]LogMainFrame: MainFrame: Module compiling took 13.857 seconds
[2020.01.09-11.24.44:759][416]LogUObjectHash: Compacting FUObjectHashTables data took   0.57ms
[2020.01.09-11.24.44:772][416]LogContentBrowser: Native class hierarchy updated for 'BuildingEscape' in 0.0003 seconds. Added 4 classes and 2 folders.
[2020.01.09-11.24.44:774][416]Display: HotReload successful (0 functions remapped  0 scriptstructs remapped)
[2020.01.09-11.24.44:831][416]LogUObjectHash: Compacting FUObjectHashTables data took   0.86ms
[2020.01.09-11.24.44:841][416]LogContentBrowser: Native class hierarchy populated in 0.0061 seconds. Added 3021 classes and 722 folders.
[2020.01.09-11.24.44:841][416]Display: HotReload took 14.0s.
[2020.01.09-11.24.48:001][766]LogStaticMesh: Building static mesh SM_Door...
[2020.01.09-11.24.48:032][766]LogStaticMesh: Built static mesh [0.03s] /Game/StarterContent/Props/SM_Door.SM_Door
[2020.01.09-11.24.48:118][766]LogAIModule: Creating AISystem for world Main
[2020.01.09-11.24.48:122][766]LogAssetEditorSubsystem: Opening Asset editor for World /Game/Main.Main
[2020.01.09-11.24.48:149][766]LogUObjectHash: Compacting FUObjectHashTables data took   1.61ms
[2020.01.09-11.24.48:150][766]Cmd: MAP LOAD FILE="E:/Unreal/UnrealEngineLecture/BuildingEscape 4.24/Content/Main.umap" TEMPLATE=0 SHOWPROGRESS=1 FEATURELEVEL=3
[2020.01.09-11.24.48:151][766]LightingResults: New page: Lighting Build
[2020.01.09-11.24.48:152][766]LogContentBrowser: Native class hierarchy updated for 'StatsViewer' in 0.0003 seconds. Added 5 classes and 0 folders.
[2020.01.09-11.24.48:152][766]LoadErrors: New page: Loading map: Main.umap
[2020.01.09-11.24.48:152][766]LogWorld: UWorld::CleanupWorld for Untitled, bSessionEnded=true, bCleanupResources=true
[2020.01.09-11.24.48:153][766]LogSlate: InvalidateAllWidgets triggered.  All widgets were invalidated
[2020.01.09-11.24.48:153][766]MapCheck: New page: Map Check
[2020.01.09-11.24.48:153][766]LightingResults: New page: Lighting Build
[2020.01.09-11.24.48:182][766]LogUObjectHash: Compacting FUObjectHashTables data took   1.24ms
[2020.01.09-11.24.48:234][766]LogEditorServer: Finished looking for orphan Actors (0.000 secs)
[2020.01.09-11.24.48:266][766]LogUObjectHash: Compacting FUObjectHashTables data took   1.24ms
[2020.01.09-11.24.48:276][766]Cmd: MAP CHECKDEP NOCLEARLOG
[2020.01.09-11.24.48:277][766]MapCheck: Map check complete: 0 Error(s), 0 Warning(s), took 0.053ms to complete.
[2020.01.09-11.24.48:277][766]LogFileHelpers: Loading map 'Main' took 0.126
[2020.01.09-11.24.51:324][125]LogTemp: Repeating last play command: Selected Viewport
[2020.01.09-11.24.51:331][125]LogBlueprintUserMessages: Early PlayInEditor Detection: Level '/Game/Main.Main:PersistentLevel' has LevelScriptBlueprint '/Game/Main.Main:PersistentLevel.Main' with GeneratedClass '/Game/Main.Main_C' with ClassGeneratedBy '/Game/Main.Main:PersistentLevel.Main'
[2020.01.09-11.24.51:331][125]LogPlayLevel: PlayLevel: No blueprints needed recompiling
[2020.01.09-11.24.51:332][125]PIE: New page: PIE session: Main (2020. 1. 10. 오전 5:24:51)
[2020.01.09-11.24.51:333][125]LogOnline: OSS: Creating online subsystem instance for: NULL
[2020.01.09-11.24.51:333][125]LogOnline: OSS: TryLoadSubsystemAndSetDefault: Loaded subsystem for module [NULL]
[2020.01.09-11.24.51:334][125]LogPlayLevel: Creating play world package: /Game/UEDPIE_0_Main
[2020.01.09-11.24.51:337][125]LogPlayLevel: PIE: StaticDuplicateObject took: (0.003184s)
[2020.01.09-11.24.51:338][125]LogAIModule: Creating AISystem for world Main
[2020.01.09-11.24.51:338][125]LogPlayLevel: PIE: World Init took: (0.000884s)
[2020.01.09-11.24.51:338][125]LogPlayLevel: PIE: Created PIE world by copying editor world from /Game/Main.Main to /Game/UEDPIE_0_Main.Main (0.004222s)
[2020.01.09-11.24.51:367][125]LogUObjectHash: Compacting FUObjectHashTables data took   1.21ms
[2020.01.09-11.24.51:368][125]LogAudioMixer: Display: Audio Mixer Platform Settings:
[2020.01.09-11.24.51:368][125]LogAudioMixer: Display: 	Sample Rate:						  48000
[2020.01.09-11.24.51:368][125]LogAudioMixer: Display: 	Callback Buffer Frame Size Requested: 256
[2020.01.09-11.24.51:368][125]LogAudioMixer: Display: 	Callback Buffer Frame Size To Use:	  256
[2020.01.09-11.24.51:368][125]LogAudioMixer: Display: 	Number of buffers to queue:			  7
[2020.01.09-11.24.51:368][125]LogAudioMixer: Display: 	Max Channels (voices):				  32
[2020.01.09-11.24.51:368][125]LogAudioMixer: Display: 	Number of Async Source Workers:		  0
[2020.01.09-11.24.51:368][125]LogAudio: Display: AudioDevice MaxSources: 32
[2020.01.09-11.24.51:368][125]LogAudio: Display: Using built-in audio occlusion.
[2020.01.09-11.24.51:368][125]LogAudioMixer: Display: Initializing audio mixer.
[2020.01.09-11.24.51:381][125]LogAudioMixer: Display: Audio Device Output Speaker Info:
[2020.01.09-11.24.51:381][125]LogAudioMixer: Display: Name: BenQ XL2730Z(NVIDIA High Definition Audio)
[2020.01.09-11.24.51:381][125]LogAudioMixer: Display: Is Default: Yes
[2020.01.09-11.24.51:381][125]LogAudioMixer: Display: Sample Rate: 48000
[2020.01.09-11.24.51:381][125]LogAudioMixer: Display: Channel Count Used: 2
[2020.01.09-11.24.51:382][125]LogAudioMixer: Display: Device Channel Count: 2
[2020.01.09-11.24.51:382][125]LogAudioMixer: Display: Channel Order:
[2020.01.09-11.24.51:382][125]LogAudioMixer: Display: 0: FrontLeft
[2020.01.09-11.24.51:382][125]LogAudioMixer: Display: 1: FrontRight
[2020.01.09-11.24.51:391][125]LogAudioMixer: Display: Using Audio Device BenQ XL2730Z(NVIDIA High Definition Audio)
[2020.01.09-11.24.51:393][125]LogInit: FAudioDevice initialized.
[2020.01.09-11.24.51:408][125]LogLoad: Game class is 'BuildingEscapeGameModeBase_BP_C'
[2020.01.09-11.24.51:410][125]LogWorld: Bringing World /Game/UEDPIE_0_Main.Main up for play (max tick rate 0) at 2020.01.09-20.24.51
[2020.01.09-11.24.51:411][125]LogWorld: Bringing up level for play took: 0.000857
[2020.01.09-11.24.51:411][125]LogOnline: OSS: Creating online subsystem instance for: :Context_1
[2020.01.09-11.24.51:417][125]LogContentBrowser: Native class hierarchy updated for 'MovieSceneCapture' in 0.0003 seconds. Added 20 classes and 0 folders.
[2020.01.09-11.24.51:419][125]LogTemp: Warning: Grabber!
[2020.01.09-11.24.51:419][125]PIE: Play in editor start time for /Game/UEDPIE_0_Main 0.554
[2020.01.09-11.24.51:419][125]LogBlueprintUserMessages: Late PlayInEditor Detection: Level '/Game/Main.Main:PersistentLevel' has LevelScriptBlueprint '/Game/Main.Main:PersistentLevel.Main' with GeneratedClass '/Game/Main.Main_C' with ClassGeneratedBy '/Game/Main.Main:PersistentLevel.Main'
[2020.01.09-11.24.53:027][125]LogWindows: Error: === Critical error: ===
[2020.01.09-11.24.53:027][125]LogWindows: Error: 
[2020.01.09-11.24.53:027][125]LogWindows: Error: Fatal error!
[2020.01.09-11.24.53:027][125]LogWindows: Error: 
[2020.01.09-11.24.53:027][125]LogWindows: Error: Unhandled Exception: EXCEPTION_ACCESS_VIOLATION reading address 0x00000018
[2020.01.09-11.24.53:027][125]LogWindows: Error: 
[2020.01.09-11.24.53:027][125]LogWindows: Error: [Callstack] 0x00007ffae5335e2d UE4Editor-BuildingEscape-1836.dll!UnknownFunction []
[2020.01.09-11.24.53:027][125]LogWindows: Error: [Callstack] 0x00007ffa7f331dd8 UE4Editor-Engine.dll!UnknownFunction []
[2020.01.09-11.24.53:027][125]LogWindows: Error: [Callstack] 0x00007ffa7f362d84 UE4Editor-Engine.dll!UnknownFunction []
[2020.01.09-11.24.53:027][125]LogWindows: Error: [Callstack] 0x00007ffa800d6123 UE4Editor-Engine.dll!UnknownFunction []
[2020.01.09-11.24.53:027][125]LogWindows: Error: [Callstack] 0x00007ffa800e4116 UE4Editor-Engine.dll!UnknownFunction []
[2020.01.09-11.24.53:027][125]LogWindows: Error: [Callstack] 0x00007ffa82619ff2 UE4Editor-Core.dll!UnknownFunction []
[2020.01.09-11.24.53:027][125]LogWindows: Error: [Callstack] 0x00007ffa8261a2aa UE4Editor-Core.dll!UnknownFunction []
[2020.01.09-11.24.53:027][125]LogWindows: Error: [Callstack] 0x00007ffa8010265d UE4Editor-Engine.dll!UnknownFunction []
[2020.01.09-11.24.53:027][125]LogWindows: Error: [Callstack] 0x00007ffa801084f2 UE4Editor-Engine.dll!UnknownFunction []
[2020.01.09-11.24.53:027][125]LogWindows: Error: [Callstack] 0x00007ffa7f889f3f UE4Editor-Engine.dll!UnknownFunction []
[2020.01.09-11.24.53:027][125]LogWindows: Error: [Callstack] 0x00007ffa7f8955ee UE4Editor-Engine.dll!UnknownFunction []
[2020.01.09-11.24.53:027][125]LogWindows: Error: [Callstack] 0x00007ffa7da2adb0 UE4Editor-UnrealEd.dll!UnknownFunction []
[2020.01.09-11.24.53:027][125]LogWindows: Error: [Callstack] 0x00007ffa7e28dd66 UE4Editor-UnrealEd.dll!UnknownFunction []
[2020.01.09-11.24.53:027][125]LogWindows: Error: [Callstack] 0x00007ff7a65b7f62 UE4Editor.exe!UnknownFunction []
[2020.01.09-11.24.53:027][125]LogWindows: Error: [Callstack] 0x00007ff7a65cc3ec UE4Editor.exe!UnknownFunction []
[2020.01.09-11.24.53:027][125]LogWindows: Error: [Callstack] 0x00007ff7a65cc4ca UE4Editor.exe!UnknownFunction []
[2020.01.09-11.24.53:027][125]LogWindows: Error: [Callstack] 0x00007ff7a65dceae UE4Editor.exe!UnknownFunction []
[2020.01.09-11.24.53:027][125]LogWindows: Error: [Callstack] 0x00007ff7a65dfcbe UE4Editor.exe!UnknownFunction []
[2020.01.09-11.24.53:027][125]LogWindows: Error: [Callstack] 0x00007ffaed047bd4 KERNEL32.DLL!UnknownFunction []
[2020.01.09-11.24.53:027][125]LogWindows: Error: [Callstack] 0x00007ffaee86ced1 ntdll.dll!UnknownFunction []
[2020.01.09-11.24.53:027][125]LogWindows: Error: 
[2020.01.09-11.24.53:042][125]LogExit: Executing StaticShutdownAfterError
[2020.01.09-11.24.53:044][125]LogWindows: FPlatformMisc::RequestExit(1)
[2020.01.09-11.24.53:044][125]LogCore: Engine exit requested (reason: Win RequestExit)
[2020.01.09-11.24.53:048][125]Log file closed, 01/09/20 20:24:53
