Log file open, 01/09/20 20:46:42
LogWindows: Failed to load 'aqProf.dll' (GetLastError=126)
LogWindows: File 'aqProf.dll' does not exist
LogWindows: Failed to load 'VtuneApi.dll' (GetLastError=126)
LogWindows: File 'VtuneApi.dll' does not exist
LogWindows: Failed to load 'VtuneApi32e.dll' (GetLastError=126)
LogWindows: File 'VtuneApi32e.dll' does not exist
LogConsoleResponse: Display: Failed to find resolution value strings in scalability ini. Falling back to default.
LogInit: Display: Running engine for game: BuildingEscape
LogPlatformFile: Not using cached read wrapper
LogTaskGraph: Started task graph with 5 named threads and 47 total threads with 3 sets of task threads.
LogStats: Stats thread started at 0.061377
LogD3D11RHI: Loaded GFSDK_Aftermath_Lib.x64.dll
LogICUInternationalization: ICU TimeZone Detection - Raw Offset: +9:00, Platform Override: ''
LogPluginManager: Mounting plugin Paper2D
LogPluginManager: Mounting plugin AISupport
LogPluginManager: Mounting plugin LightPropagationVolume
LogPluginManager: Mounting plugin ActorLayerUtilities
LogPluginManager: Mounting plugin AnimationSharing
LogPluginManager: Mounting plugin CLionSourceCodeAccess
LogPluginManager: Mounting plugin CodeLiteSourceCodeAccess
LogPluginManager: Mounting plugin GitSourceControl
LogPluginManager: Mounting plugin KDevelopSourceCodeAccess
LogPluginManager: Mounting plugin NullSourceCodeAccess
LogPluginManager: Mounting plugin PerforceSourceControl
LogPluginManager: Mounting plugin PlasticSourceControl
LogPluginManager: Mounting plugin SubversionSourceControl
LogPluginManager: Mounting plugin UObjectPlugin
LogPluginManager: Mounting plugin VisualStudioCodeSourceCodeAccess
LogPluginManager: Mounting plugin VisualStudioSourceCodeAccess
LogPluginManager: Mounting plugin XCodeSourceCodeAccess
LogPluginManager: Mounting plugin AssetManagerEditor
LogPluginManager: Mounting plugin CryptoKeys
LogPluginManager: Mounting plugin CurveEditorTools
LogPluginManager: Mounting plugin DataValidation
LogPluginManager: Mounting plugin FacialAnimation
LogPluginManager: Mounting plugin GameplayTagsEditor
LogPluginManager: Mounting plugin MacGraphicsSwitching
LogPluginManager: Mounting plugin MaterialAnalyzer
LogPluginManager: Mounting plugin MobileLauncherProfileWizard
LogPluginManager: Mounting plugin PluginBrowser
LogPluginManager: Mounting plugin SpeedTreeImporter
LogPluginManager: Mounting plugin DatasmithContent
LogPluginManager: Mounting plugin VariantManagerContent
LogPluginManager: Mounting plugin AlembicImporter
LogPluginManager: Mounting plugin AutomationUtils
LogPluginManager: Mounting plugin BackChannel
LogPluginManager: Mounting plugin CharacterAI
LogPluginManager: Mounting plugin GeometryCache
LogPluginManager: Mounting plugin PlatformCrypto
LogPluginManager: Mounting plugin ProxyLODPlugin
LogPluginManager: Mounting plugin SkeletalReduction
LogPluginManager: Mounting plugin MagicLeap
LogPluginManager: Mounting plugin MagicLeapMedia
LogPluginManager: Mounting plugin MLSDK
LogPluginManager: Mounting plugin AndroidMedia
LogPluginManager: Mounting plugin AvfMedia
LogPluginManager: Mounting plugin ImgMedia
LogPluginManager: Mounting plugin MediaCompositing
LogPluginManager: Mounting plugin MediaPlayerEditor
LogPluginManager: Mounting plugin WebMMedia
LogPluginManager: Mounting plugin WmfMedia
LogPluginManager: Mounting plugin TcpMessaging
LogPluginManager: Mounting plugin UdpMessaging
LogPluginManager: Mounting plugin ActorSequence
LogPluginManager: Mounting plugin LevelSequenceEditor
LogPluginManager: Mounting plugin MatineeToLevelSequence
LogPluginManager: Mounting plugin NetcodeUnitTest
LogPluginManager: Mounting plugin NUTUnrealEngine4
LogPluginManager: Mounting plugin OnlineSubsystemGooglePlay
LogPluginManager: Mounting plugin OnlineSubsystemIOS
LogPluginManager: Mounting plugin OnlineSubsystem
LogPluginManager: Mounting plugin OnlineSubsystemNull
LogPluginManager: Mounting plugin OnlineSubsystemUtils
LogPluginManager: Mounting plugin LauncherChunkInstaller
LogPluginManager: Mounting plugin AndroidDeviceProfileSelector
LogPluginManager: Mounting plugin AndroidMoviePlayer
LogPluginManager: Mounting plugin AndroidPermission
LogPluginManager: Mounting plugin AppleImageUtils
LogPluginManager: Mounting plugin AppleMoviePlayer
LogPluginManager: Mounting plugin ArchVisCharacter
LogPluginManager: Mounting plugin AssetTags
LogPluginManager: Mounting plugin AudioCapture
LogPluginManager: Mounting plugin CableComponent
LogPluginManager: Mounting plugin CustomMeshComponent
LogPluginManager: Mounting plugin EditableMesh
LogPluginManager: Mounting plugin ExampleDeviceProfileSelector
LogPluginManager: Mounting plugin GoogleCloudMessaging
LogPluginManager: Mounting plugin IOSDeviceProfileSelector
LogPluginManager: Mounting plugin LinuxDeviceProfileSelector
LogPluginManager: Mounting plugin LocationServicesBPLibrary
LogPluginManager: Mounting plugin MobilePatchingUtils
LogPluginManager: Mounting plugin OculusVR
LogPluginManager: Mounting plugin PhysXVehicles
LogPluginManager: Mounting plugin PostSplashScreen
LogPluginManager: Mounting plugin ProceduralMeshComponent
LogPluginManager: Mounting plugin RuntimePhysXCooking
LogPluginManager: Mounting plugin SignificanceManager
LogPluginManager: Mounting plugin SteamVR
LogPluginManager: Mounting plugin WebMMoviePlayer
LogPluginManager: Mounting plugin WindowsMoviePlayer
LogPluginManager: Mounting plugin ScreenshotTools
LogInit: Using libcurl 7.55.1-DEV
LogInit:  - built for x86_64-pc-win32
LogInit:  - supports SSL with OpenSSL/1.1.1
LogInit:  - supports HTTP deflate (compression) using libz 1.2.8
LogInit:  - other features:
LogInit:      CURL_VERSION_SSL
LogInit:      CURL_VERSION_LIBZ
LogInit:      CURL_VERSION_IPV6
LogInit:      CURL_VERSION_ASYNCHDNS
LogInit:      CURL_VERSION_LARGEFILE
LogInit:      CURL_VERSION_IDN
LogInit:  CurlRequestOptions (configurable via config and command line):
LogInit:  - bVerifyPeer = true  - Libcurl will verify peer certificate
LogInit:  - bUseHttpProxy = false  - Libcurl will NOT use HTTP proxy
LogInit:  - bDontReuseConnections = false  - Libcurl will reuse connections
LogInit:  - MaxHostConnections = 16  - Libcurl will limit the number of connections to a host
LogInit:  - LocalHostAddr = Default
LogInit:  - BufferSize = 65536
LogOnline: OSS: Creating online subsystem instance for: NULL
LogInit: WinSock: version 1.1 (2.2), MaxSocks=32767, MaxUdp=65467
LogOnline: OSS: TryLoadSubsystemAndSetDefault: Loaded subsystem for module [NULL]
LogInit: Build: ++UE4+Release-4.24-CL-10757647
LogInit: Engine Version: 4.24.1-10757647+++UE4+Release-4.24
LogInit: Compatible Engine Version: 4.24.0-10570792+++UE4+Release-4.24
LogInit: Net CL: 10570792
LogInit: OS: Windows 10 (Release 1903) (), CPU: Intel(R) Core(TM) i9-9900K CPU @ 3.60GHz, GPU: NVIDIA GeForce RTX 2080
LogInit: Compiled (64-bit): Dec 17 2019 02:08:03
LogInit: Compiled with Visual C++: 19.16.27032.01
LogInit: Build Configuration: Development
LogInit: Branch Name: ++UE4+Release-4.24
LogInit: Command Line: 
LogInit: Base Directory: C:/Program Files/Epic Games/UE_4.24/Engine/Binaries/Win64/
LogInit: Installed Engine Build: 1
LogDevObjectVersion: Number of dev versions registered: 25
LogDevObjectVersion:   Dev-Blueprints (B0D832E4-1F89-4F0D-ACCF-7EB736FD4AA2): 10
LogDevObjectVersion:   Dev-Build (E1C64328-A22C-4D53-A36C-8E866417BD8C): 0
LogDevObjectVersion:   Dev-Core (375EC13C-06E4-48FB-B500-84F0262A717E): 3
LogDevObjectVersion:   Dev-Editor (E4B068ED-F494-42E9-A231-DA0B2E46BB41): 37
LogDevObjectVersion:   Dev-Framework (CFFC743F-43B0-4480-9391-14DF171D2073): 36
LogDevObjectVersion:   Dev-Mobile (B02B49B5-BB20-44E9-A304-32B752E40360): 2
LogDevObjectVersion:   Dev-Networking (A4E4105C-59A1-49B5-A7C5-40C4547EDFEE): 0
LogDevObjectVersion:   Dev-Online (39C831C9-5AE6-47DC-9A44-9C173E1C8E7C): 0
LogDevObjectVersion:   Dev-Physics (78F01B33-EBEA-4F98-B9B4-84EACCB95AA2): 2
LogDevObjectVersion:   Dev-Platform (6631380F-2D4D-43E0-8009-CF276956A95A): 0
LogDevObjectVersion:   Dev-Rendering (12F88B9F-8875-4AFC-A67C-D90C383ABD29): 36
LogDevObjectVersion:   Dev-Sequencer (7B5AE74C-D270-4C10-A958-57980B212A5A): 11
LogDevObjectVersion:   Dev-VR (D7296918-1DD6-4BDD-9DE2-64A83CC13884): 2
LogDevObjectVersion:   Dev-LoadTimes (C2A15278-BFE7-4AFE-6C17-90FF531DF755): 1
LogDevObjectVersion:   Private-Geometry (6EACA3D4-40EC-4CC1-B786-8BED09428FC5): 3
LogDevObjectVersion:   Dev-AnimPhys (29E575DD-E0A3-4627-9D10-D276232CDCEA): 17
LogDevObjectVersion:   Dev-Anim (AF43A65D-7FD3-4947-9873-3E8ED9C1BB05): 2
LogDevObjectVersion:   Dev-ReflectionCapture (6B266CEC-1EC7-4B8F-A30B-E4D90942FC07): 1
LogDevObjectVersion:   Dev-Automation (0DF73D61-A23F-47EA-B727-89E90C41499A): 1
LogDevObjectVersion:   FortniteMain (601D1886-AC64-4F84-AA16-D3DE0DEAC7D6): 31
LogDevObjectVersion:   Dev-Enterprise (9DFFBCD6-494F-0158-E221-12823C92A888): 8
LogDevObjectVersion:   Dev-Niagara (F2AED0AC-9AFE-416F-8664-AA7FFA26D6FC): 1
LogDevObjectVersion:   Dev-Destruction (174F1F0B-B4C6-45A5-B13F-2EE8D0FB917D): 9
LogDevObjectVersion:   Dev-Physics-Ext (35F94A83-E258-406C-A318-09F59610247C): 8
LogDevObjectVersion:   Dev-CineCamera (B2E18506-4273-CFC2-A54E-F4BB758BBA07): 1
LogInit: Presizing for max 25165824 objects, including 0 objects not considered by GC, pre-allocating 0 bytes for permanent pool.
LogInit: Object subsystem initialized
LogConfig: Setting CVar [[con.DebugEarlyDefault:1]]
LogConfig: Setting CVar [[r.setres:1280x720]]
[2020.01.09-11.46.42:508][  0]LogConfig: Setting CVar [[r.VSync:0]]
[2020.01.09-11.46.42:508][  0]LogConfig: Setting CVar [[r.RHICmdBypass:0]]
[2020.01.09-11.46.42:508][  0]LogConfig: Applying CVar settings from Section [/Script/Engine.RendererSettings] File [E:/Unreal/UnrealEngineLecture/BuildingEscape 4.24/Saved/Config/Windows/Engine.ini]
[2020.01.09-11.46.42:508][  0]LogConfig: Setting CVar [[r.GPUCrashDebugging:0]]
[2020.01.09-11.46.42:508][  0]LogConfig: Setting CVar [[r.DefaultFeature.AutoExposure.ExtendDefaultLuminanceRange:1]]
[2020.01.09-11.46.42:508][  0]LogConfig: Applying CVar settings from Section [/Script/Engine.RendererOverrideSettings] File [E:/Unreal/UnrealEngineLecture/BuildingEscape 4.24/Saved/Config/Windows/Engine.ini]
[2020.01.09-11.46.42:508][  0]LogConfig: Applying CVar settings from Section [/Script/Engine.StreamingSettings] File [E:/Unreal/UnrealEngineLecture/BuildingEscape 4.24/Saved/Config/Windows/Engine.ini]
[2020.01.09-11.46.42:508][  0]LogConfig: Setting CVar [[s.MinBulkDataSizeForAsyncLoading:131072]]
[2020.01.09-11.46.42:508][  0]LogConfig: Setting CVar [[s.AsyncLoadingThreadEnabled:0]]
[2020.01.09-11.46.42:509][  0]LogConfig: Setting CVar [[s.EventDrivenLoaderEnabled:1]]
[2020.01.09-11.46.42:509][  0]LogConfig: Setting CVar [[s.WarnIfTimeLimitExceeded:0]]
[2020.01.09-11.46.42:509][  0]LogConfig: Setting CVar [[s.TimeLimitExceededMultiplier:1.5]]
[2020.01.09-11.46.42:509][  0]LogConfig: Setting CVar [[s.TimeLimitExceededMinTime:0.005]]
[2020.01.09-11.46.42:509][  0]LogConfig: Setting CVar [[s.UseBackgroundLevelStreaming:1]]
[2020.01.09-11.46.42:509][  0]LogConfig: Setting CVar [[s.PriorityAsyncLoadingExtraTime:15.0]]
[2020.01.09-11.46.42:509][  0]LogConfig: Setting CVar [[s.LevelStreamingActorsUpdateTimeLimit:5.0]]
[2020.01.09-11.46.42:509][  0]LogConfig: Setting CVar [[s.PriorityLevelStreamingActorsUpdateExtraTime:5.0]]
[2020.01.09-11.46.42:509][  0]LogConfig: Setting CVar [[s.LevelStreamingComponentsRegistrationGranularity:10]]
[2020.01.09-11.46.42:509][  0]LogConfig: Setting CVar [[s.UnregisterComponentsTimeLimit:1.0]]
[2020.01.09-11.46.42:509][  0]LogConfig: Setting CVar [[s.LevelStreamingComponentsUnregistrationGranularity:5]]
[2020.01.09-11.46.42:509][  0]LogConfig: Setting CVar [[s.FlushStreamingOnExit:1]]
[2020.01.09-11.46.42:509][  0]LogConfig: Applying CVar settings from Section [/Script/Engine.GarbageCollectionSettings] File [E:/Unreal/UnrealEngineLecture/BuildingEscape 4.24/Saved/Config/Windows/Engine.ini]
[2020.01.09-11.46.42:509][  0]LogConfig: Setting CVar [[gc.MaxObjectsNotConsideredByGC:1]]
[2020.01.09-11.46.42:509][  0]LogConfig: Setting CVar [[gc.SizeOfPermanentObjectPool:0]]
[2020.01.09-11.46.42:509][  0]LogConfig: Setting CVar [[gc.FlushStreamingOnGC:0]]
[2020.01.09-11.46.42:509][  0]LogConfig: Setting CVar [[gc.NumRetriesBeforeForcingGC:10]]
[2020.01.09-11.46.42:509][  0]LogConfig: Setting CVar [[gc.AllowParallelGC:1]]
[2020.01.09-11.46.42:509][  0]LogConfig: Setting CVar [[gc.TimeBetweenPurgingPendingKillObjects:61.1]]
[2020.01.09-11.46.42:509][  0]LogConfig: Setting CVar [[gc.MaxObjectsInEditor:25165824]]
[2020.01.09-11.46.42:509][  0]LogConfig: Setting CVar [[gc.IncrementalBeginDestroyEnabled:1]]
[2020.01.09-11.46.42:509][  0]LogConfig: Setting CVar [[gc.CreateGCClusters:1]]
[2020.01.09-11.46.42:509][  0]LogConfig: Setting CVar [[gc.MinGCClusterSize:5]]
[2020.01.09-11.46.42:509][  0]LogConfig: Setting CVar [[gc.ActorClusteringEnabled:0]]
[2020.01.09-11.46.42:509][  0]LogConfig: Setting CVar [[gc.BlueprintClusteringEnabled:0]]
[2020.01.09-11.46.42:509][  0]LogConfig: Setting CVar [[gc.UseDisregardForGCOnDedicatedServers:0]]
[2020.01.09-11.46.42:509][  0]LogConfig: Applying CVar settings from Section [/Script/Engine.NetworkSettings] File [E:/Unreal/UnrealEngineLecture/BuildingEscape 4.24/Saved/Config/Windows/Engine.ini]
[2020.01.09-11.46.42:509][  0]LogConfig: Applying CVar settings from Section [/Script/UnrealEd.CookerSettings] File [E:/Unreal/UnrealEngineLecture/BuildingEscape 4.24/Saved/Config/Windows/Engine.ini]
[2020.01.09-11.46.42:511][  0]LogConfig: Applying CVar settings from Section [ViewDistanceQuality@3] File [E:/Unreal/UnrealEngineLecture/BuildingEscape 4.24/Saved/Config/Windows/Scalability.ini]
[2020.01.09-11.46.42:511][  0]LogConfig: Setting CVar [[r.SkeletalMeshLODBias:0]]
[2020.01.09-11.46.42:511][  0]LogConfig: Setting CVar [[r.ViewDistanceScale:1.0]]
[2020.01.09-11.46.42:511][  0]LogConfig: Applying CVar settings from Section [AntiAliasingQuality@3] File [E:/Unreal/UnrealEngineLecture/BuildingEscape 4.24/Saved/Config/Windows/Scalability.ini]
[2020.01.09-11.46.42:511][  0]LogConfig: Setting CVar [[r.PostProcessAAQuality:4]]
[2020.01.09-11.46.42:511][  0]LogConfig: Applying CVar settings from Section [ShadowQuality@3] File [E:/Unreal/UnrealEngineLecture/BuildingEscape 4.24/Saved/Config/Windows/Scalability.ini]
[2020.01.09-11.46.42:511][  0]LogConfig: Setting CVar [[r.LightFunctionQuality:1]]
[2020.01.09-11.46.42:511][  0]LogConfig: Setting CVar [[r.ShadowQuality:5]]
[2020.01.09-11.46.42:511][  0]LogConfig: Setting CVar [[r.Shadow.CSM.MaxCascades:10]]
[2020.01.09-11.46.42:511][  0]LogConfig: Setting CVar [[r.Shadow.MaxResolution:2048]]
[2020.01.09-11.46.42:511][  0]LogConfig: Setting CVar [[r.Shadow.MaxCSMResolution:2048]]
[2020.01.09-11.46.42:511][  0]LogConfig: Setting CVar [[r.Shadow.RadiusThreshold:0.01]]
[2020.01.09-11.46.42:511][  0]LogConfig: Setting CVar [[r.Shadow.DistanceScale:1.0]]
[2020.01.09-11.46.42:511][  0]LogConfig: Setting CVar [[r.Shadow.CSM.TransitionScale:1.0]]
[2020.01.09-11.46.42:511][  0]LogConfig: Setting CVar [[r.Shadow.PreShadowResolutionFactor:1.0]]
[2020.01.09-11.46.42:511][  0]LogConfig: Setting CVar [[r.DistanceFieldShadowing:1]]
[2020.01.09-11.46.42:511][  0]LogConfig: Setting CVar [[r.DistanceFieldAO:1]]
[2020.01.09-11.46.42:511][  0]LogConfig: Setting CVar [[r.AOQuality:2]]
[2020.01.09-11.46.42:511][  0]LogConfig: Setting CVar [[r.VolumetricFog:1]]
[2020.01.09-11.46.42:511][  0]LogConfig: Setting CVar [[r.VolumetricFog.GridPixelSize:8]]
[2020.01.09-11.46.42:511][  0]LogConfig: Setting CVar [[r.VolumetricFog.GridSizeZ:128]]
[2020.01.09-11.46.42:511][  0]LogConfig: Setting CVar [[r.VolumetricFog.HistoryMissSupersampleCount:4]]
[2020.01.09-11.46.42:511][  0]LogConfig: Setting CVar [[r.LightMaxDrawDistanceScale:1]]
[2020.01.09-11.46.42:511][  0]LogConfig: Setting CVar [[r.CapsuleShadows:1]]
[2020.01.09-11.46.42:511][  0]LogConfig: Applying CVar settings from Section [PostProcessQuality@3] File [E:/Unreal/UnrealEngineLecture/BuildingEscape 4.24/Saved/Config/Windows/Scalability.ini]
[2020.01.09-11.46.42:511][  0]LogConfig: Setting CVar [[r.MotionBlurQuality:4]]
[2020.01.09-11.46.42:511][  0]LogConfig: Setting CVar [[r.AmbientOcclusionMipLevelFactor:0.4]]
[2020.01.09-11.46.42:511][  0]LogConfig: Setting CVar [[r.AmbientOcclusionMaxQuality:100]]
[2020.01.09-11.46.42:511][  0]LogConfig: Setting CVar [[r.AmbientOcclusionLevels:-1]]
[2020.01.09-11.46.42:511][  0]LogConfig: Setting CVar [[r.AmbientOcclusionRadiusScale:1.0]]
[2020.01.09-11.46.42:511][  0]LogConfig: Setting CVar [[r.DepthOfFieldQuality:2]]
[2020.01.09-11.46.42:511][  0]LogConfig: Setting CVar [[r.RenderTargetPoolMin:400]]
[2020.01.09-11.46.42:511][  0]LogConfig: Setting CVar [[r.LensFlareQuality:2]]
[2020.01.09-11.46.42:511][  0]LogConfig: Setting CVar [[r.SceneColorFringeQuality:1]]
[2020.01.09-11.46.42:511][  0]LogConfig: Setting CVar [[r.EyeAdaptationQuality:2]]
[2020.01.09-11.46.42:511][  0]LogConfig: Setting CVar [[r.BloomQuality:5]]
[2020.01.09-11.46.42:511][  0]LogConfig: Setting CVar [[r.FastBlurThreshold:100]]
[2020.01.09-11.46.42:511][  0]LogConfig: Setting CVar [[r.Upscale.Quality:3]]
[2020.01.09-11.46.42:511][  0]LogConfig: Setting CVar [[r.Tonemapper.GrainQuantization:1]]
[2020.01.09-11.46.42:511][  0]LogConfig: Setting CVar [[r.LightShaftQuality:1]]
[2020.01.09-11.46.42:511][  0]LogConfig: Setting CVar [[r.Filter.SizeScale:1]]
[2020.01.09-11.46.42:511][  0]LogConfig: Setting CVar [[r.Tonemapper.Quality:5]]
[2020.01.09-11.46.42:511][  0]LogConfig: Setting CVar [[r.DOF.Gather.AccumulatorQuality:1        ; higher gathering accumulator quality]]
[2020.01.09-11.46.42:511][  0]LogConfig: Setting CVar [[r.DOF.Gather.PostfilterMethod:1          ; Median3x3 postfilering method]]
[2020.01.09-11.46.42:511][  0]LogConfig: Setting CVar [[r.DOF.Gather.EnableBokehSettings:0       ; no bokeh simulation when gathering]]
[2020.01.09-11.46.42:511][  0]LogConfig: Setting CVar [[r.DOF.Gather.RingCount:4                 ; medium number of samples when gathering]]
[2020.01.09-11.46.42:511][  0]LogConfig: Setting CVar [[r.DOF.Scatter.ForegroundCompositing:1    ; additive foreground scattering]]
[2020.01.09-11.46.42:511][  0]LogConfig: Setting CVar [[r.DOF.Scatter.BackgroundCompositing:2    ; additive background scattering]]
[2020.01.09-11.46.42:511][  0]LogConfig: Setting CVar [[r.DOF.Scatter.EnableBokehSettings:1      ; bokeh simulation when scattering]]
[2020.01.09-11.46.42:511][  0]LogConfig: Setting CVar [[r.DOF.Scatter.MaxSpriteRatio:0.1         ; only a maximum of 10% of scattered bokeh]]
[2020.01.09-11.46.42:511][  0]LogConfig: Setting CVar [[r.DOF.Recombine.Quality:1                ; cheap slight out of focus]]
[2020.01.09-11.46.42:511][  0]LogConfig: Setting CVar [[r.DOF.Recombine.EnableBokehSettings:0    ; no bokeh simulation on slight out of focus]]
[2020.01.09-11.46.42:511][  0]LogConfig: Setting CVar [[r.DOF.TemporalAAQuality:1                ; more stable temporal accumulation]]
[2020.01.09-11.46.42:511][  0]LogConfig: Setting CVar [[r.DOF.Kernel.MaxForegroundRadius:0.025]]
[2020.01.09-11.46.42:511][  0]LogConfig: Setting CVar [[r.DOF.Kernel.MaxBackgroundRadius:0.025]]
[2020.01.09-11.46.42:511][  0]LogConfig: Applying CVar settings from Section [TextureQuality@3] File [E:/Unreal/UnrealEngineLecture/BuildingEscape 4.24/Saved/Config/Windows/Scalability.ini]
[2020.01.09-11.46.42:511][  0]LogConfig: Setting CVar [[r.Streaming.MipBias:0]]
[2020.01.09-11.46.42:511][  0]LogConfig: Setting CVar [[r.Streaming.AmortizeCPUToGPUCopy:0]]
[2020.01.09-11.46.42:511][  0]LogConfig: Setting CVar [[r.Streaming.MaxNumTexturesToStreamPerFrame:0]]
[2020.01.09-11.46.42:511][  0]LogConfig: Setting CVar [[r.Streaming.Boost:1]]
[2020.01.09-11.46.42:511][  0]LogConfig: Setting CVar [[r.MaxAnisotropy:8]]
[2020.01.09-11.46.42:511][  0]LogConfig: Setting CVar [[r.VT.MaxAnisotropy:8]]
[2020.01.09-11.46.42:511][  0]LogConfig: Setting CVar [[r.Streaming.LimitPoolSizeToVRAM:0]]
[2020.01.09-11.46.42:511][  0]LogConfig: Setting CVar [[r.Streaming.PoolSize:1000]]
[2020.01.09-11.46.42:511][  0]LogConfig: Setting CVar [[r.Streaming.MaxEffectiveScreenSize:0]]
[2020.01.09-11.46.42:511][  0]LogConfig: Applying CVar settings from Section [EffectsQuality@3] File [E:/Unreal/UnrealEngineLecture/BuildingEscape 4.24/Saved/Config/Windows/Scalability.ini]
[2020.01.09-11.46.42:511][  0]LogConfig: Setting CVar [[r.TranslucencyLightingVolumeDim:64]]
[2020.01.09-11.46.42:511][  0]LogConfig: Setting CVar [[r.RefractionQuality:2]]
[2020.01.09-11.46.42:511][  0]LogConfig: Setting CVar [[r.SSR.Quality:3]]
[2020.01.09-11.46.42:511][  0]LogConfig: Setting CVar [[r.SSR.HalfResSceneColor:0]]
[2020.01.09-11.46.42:511][  0]LogConfig: Setting CVar [[r.SceneColorFormat:4]]
[2020.01.09-11.46.42:511][  0]LogConfig: Setting CVar [[r.DetailMode:2]]
[2020.01.09-11.46.42:511][  0]LogConfig: Setting CVar [[r.TranslucencyVolumeBlur:1]]
[2020.01.09-11.46.42:512][  0]LogConfig: Setting CVar [[r.MaterialQualityLevel:1 ; High quality]]
[2020.01.09-11.46.42:512][  0]LogConfig: Setting CVar [[r.SSS.Scale:1]]
[2020.01.09-11.46.42:512][  0]LogConfig: Setting CVar [[r.SSS.SampleSet:2]]
[2020.01.09-11.46.42:512][  0]LogConfig: Setting CVar [[r.SSS.Quality:1]]
[2020.01.09-11.46.42:512][  0]LogConfig: Setting CVar [[r.SSS.HalfRes:1]]
[2020.01.09-11.46.42:512][  0]LogConfig: Setting CVar [[r.SSGI.Quality:3]]
[2020.01.09-11.46.42:512][  0]LogConfig: Setting CVar [[r.EmitterSpawnRateScale:1.0]]
[2020.01.09-11.46.42:512][  0]LogConfig: Setting CVar [[r.ParticleLightQuality:2]]
[2020.01.09-11.46.42:512][  0]LogConfig: Setting CVar [[r.SkyAtmosphere.AerialPerspectiveLUT.FastApplyOnOpaque:1 ; Always have FastSkyLUT 1 in this case to avoid wrong sky]]
[2020.01.09-11.46.42:512][  0]LogConfig: Setting CVar [[r.SkyAtmosphere.AerialPerspectiveLUT.SampleCountPerSlice:1]]
[2020.01.09-11.46.42:512][  0]LogConfig: Setting CVar [[r.SkyAtmosphere.AerialPerspectiveLUT.DepthResolution:16.0]]
[2020.01.09-11.46.42:512][  0]LogConfig: Setting CVar [[r.SkyAtmosphere.FastSkyLUT:1]]
[2020.01.09-11.46.42:512][  0]LogConfig: Setting CVar [[r.SkyAtmosphere.FastSkyLUT.SampleCountMin:4.0]]
[2020.01.09-11.46.42:512][  0]LogConfig: Setting CVar [[r.SkyAtmosphere.FastSkyLUT.SampleCountMax:32.0]]
[2020.01.09-11.46.42:512][  0]LogConfig: Setting CVar [[r.SkyAtmosphere.SampleCountMin:4.0]]
[2020.01.09-11.46.42:512][  0]LogConfig: Setting CVar [[r.SkyAtmosphere.SampleCountMax:32.0]]
[2020.01.09-11.46.42:512][  0]LogConfig: Setting CVar [[r.SkyAtmosphere.TransmittanceLUT.UseSmallFormat:0]]
[2020.01.09-11.46.42:512][  0]LogConfig: Setting CVar [[r.SkyAtmosphere.TransmittanceLUT.SampleCount:10.0]]
[2020.01.09-11.46.42:512][  0]LogConfig: Setting CVar [[r.SkyAtmosphere.MultiScatteringLUT.SampleCount:15.0]]
[2020.01.09-11.46.42:512][  0]LogConfig: Applying CVar settings from Section [FoliageQuality@3] File [E:/Unreal/UnrealEngineLecture/BuildingEscape 4.24/Saved/Config/Windows/Scalability.ini]
[2020.01.09-11.46.42:512][  0]LogConfig: Setting CVar [[foliage.DensityScale:1.0]]
[2020.01.09-11.46.42:512][  0]LogConfig: Setting CVar [[grass.DensityScale:1.0]]
[2020.01.09-11.46.42:512][  0]LogConfig: Applying CVar settings from Section [ShadingQuality@3] File [E:/Unreal/UnrealEngineLecture/BuildingEscape 4.24/Saved/Config/Windows/Scalability.ini]
[2020.01.09-11.46.42:512][  0]LogConfig: Setting CVar [[r.HairStrands.SkyLighting.SampleCount:16]]
[2020.01.09-11.46.42:512][  0]LogConfig: Setting CVar [[r.HairStrands.SkyLighting.JitterIntegration:0]]
[2020.01.09-11.46.42:512][  0]LogConfig: Setting CVar [[r.HairStrands.SkyAO.SampleCount:16]]
[2020.01.09-11.46.42:512][  0]LogInit: Selected Device Profile: [Windows]
[2020.01.09-11.46.42:512][  0]LogInit: Applying CVar settings loaded from the selected device profile: [Windows]
[2020.01.09-11.46.42:514][  0]LogHAL: Display: Platform has ~ 16 GB [17090883584 / 17179869184 / 16], which maps to Larger [LargestMinGB=32, LargerMinGB=12, DefaultMinGB=8, SmallerMinGB=6, SmallestMinGB=0)
[2020.01.09-11.46.42:514][  0]LogInit: Going up to parent DeviceProfile []
[2020.01.09-11.46.42:514][  0]LogConfig: Applying CVar settings from Section [ViewDistanceQuality@3] File [E:/Unreal/UnrealEngineLecture/BuildingEscape 4.24/Saved/Config/Windows/Scalability.ini]
[2020.01.09-11.46.42:514][  0]LogConfig: Setting CVar [[r.SkeletalMeshLODBias:0]]
[2020.01.09-11.46.42:514][  0]LogConfig: Setting CVar [[r.ViewDistanceScale:1.0]]
[2020.01.09-11.46.42:514][  0]LogConfig: Applying CVar settings from Section [AntiAliasingQuality@3] File [E:/Unreal/UnrealEngineLecture/BuildingEscape 4.24/Saved/Config/Windows/Scalability.ini]
[2020.01.09-11.46.42:514][  0]LogConfig: Setting CVar [[r.PostProcessAAQuality:4]]
[2020.01.09-11.46.42:514][  0]LogConfig: Applying CVar settings from Section [ShadowQuality@3] File [E:/Unreal/UnrealEngineLecture/BuildingEscape 4.24/Saved/Config/Windows/Scalability.ini]
[2020.01.09-11.46.42:514][  0]LogConfig: Setting CVar [[r.LightFunctionQuality:1]]
[2020.01.09-11.46.42:514][  0]LogConfig: Setting CVar [[r.ShadowQuality:5]]
[2020.01.09-11.46.42:514][  0]LogConfig: Setting CVar [[r.Shadow.CSM.MaxCascades:10]]
[2020.01.09-11.46.42:514][  0]LogConfig: Setting CVar [[r.Shadow.MaxResolution:2048]]
[2020.01.09-11.46.42:514][  0]LogConfig: Setting CVar [[r.Shadow.MaxCSMResolution:2048]]
[2020.01.09-11.46.42:514][  0]LogConfig: Setting CVar [[r.Shadow.RadiusThreshold:0.01]]
[2020.01.09-11.46.42:514][  0]LogConfig: Setting CVar [[r.Shadow.DistanceScale:1.0]]
[2020.01.09-11.46.42:514][  0]LogConfig: Setting CVar [[r.Shadow.CSM.TransitionScale:1.0]]
[2020.01.09-11.46.42:514][  0]LogConfig: Setting CVar [[r.Shadow.PreShadowResolutionFactor:1.0]]
[2020.01.09-11.46.42:514][  0]LogConfig: Setting CVar [[r.DistanceFieldShadowing:1]]
[2020.01.09-11.46.42:514][  0]LogConfig: Setting CVar [[r.DistanceFieldAO:1]]
[2020.01.09-11.46.42:514][  0]LogConfig: Setting CVar [[r.AOQuality:2]]
[2020.01.09-11.46.42:514][  0]LogConfig: Setting CVar [[r.VolumetricFog:1]]
[2020.01.09-11.46.42:514][  0]LogConfig: Setting CVar [[r.VolumetricFog.GridPixelSize:8]]
[2020.01.09-11.46.42:514][  0]LogConfig: Setting CVar [[r.VolumetricFog.GridSizeZ:128]]
[2020.01.09-11.46.42:514][  0]LogConfig: Setting CVar [[r.VolumetricFog.HistoryMissSupersampleCount:4]]
[2020.01.09-11.46.42:514][  0]LogConfig: Setting CVar [[r.LightMaxDrawDistanceScale:1]]
[2020.01.09-11.46.42:514][  0]LogConfig: Setting CVar [[r.CapsuleShadows:1]]
[2020.01.09-11.46.42:514][  0]LogConfig: Applying CVar settings from Section [PostProcessQuality@3] File [E:/Unreal/UnrealEngineLecture/BuildingEscape 4.24/Saved/Config/Windows/Scalability.ini]
[2020.01.09-11.46.42:514][  0]LogConfig: Setting CVar [[r.MotionBlurQuality:4]]
[2020.01.09-11.46.42:514][  0]LogConfig: Setting CVar [[r.AmbientOcclusionMipLevelFactor:0.4]]
[2020.01.09-11.46.42:514][  0]LogConfig: Setting CVar [[r.AmbientOcclusionMaxQuality:100]]
[2020.01.09-11.46.42:514][  0]LogConfig: Setting CVar [[r.AmbientOcclusionLevels:-1]]
[2020.01.09-11.46.42:514][  0]LogConfig: Setting CVar [[r.AmbientOcclusionRadiusScale:1.0]]
[2020.01.09-11.46.42:514][  0]LogConfig: Setting CVar [[r.DepthOfFieldQuality:2]]
[2020.01.09-11.46.42:514][  0]LogConfig: Setting CVar [[r.RenderTargetPoolMin:400]]
[2020.01.09-11.46.42:514][  0]LogConfig: Setting CVar [[r.LensFlareQuality:2]]
[2020.01.09-11.46.42:514][  0]LogConfig: Setting CVar [[r.SceneColorFringeQuality:1]]
[2020.01.09-11.46.42:514][  0]LogConfig: Setting CVar [[r.EyeAdaptationQuality:2]]
[2020.01.09-11.46.42:514][  0]LogConfig: Setting CVar [[r.BloomQuality:5]]
[2020.01.09-11.46.42:514][  0]LogConfig: Setting CVar [[r.FastBlurThreshold:100]]
[2020.01.09-11.46.42:514][  0]LogConfig: Setting CVar [[r.Upscale.Quality:3]]
[2020.01.09-11.46.42:514][  0]LogConfig: Setting CVar [[r.Tonemapper.GrainQuantization:1]]
[2020.01.09-11.46.42:514][  0]LogConfig: Setting CVar [[r.LightShaftQuality:1]]
[2020.01.09-11.46.42:514][  0]LogConfig: Setting CVar [[r.Filter.SizeScale:1]]
[2020.01.09-11.46.42:514][  0]LogConfig: Setting CVar [[r.Tonemapper.Quality:5]]
[2020.01.09-11.46.42:514][  0]LogConfig: Setting CVar [[r.DOF.Gather.AccumulatorQuality:1        ; higher gathering accumulator quality]]
[2020.01.09-11.46.42:514][  0]LogConfig: Setting CVar [[r.DOF.Gather.PostfilterMethod:1          ; Median3x3 postfilering method]]
[2020.01.09-11.46.42:514][  0]LogConfig: Setting CVar [[r.DOF.Gather.EnableBokehSettings:0       ; no bokeh simulation when gathering]]
[2020.01.09-11.46.42:514][  0]LogConfig: Setting CVar [[r.DOF.Gather.RingCount:4                 ; medium number of samples when gathering]]
[2020.01.09-11.46.42:514][  0]LogConfig: Setting CVar [[r.DOF.Scatter.ForegroundCompositing:1    ; additive foreground scattering]]
[2020.01.09-11.46.42:514][  0]LogConfig: Setting CVar [[r.DOF.Scatter.BackgroundCompositing:2    ; additive background scattering]]
[2020.01.09-11.46.42:514][  0]LogConfig: Setting CVar [[r.DOF.Scatter.EnableBokehSettings:1      ; bokeh simulation when scattering]]
[2020.01.09-11.46.42:514][  0]LogConfig: Setting CVar [[r.DOF.Scatter.MaxSpriteRatio:0.1         ; only a maximum of 10% of scattered bokeh]]
[2020.01.09-11.46.42:514][  0]LogConfig: Setting CVar [[r.DOF.Recombine.Quality:1                ; cheap slight out of focus]]
[2020.01.09-11.46.42:514][  0]LogConfig: Setting CVar [[r.DOF.Recombine.EnableBokehSettings:0    ; no bokeh simulation on slight out of focus]]
[2020.01.09-11.46.42:515][  0]LogConfig: Setting CVar [[r.DOF.TemporalAAQuality:1                ; more stable temporal accumulation]]
[2020.01.09-11.46.42:515][  0]LogConfig: Setting CVar [[r.DOF.Kernel.MaxForegroundRadius:0.025]]
[2020.01.09-11.46.42:515][  0]LogConfig: Setting CVar [[r.DOF.Kernel.MaxBackgroundRadius:0.025]]
[2020.01.09-11.46.42:515][  0]LogConfig: Applying CVar settings from Section [TextureQuality@3] File [E:/Unreal/UnrealEngineLecture/BuildingEscape 4.24/Saved/Config/Windows/Scalability.ini]
[2020.01.09-11.46.42:515][  0]LogConfig: Setting CVar [[r.Streaming.MipBias:0]]
[2020.01.09-11.46.42:515][  0]LogConfig: Setting CVar [[r.Streaming.AmortizeCPUToGPUCopy:0]]
[2020.01.09-11.46.42:515][  0]LogConfig: Setting CVar [[r.Streaming.MaxNumTexturesToStreamPerFrame:0]]
[2020.01.09-11.46.42:515][  0]LogConfig: Setting CVar [[r.Streaming.Boost:1]]
[2020.01.09-11.46.42:515][  0]LogConfig: Setting CVar [[r.MaxAnisotropy:8]]
[2020.01.09-11.46.42:515][  0]LogConfig: Setting CVar [[r.VT.MaxAnisotropy:8]]
[2020.01.09-11.46.42:515][  0]LogConfig: Setting CVar [[r.Streaming.LimitPoolSizeToVRAM:0]]
[2020.01.09-11.46.42:515][  0]LogConfig: Setting CVar [[r.Streaming.PoolSize:1000]]
[2020.01.09-11.46.42:515][  0]LogConfig: Setting CVar [[r.Streaming.MaxEffectiveScreenSize:0]]
[2020.01.09-11.46.42:515][  0]LogConfig: Applying CVar settings from Section [EffectsQuality@3] File [E:/Unreal/UnrealEngineLecture/BuildingEscape 4.24/Saved/Config/Windows/Scalability.ini]
[2020.01.09-11.46.42:515][  0]LogConfig: Setting CVar [[r.TranslucencyLightingVolumeDim:64]]
[2020.01.09-11.46.42:515][  0]LogConfig: Setting CVar [[r.RefractionQuality:2]]
[2020.01.09-11.46.42:515][  0]LogConfig: Setting CVar [[r.SSR.Quality:3]]
[2020.01.09-11.46.42:515][  0]LogConfig: Setting CVar [[r.SSR.HalfResSceneColor:0]]
[2020.01.09-11.46.42:515][  0]LogConfig: Setting CVar [[r.SceneColorFormat:4]]
[2020.01.09-11.46.42:515][  0]LogConfig: Setting CVar [[r.DetailMode:2]]
[2020.01.09-11.46.42:515][  0]LogConfig: Setting CVar [[r.TranslucencyVolumeBlur:1]]
[2020.01.09-11.46.42:515][  0]LogConfig: Setting CVar [[r.MaterialQualityLevel:1 ; High quality]]
[2020.01.09-11.46.42:515][  0]LogConfig: Setting CVar [[r.SSS.Scale:1]]
[2020.01.09-11.46.42:515][  0]LogConfig: Setting CVar [[r.SSS.SampleSet:2]]
[2020.01.09-11.46.42:515][  0]LogConfig: Setting CVar [[r.SSS.Quality:1]]
[2020.01.09-11.46.42:515][  0]LogConfig: Setting CVar [[r.SSS.HalfRes:1]]
[2020.01.09-11.46.42:515][  0]LogConfig: Setting CVar [[r.SSGI.Quality:3]]
[2020.01.09-11.46.42:515][  0]LogConfig: Setting CVar [[r.EmitterSpawnRateScale:1.0]]
[2020.01.09-11.46.42:515][  0]LogConfig: Setting CVar [[r.ParticleLightQuality:2]]
[2020.01.09-11.46.42:515][  0]LogConfig: Setting CVar [[r.SkyAtmosphere.AerialPerspectiveLUT.FastApplyOnOpaque:1 ; Always have FastSkyLUT 1 in this case to avoid wrong sky]]
[2020.01.09-11.46.42:515][  0]LogConfig: Setting CVar [[r.SkyAtmosphere.AerialPerspectiveLUT.SampleCountPerSlice:1]]
[2020.01.09-11.46.42:515][  0]LogConfig: Setting CVar [[r.SkyAtmosphere.AerialPerspectiveLUT.DepthResolution:16.0]]
[2020.01.09-11.46.42:515][  0]LogConfig: Setting CVar [[r.SkyAtmosphere.FastSkyLUT:1]]
[2020.01.09-11.46.42:515][  0]LogConfig: Setting CVar [[r.SkyAtmosphere.FastSkyLUT.SampleCountMin:4.0]]
[2020.01.09-11.46.42:515][  0]LogConfig: Setting CVar [[r.SkyAtmosphere.FastSkyLUT.SampleCountMax:32.0]]
[2020.01.09-11.46.42:515][  0]LogConfig: Setting CVar [[r.SkyAtmosphere.SampleCountMin:4.0]]
[2020.01.09-11.46.42:515][  0]LogConfig: Setting CVar [[r.SkyAtmosphere.SampleCountMax:32.0]]
[2020.01.09-11.46.42:515][  0]LogConfig: Setting CVar [[r.SkyAtmosphere.TransmittanceLUT.UseSmallFormat:0]]
[2020.01.09-11.46.42:515][  0]LogConfig: Setting CVar [[r.SkyAtmosphere.TransmittanceLUT.SampleCount:10.0]]
[2020.01.09-11.46.42:515][  0]LogConfig: Setting CVar [[r.SkyAtmosphere.MultiScatteringLUT.SampleCount:15.0]]
[2020.01.09-11.46.42:515][  0]LogConfig: Applying CVar settings from Section [FoliageQuality@3] File [E:/Unreal/UnrealEngineLecture/BuildingEscape 4.24/Saved/Config/Windows/Scalability.ini]
[2020.01.09-11.46.42:515][  0]LogConfig: Setting CVar [[foliage.DensityScale:1.0]]
[2020.01.09-11.46.42:515][  0]LogConfig: Setting CVar [[grass.DensityScale:1.0]]
[2020.01.09-11.46.42:515][  0]LogConfig: Applying CVar settings from Section [ShadingQuality@3] File [E:/Unreal/UnrealEngineLecture/BuildingEscape 4.24/Saved/Config/Windows/Scalability.ini]
[2020.01.09-11.46.42:515][  0]LogConfig: Setting CVar [[r.HairStrands.SkyLighting.SampleCount:16]]
[2020.01.09-11.46.42:515][  0]LogConfig: Setting CVar [[r.HairStrands.SkyLighting.JitterIntegration:0]]
[2020.01.09-11.46.42:515][  0]LogConfig: Setting CVar [[r.HairStrands.SkyAO.SampleCount:16]]
[2020.01.09-11.46.42:515][  0]LogConfig: Applying CVar settings from Section [Startup] File [../../../Engine/Config/ConsoleVariables.ini]
[2020.01.09-11.46.42:515][  0]LogConfig: Setting CVar [[net.UseAdaptiveNetUpdateFrequency:0]]
[2020.01.09-11.46.42:515][  0]LogConfig: Setting CVar [[p.chaos.AllowCreatePhysxBodies:1]]
[2020.01.09-11.46.42:515][  0]LogConfig: Applying CVar settings from Section [ConsoleVariables] File [E:/Unreal/UnrealEngineLecture/BuildingEscape 4.24/Saved/Config/Windows/Engine.ini]
[2020.01.09-11.46.42:515][  0]LogInit: Computer: DESKTOP-QA6POHN
[2020.01.09-11.46.42:515][  0]LogInit: User: Leedongheon
[2020.01.09-11.46.42:515][  0]LogInit: CPU Page size=4096, Cores=8
[2020.01.09-11.46.42:515][  0]LogInit: High frequency timer resolution =10.000000 MHz
[2020.01.09-11.46.42:516][  0]LogMemory: Memory total: Physical=15.9GB (16GB approx)
[2020.01.09-11.46.42:516][  0]LogMemory: Platform Memory Stats for Windows
[2020.01.09-11.46.42:516][  0]LogMemory: Process Physical Memory: 107.08 MB used, 107.09 MB peak
[2020.01.09-11.46.42:516][  0]LogMemory: Process Virtual Memory: 102.45 MB used, 102.45 MB peak
[2020.01.09-11.46.42:516][  0]LogMemory: Physical Memory: 8349.82 MB used,  7949.32 MB free, 16299.14 MB total
[2020.01.09-11.46.42:516][  0]LogMemory: Virtual Memory: 5179.34 MB used,  134212552.00 MB free, 134217728.00 MB total
[2020.01.09-11.46.42:810][  0]LogWindows: WindowsPlatformFeatures enabled
[2020.01.09-11.46.42:824][  0]LogInit: Overriding language with editor language configuration option (en).
[2020.01.09-11.46.42:824][  0]LogInit: Overriding locale with editor culture configuration option ().
[2020.01.09-11.46.42:824][  0]LogInit: Using OS detected locale (ko-KR).
[2020.01.09-11.46.42:947][  0]LogInit: Setting process to per monitor DPI aware
[2020.01.09-11.46.42:974][  0]LogSlate: New Slate User Created.  User Index 0, Is Virtual User: 0
[2020.01.09-11.46.42:974][  0]LogSlate: Slate User Registered.  User Index 0, Is Virtual User: 0
[2020.01.09-11.46.43:081][  0]LogHMD: Failed to initialize OpenVR with code 110
[2020.01.09-11.46.43:081][  0]LogD3D11RHI: D3D11 min allowed feature level: 11_0
[2020.01.09-11.46.43:081][  0]LogD3D11RHI: D3D11 max allowed feature level: 11_0
[2020.01.09-11.46.43:081][  0]LogD3D11RHI: D3D11 adapters:
[2020.01.09-11.46.43:150][  0]LogD3D11RHI:    0. 'NVIDIA GeForce RTX 2080' (Feature Level 11_0)
[2020.01.09-11.46.43:150][  0]LogD3D11RHI:       8010/0/8149 MB DedicatedVideo/DedicatedSystem/SharedSystem, Outputs:1, VendorId:0x10de
[2020.01.09-11.46.43:152][  0]LogD3D11RHI:    1. 'Microsoft Basic Render Driver' (Feature Level 11_0)
[2020.01.09-11.46.43:152][  0]LogD3D11RHI:       0/0/8149 MB DedicatedVideo/DedicatedSystem/SharedSystem, Outputs:0, VendorId:0x1414
[2020.01.09-11.46.43:152][  0]LogD3D11RHI: Chosen D3D11 Adapter: 0
[2020.01.09-11.46.43:159][  0]LogD3D11RHI: Creating new Direct3DDevice
[2020.01.09-11.46.43:159][  0]LogD3D11RHI:     GPU DeviceId: 0x1e87 (for the marketing name, search the web for "GPU Device Id")
[2020.01.09-11.46.43:159][  0]LogWindows: EnumDisplayDevices:
[2020.01.09-11.46.43:159][  0]LogWindows:    0. 'NVIDIA GeForce RTX 2080' (P:1 D:1)
[2020.01.09-11.46.43:160][  0]LogWindows:    1. 'NVIDIA GeForce RTX 2080' (P:0 D:0)
[2020.01.09-11.46.43:160][  0]LogWindows:    2. 'NVIDIA GeForce RTX 2080' (P:0 D:0)
[2020.01.09-11.46.43:160][  0]LogWindows:    3. 'NVIDIA GeForce RTX 2080' (P:0 D:0)
[2020.01.09-11.46.43:160][  0]LogWindows: DebugString: FoundDriverCount:4 
[2020.01.09-11.46.43:160][  0]LogD3D11RHI:     Adapter Name: NVIDIA GeForce RTX 2080
[2020.01.09-11.46.43:160][  0]LogD3D11RHI:   Driver Version: 441.87 (internal:26.21.14.4187, unified:441.87)
[2020.01.09-11.46.43:160][  0]LogD3D11RHI:      Driver Date: 12-24-2019
[2020.01.09-11.46.43:160][  0]LogRHI: Texture pool is 5607 MB (70% of 8010 MB)
[2020.01.09-11.46.43:196][  0]LogD3D11RHI: RHI has support for 64 bit atomics
[2020.01.09-11.46.43:196][  0]LogD3D11RHI: Async texture creation enabled
[2020.01.09-11.46.43:216][  0]LogD3D11RHI: GPU Timing Frequency: 1000.000000 (Debug: 2 1)
[2020.01.09-11.46.43:471][  0]LogTargetPlatformManager: Display: Loaded TargetPlatform 'AllDesktop'
[2020.01.09-11.46.43:496][  0]LogTargetPlatformManager: Display: Loaded TargetPlatform 'Android'
[2020.01.09-11.46.43:496][  0]LogTargetPlatformManager: Display: Loaded TargetPlatform 'Android_ASTC'
[2020.01.09-11.46.43:496][  0]LogTargetPlatformManager: Display: Loaded TargetPlatform 'Android_ATC'
[2020.01.09-11.46.43:496][  0]LogTargetPlatformManager: Display: Loaded TargetPlatform 'Android_DXT'
[2020.01.09-11.46.43:496][  0]LogTargetPlatformManager: Display: Loaded TargetPlatform 'Android_ETC1'
[2020.01.09-11.46.43:496][  0]LogTargetPlatformManager: Display: Loaded TargetPlatform 'Android_ETC1a'
[2020.01.09-11.46.43:496][  0]LogTargetPlatformManager: Display: Loaded TargetPlatform 'Android_ETC2'
[2020.01.09-11.46.43:496][  0]LogTargetPlatformManager: Display: Loaded TargetPlatform 'Android_PVRTC'
[2020.01.09-11.46.43:496][  0]LogTargetPlatformManager: Display: Loaded TargetPlatform 'AndroidClient'
[2020.01.09-11.46.43:496][  0]LogTargetPlatformManager: Display: Loaded TargetPlatform 'Android_ASTCClient'
[2020.01.09-11.46.43:496][  0]LogTargetPlatformManager: Display: Loaded TargetPlatform 'Android_ATCClient'
[2020.01.09-11.46.43:496][  0]LogTargetPlatformManager: Display: Loaded TargetPlatform 'Android_DXTClient'
[2020.01.09-11.46.43:496][  0]LogTargetPlatformManager: Display: Loaded TargetPlatform 'Android_ETC1Client'
[2020.01.09-11.46.43:496][  0]LogTargetPlatformManager: Display: Loaded TargetPlatform 'Android_ETC1aClient'
[2020.01.09-11.46.43:496][  0]LogTargetPlatformManager: Display: Loaded TargetPlatform 'Android_ETC2Client'
[2020.01.09-11.46.43:496][  0]LogTargetPlatformManager: Display: Loaded TargetPlatform 'Android_PVRTCClient'
[2020.01.09-11.46.43:496][  0]LogTargetPlatformManager: Display: Loaded TargetPlatform 'Android_Multi'
[2020.01.09-11.46.43:496][  0]LogTargetPlatformManager: Display: Loaded TargetPlatform 'Android_MultiClient'
[2020.01.09-11.46.43:511][  0]LogTargetPlatformManager: Display: Loaded TargetPlatform 'IOSClient'
[2020.01.09-11.46.43:511][  0]LogTargetPlatformManager: Display: Loaded TargetPlatform 'IOS'
[2020.01.09-11.46.43:517][  0]LogTargetPlatformManager: Display: Loaded TargetPlatform 'LinuxNoEditor'
[2020.01.09-11.46.43:523][  0]LogTargetPlatformManager: Display: Loaded TargetPlatform 'LinuxClient'
[2020.01.09-11.46.43:528][  0]LogTargetPlatformManager: Display: Loaded TargetPlatform 'LinuxServer'
[2020.01.09-11.46.43:534][  0]LogTargetPlatformManager: Display: Loaded TargetPlatform 'LinuxAArch64NoEditor'
[2020.01.09-11.46.43:539][  0]LogTargetPlatformManager: Display: Loaded TargetPlatform 'LinuxAArch64Client'
[2020.01.09-11.46.43:546][  0]LogTargetPlatformManager: Display: Loaded TargetPlatform 'LinuxAArch64Server'
[2020.01.09-11.46.43:565][  0]LogTargetPlatformManager: Display: Loaded TargetPlatform 'Lumin'
[2020.01.09-11.46.43:565][  0]LogTargetPlatformManager: Display: Loaded TargetPlatform 'LuminClient'
[2020.01.09-11.46.43:576][  0]LogTargetPlatformManager: Display: Loaded TargetPlatform 'TVOSClient'
[2020.01.09-11.46.43:577][  0]LogTargetPlatformManager: Display: Loaded TargetPlatform 'TVOS'
[2020.01.09-11.46.43:582][  0]LogTargetPlatformManager: Display: Loaded TargetPlatform 'WindowsNoEditor'
[2020.01.09-11.46.43:588][  0]LogTargetPlatformManager: Display: Loaded TargetPlatform 'Windows'
[2020.01.09-11.46.43:594][  0]LogTargetPlatformManager: Display: Loaded TargetPlatform 'WindowsClient'
[2020.01.09-11.46.43:599][  0]LogTargetPlatformManager: Display: Loaded TargetPlatform 'WindowsServer'
[2020.01.09-11.46.43:599][  0]LogTargetPlatformManager: Display: Building Assets For Windows
[2020.01.09-11.46.43:602][  0]LogAudioDebug: Display: Lib vorbis DLL was dynamically loaded.
[2020.01.09-11.46.43:622][  0]LogShaderCompilers: Guid format shader working directory is 4 characters bigger than the processId version (E:/Unreal/UnrealEngineLecture/BuildingEscape 4.24/Intermediate/Shaders/WorkingDirectory/22496/).
[2020.01.09-11.46.43:622][  0]LogShaderCompilers: Cleaned the shader compiler working directory 'C:/Users/Lee dong heon/AppData/Local/Temp/UnrealShaderWorkingDir/2FF3AD1C42A8B21F0755EB904BED156E/'.
[2020.01.09-11.46.43:623][  0]LogXGEController: Cannot use XGE Controller as Incredibuild is not installed on this machine.
[2020.01.09-11.46.43:623][  0]LogShaderCompilers: Cannot use XGE Shader Compiler as Incredibuild is not installed on this machine.
[2020.01.09-11.46.43:623][  0]LogShaderCompilers: Display: Using Local Shader Compiler.
[2020.01.09-11.46.44:194][  0]LogDerivedDataCache: Display: Max Cache Size: 512 MB
[2020.01.09-11.46.44:259][  0]LogDerivedDataCache: Loaded boot cache 0.06s 78MB C:/Users/Lee dong heon/AppData/Local/UnrealEngine/4.24/DerivedDataCache/Boot.ddc.
[2020.01.09-11.46.44:259][  0]LogDerivedDataCache: Display: Loaded Boot cache: C:/Users/Lee dong heon/AppData/Local/UnrealEngine/4.24/DerivedDataCache/Boot.ddc
[2020.01.09-11.46.44:259][  0]LogDerivedDataCache: FDerivedDataBackendGraph:  Pak pak cache file E:/Unreal/UnrealEngineLecture/BuildingEscape 4.24/DerivedDataCache/DDC.ddp not found, will not use a pak cache.
[2020.01.09-11.46.44:259][  0]LogDerivedDataCache: Unable to find inner node Pak for hierarchical cache Hierarchy.
[2020.01.09-11.46.44:259][  0]LogDerivedDataCache: FDerivedDataBackendGraph:  CompressedPak pak cache file E:/Unreal/UnrealEngineLecture/BuildingEscape 4.24/DerivedDataCache/Compressed.ddp not found, will not use a pak cache.
[2020.01.09-11.46.44:259][  0]LogDerivedDataCache: Unable to find inner node CompressedPak for hierarchical cache Hierarchy.
[2020.01.09-11.46.44:267][  0]LogDerivedDataCache: Display: Pak cache opened for reading ../../../Engine/DerivedDataCache/Compressed.ddp.
[2020.01.09-11.46.44:268][  0]LogDerivedDataCache: FDerivedDataBackendGraph:  EnterprisePak pak cache file ../../../Enterprise/DerivedDataCache/Compressed.ddp not found, will not use a pak cache.
[2020.01.09-11.46.44:268][  0]LogDerivedDataCache: Unable to find inner node EnterprisePak for hierarchical cache Hierarchy.
[2020.01.09-11.46.44:269][  0]LogDerivedDataCache: Using Local data cache path C:/Users/Lee dong heon/AppData/Local/UnrealEngine/Common/DerivedDataCache: Writable
[2020.01.09-11.46.44:269][  0]LogDerivedDataCache: Shared data cache path not found in *engine.ini, will not use an Shared cache.
[2020.01.09-11.46.44:269][  0]LogDerivedDataCache: Unable to find inner node Shared for hierarchical cache Hierarchy.
[2020.01.09-11.46.44:289][  0]LogMaterial: Verifying Global Shaders for PCD3D_SM5
[2020.01.09-11.46.44:291][  0]LogSlate: Using FreeType 2.10.0
[2020.01.09-11.46.44:291][  0]LogSlate: SlateFontServices - WITH_FREETYPE: 1, WITH_HARFBUZZ: 1
[2020.01.09-11.46.44:332][  0]LogAssetRegistry: FAssetRegistry took 0.0021 seconds to start up
[2020.01.09-11.46.44:563][  0]LogInit: Selected Device Profile: [Windows]
[2020.01.09-11.46.44:689][  0]LogMeshReduction: Using QuadricMeshReduction for automatic static mesh reduction
[2020.01.09-11.46.44:689][  0]LogMeshReduction: Using SimplygonMeshReduction for automatic skeletal mesh reduction
[2020.01.09-11.46.44:689][  0]LogMeshReduction: Using ProxyLODMeshReduction for automatic mesh merging
[2020.01.09-11.46.44:689][  0]LogMeshReduction: No distributed automatic mesh merging module available
[2020.01.09-11.46.44:689][  0]LogMeshMerging: No distributed automatic mesh merging module available
[2020.01.09-11.46.44:699][  0]LogNetVersion: BuildingEscape 1.0.0, NetCL: 10570792, EngineNetVer: 13, GameNetVer: 0 (Checksum: 2745654942)
[2020.01.09-11.46.45:517][  0]LogPackageLocalizationCache: Processed 10 localized package path(s) for 1 prioritized culture(s) in 0.031416 seconds
[2020.01.09-11.46.45:522][  0]LogUObjectArray: 46750 objects as part of root set at end of initial load.
[2020.01.09-11.46.45:522][  0]LogUObjectAllocator: 8137160 out of 0 bytes used by permanent object pool.
[2020.01.09-11.46.45:522][  0]LogUObjectArray: CloseDisregardForGC: 0/0 objects in disregard for GC pool
[2020.01.09-11.46.45:836][  0]LogTcpMessaging: Initializing TcpMessaging bridge
[2020.01.09-11.46.45:838][  0]LogUdpMessaging: Initializing bridge on interface 0.0.0.0:0 to multicast group 230.0.0.1:6666.
[2020.01.09-11.46.45:880][  0]SourceControl: Source control is disabled
[2020.01.09-11.46.45:880][  0]SourceControl: Source control is disabled
[2020.01.09-11.46.45:881][  0]SourceControl: Source control is disabled
[2020.01.09-11.46.45:882][  0]SourceControl: Source control is disabled
[2020.01.09-11.46.45:882][  0]SourceControl: Source control is disabled
[2020.01.09-11.46.45:944][  0]LogAndroidPermission: UAndroidPermissionCallbackProxy::GetInstance
[2020.01.09-11.46.45:951][  0]LogAudioCaptureCore: Display: No Audio Capture implementations found. Audio input will be silent.
[2020.01.09-11.46.45:951][  0]LogAudioCaptureCore: Display: No Audio Capture implementations found. Audio input will be silent.
[2020.01.09-11.46.46:023][  0]LogOcInput: OculusInput pre-init called
[2020.01.09-11.46.46:029][  0]LogWindows: Failed to load 'OVRPlugin.dll' (GetLastError=126)
[2020.01.09-11.46.46:029][  0]LogWindows: File 'OVRPlugin.dll' does not exist
[2020.01.09-11.46.46:082][  0]LogEngine: Initializing Engine...
[2020.01.09-11.46.46:082][  0]LogHMD: Failed to initialize OpenVR with code 110
[2020.01.09-11.46.46:083][  0]LogStats: UGameplayTagsManager::InitializeManager -  0.000 s
[2020.01.09-11.46.46:358][  0]LogInit: Initializing FReadOnlyCVARCache
[2020.01.09-11.46.46:363][  0]LogAIModule: Creating AISystem for world Untitled
[2020.01.09-11.46.46:381][  0]LogAudioMixer: Display: Audio Mixer Platform Settings:
[2020.01.09-11.46.46:381][  0]LogAudioMixer: Display: 	Sample Rate:						  48000
[2020.01.09-11.46.46:381][  0]LogAudioMixer: Display: 	Callback Buffer Frame Size Requested: 256
[2020.01.09-11.46.46:381][  0]LogAudioMixer: Display: 	Callback Buffer Frame Size To Use:	  256
[2020.01.09-11.46.46:381][  0]LogAudioMixer: Display: 	Number of buffers to queue:			  7
[2020.01.09-11.46.46:381][  0]LogAudioMixer: Display: 	Max Channels (voices):				  32
[2020.01.09-11.46.46:381][  0]LogAudioMixer: Display: 	Number of Async Source Workers:		  0
[2020.01.09-11.46.46:381][  0]LogAudio: Display: AudioDevice MaxSources: 32
[2020.01.09-11.46.46:381][  0]LogAudio: Display: Using built-in audio occlusion.
[2020.01.09-11.46.46:381][  0]LogAudioMixer: Display: Initializing audio mixer.
[2020.01.09-11.46.47:970][  0]LogAudioMixer: Display: Audio Device Output Speaker Info:
[2020.01.09-11.46.47:970][  0]LogAudioMixer: Display: Name: BenQ XL2730Z(NVIDIA High Definition Audio)
[2020.01.09-11.46.47:970][  0]LogAudioMixer: Display: Is Default: Yes
[2020.01.09-11.46.47:970][  0]LogAudioMixer: Display: Sample Rate: 48000
[2020.01.09-11.46.47:970][  0]LogAudioMixer: Display: Channel Count Used: 2
[2020.01.09-11.46.47:970][  0]LogAudioMixer: Display: Device Channel Count: 2
[2020.01.09-11.46.47:970][  0]LogAudioMixer: Display: Channel Order:
[2020.01.09-11.46.47:970][  0]LogAudioMixer: Display: 0: FrontLeft
[2020.01.09-11.46.47:970][  0]LogAudioMixer: Display: 1: FrontRight
[2020.01.09-11.46.47:988][  0]LogAudioMixer: Display: Using Audio Device BenQ XL2730Z(NVIDIA High Definition Audio)
[2020.01.09-11.46.47:990][  0]LogInit: FAudioDevice initialized.
[2020.01.09-11.46.47:990][  0]LogNetVersion: Set ProjectVersion to 1.0.0.0. Version Checksum will be recalculated on next use.
[2020.01.09-11.46.48:036][  0]LogDerivedDataCache: Saved boot cache 0.05s 78MB C:/Users/Lee dong heon/AppData/Local/UnrealEngine/4.24/DerivedDataCache/Boot.ddc.
[2020.01.09-11.46.48:039][  0]LogInit: Texture streaming: Enabled
[2020.01.09-11.46.48:046][  0]LogEngineSessionManager: EngineSessionManager initialized
[2020.01.09-11.46.48:047][  0]LogEditorSessionSummary: Verbose: Initializing EditorSessionSummaryWriter for editor session tracking
[2020.01.09-11.46.48:048][  0]LogEditorSessionSummary: EditorSessionSummaryWriter initialized
[2020.01.09-11.46.48:072][  0]LogInit: Transaction tracking system initialized
[2020.01.09-11.46.48:080][  0]BlueprintLog: New page: Editor Load
[2020.01.09-11.46.48:108][  0]LocalizationService: Localization service is disabled
[2020.01.09-11.46.48:314][  0]LogFileCache: Scanning file cache for directory 'E:/Unreal/UnrealEngineLecture/BuildingEscape 4.24/Content/' took 0.00s
[2020.01.09-11.46.48:314][  0]LogCook: Display: Max memory allowance for cook 16384mb min free memory 0mb
[2020.01.09-11.46.48:314][  0]LogCook: Display: Mobile HDR setting 1
[2020.01.09-11.46.48:825][  0]SourceControl: Source control is disabled
[2020.01.09-11.46.48:825][  0]Cmd: MAP LOAD FILE="E:/Unreal/UnrealEngineLecture/BuildingEscape 4.24/Saved/Untitled_2.umap" TEMPLATE=0 SHOWPROGRESS=1 FEATURELEVEL=3
[2020.01.09-11.46.48:825][  0]LogEditorServer: Warning: Can't find file 'E:/Unreal/UnrealEngineLecture/BuildingEscape 4.24/Saved/Untitled_2.umap'
[2020.01.09-11.46.48:825][  0]Cmd: MAP CHECKDEP NOCLEARLOG
[2020.01.09-11.46.48:826][  0]MapCheck: Map check complete: 0 Error(s), 0 Warning(s), took 0.074ms to complete.
[2020.01.09-11.46.48:826][  0]LogFileHelpers: Loading map 'Untitled_2' took 0.000
[2020.01.09-11.46.48:929][  0]LogCollectionManager: Loaded 0 collections in 0.001614 seconds
[2020.01.09-11.46.48:939][  0]LogFileCache: Scanning file cache for directory 'E:/Unreal/UnrealEngineLecture/BuildingEscape 4.24/Saved/Collections/' took 0.00s
[2020.01.09-11.46.48:939][  0]LogFileCache: Scanning file cache for directory 'E:/Unreal/UnrealEngineLecture/BuildingEscape 4.24/Content/Developers/Leedongheon/Collections/' took 0.00s
[2020.01.09-11.46.48:939][  0]LogFileCache: Scanning file cache for directory 'E:/Unreal/UnrealEngineLecture/BuildingEscape 4.24/Content/Collections/' took 0.00s
[2020.01.09-11.46.48:939][  0]LogContentBrowser: Native class hierarchy populated in 0.0061 seconds. Added 3019 classes and 719 folders.
[2020.01.09-11.46.48:941][  0]LogContentBrowser: Native class hierarchy updated for 'WidgetCarousel' in 0.0002 seconds. Added 0 classes and 0 folders.
[2020.01.09-11.46.48:986][  0]LogContentBrowser: Native class hierarchy updated for 'AddContentDialog' in 0.0002 seconds. Added 0 classes and 0 folders.
[2020.01.09-11.46.48:993][  0]LogSlate: Updating window title bar state: overlay mode, drag disabled, window buttons hidden, title bar hidden
[2020.01.09-11.46.48:998][  0]LogSlate: Updating window title bar state: overlay mode, drag disabled, window buttons hidden, title bar hidden
[2020.01.09-11.46.49:003][  0]LogSlate: Updating window title bar state: overlay mode, drag disabled, window buttons hidden, title bar hidden
[2020.01.09-11.46.49:008][  0]LogSlate: Updating window title bar state: overlay mode, drag disabled, window buttons hidden, title bar hidden
[2020.01.09-11.46.49:014][  0]LogContentBrowser: Native class hierarchy updated for 'SceneOutliner' in 0.0003 seconds. Added 2 classes and 3 folders.
[2020.01.09-11.46.49:069][  0]LogContentBrowser: Native class hierarchy updated for 'HierarchicalLODOutliner' in 0.0003 seconds. Added 0 classes and 0 folders.
[2020.01.09-11.46.49:069][  0]LogLoad: (Engine Initialization) Total time: 7.76 seconds
[2020.01.09-11.46.49:069][  0]LogLoad: (Engine Initialization) Total Blueprint compile time: 0.00 seconds
[2020.01.09-11.46.49:113][  0]LogAssetRegistry: Asset discovery search completed in 4.7821 seconds
[2020.01.09-11.46.49:115][  0]LogCollectionManager: Fixed up redirectors for 0 collections in 0.000007 seconds (updated 0 objects)
[2020.01.09-11.46.49:116][  0]LogContentStreaming: Texture pool size now 1000 MB
[2020.01.09-11.46.49:122][  0]LogSlate: Took 0.000100 seconds to synchronously load lazily loaded font '../../../Engine/Content/Slate/Fonts/Roboto-Regular.ttf' (155K)
[2020.01.09-11.46.49:124][  0]LogSlate: Took 0.000094 seconds to synchronously load lazily loaded font '../../../Engine/Content/Slate/Fonts/Roboto-Bold.ttf' (160K)
[2020.01.09-11.46.49:125][  0]LogSlate: Took 0.000130 seconds to synchronously load lazily loaded font '../../../Engine/Content/Editor/Slate/Fonts/FontAwesome.ttf' (139K)
[2020.01.09-11.46.49:127][  0]LogSlate: Took 0.000097 seconds to synchronously load lazily loaded font '../../../Engine/Content/Slate/Fonts/DroidSansMono.ttf' (77K)
[2020.01.09-11.46.49:436][  2]LogRenderer: Reallocating scene render targets to support 736x464 Format 10 NumSamples 1 (Frame:1).
[2020.01.09-11.48.38:551][328]LogEditorViewport: Clicking Background
[2020.01.09-11.48.41:845][487]LogEditorViewport: Clicking Background
[2020.01.09-11.48.42:544][564]Candidate modules for hot reload:
[2020.01.09-11.48.42:544][564]  BuildingEscape
[2020.01.09-11.48.42:544][564]Launching UnrealBuildTool... [C:/Program Files/Epic Games/UE_4.24/Engine/Binaries/DotNET/UnrealBuildTool.exe  -ModuleWithSuffix=BuildingEscape,6405 Win64 Development -TargetType=Editor -Project="E:/Unreal/UnrealEngineLecture/BuildingEscape 4.24/BuildingEscape.uproject" "E:/Unreal/UnrealEngineLecture/BuildingEscape 4.24/BuildingEscape.uproject"  -IgnoreJunk]
[2020.01.09-11.48.42:550][564]Warning: Starting HotReload took  0.0s.
[2020.01.09-11.48.45:756][900]LogRenderer: Reallocating scene render targets to support 736x472 Format 10 NumSamples 1 (Frame:567).
[2020.01.09-11.48.45:793][900]LogRenderer: Reallocating scene render targets to support 736x492 Format 10 NumSamples 1 (Frame:568).
[2020.01.09-11.48.45:837][900]LogRenderer: Reallocating scene render targets to support 736x524 Format 10 NumSamples 1 (Frame:569).
[2020.01.09-11.48.45:875][900]LogRenderer: Reallocating scene render targets to support 736x576 Format 10 NumSamples 1 (Frame:570).
[2020.01.09-11.48.45:912][900]LogRenderer: Reallocating scene render targets to support 736x600 Format 10 NumSamples 1 (Frame:571).
[2020.01.09-11.48.45:949][900]LogRenderer: Reallocating scene render targets to support 736x624 Format 10 NumSamples 1 (Frame:572).
[2020.01.09-11.48.45:986][900]LogRenderer: Reallocating scene render targets to support 736x636 Format 10 NumSamples 1 (Frame:573).
[2020.01.09-11.48.46:021][900]LogRenderer: Reallocating scene render targets to support 736x644 Format 10 NumSamples 1 (Frame:574).
[2020.01.09-11.48.46:059][900]LogRenderer: Reallocating scene render targets to support 736x648 Format 10 NumSamples 1 (Frame:575).
[2020.01.09-11.48.46:103][900]LogRenderer: Reallocating scene render targets to support 736x652 Format 10 NumSamples 1 (Frame:576).
[2020.01.09-11.48.46:141][900]LogRenderer: Reallocating scene render targets to support 736x660 Format 10 NumSamples 1 (Frame:577).
[2020.01.09-11.48.46:184][900]LogRenderer: Reallocating scene render targets to support 736x668 Format 10 NumSamples 1 (Frame:578).
[2020.01.09-11.48.46:228][900]LogRenderer: Reallocating scene render targets to support 736x676 Format 10 NumSamples 1 (Frame:579).
[2020.01.09-11.48.46:265][900]LogRenderer: Reallocating scene render targets to support 736x684 Format 10 NumSamples 1 (Frame:580).
[2020.01.09-11.48.46:333][900]LogRenderer: Reallocating scene render targets to support 736x688 Format 10 NumSamples 1 (Frame:582).
[2020.01.09-11.48.53:476][748]CompilerResultsLog: New page: Compilation - 2020. 1. 10. 오전 5:48:53
[2020.01.09-11.48.53:476][748]CompilerResultsLog: Parsing headers for BuildingEscapeEditor
[2020.01.09-11.48.53:476][748]CompilerResultsLog:   Running UnrealHeaderTool "E:\Unreal\UnrealEngineLecture\BuildingEscape 4.24\BuildingEscape.uproject" "E:\Unreal\UnrealEngineLecture\BuildingEscape 4.24\Intermediate\Build\Win64\BuildingEscapeEditor\Development\BuildingEscapeEditor.uhtmanifest" -LogCmds="loginit warning, logexit warning, logdatabase error" -Unattended -WarningsAsErrors -installed
[2020.01.09-11.48.53:476][748]CompilerResultsLog: Reflection code generated for BuildingEscapeEditor in 5.4724915 seconds
[2020.01.09-11.48.53:476][748]CompilerResultsLog: Building BuildingEscapeEditor...
[2020.01.09-11.48.53:476][748]CompilerResultsLog: Using Visual Studio 2019 14.24.28314 toolchain (C:\Program Files (x86)\Microsoft Visual Studio\2019\Community\VC\Tools\MSVC\14.24.28314) and Windows 10.0.17763.0 SDK (C:\Program Files (x86)\Windows Kits\10).
[2020.01.09-11.48.53:476][748]CompilerResultsLog: [Upgrade]
[2020.01.09-11.48.53:476][748]CompilerResultsLog: [Upgrade] Using backward-compatible build settings. The latest version of UE4 sets the following values by default, which may require code changes:
[2020.01.09-11.48.53:476][748]CompilerResultsLog: [Upgrade]     bLegacyPublicIncludePaths = false                 => Omits subfolders from public include paths to reduce compiler command line length. (Previously: true).
[2020.01.09-11.48.53:476][748]CompilerResultsLog: [Upgrade]     ShadowVariableWarningLevel = WarningLevel.Error   => Treats shadowed variable warnings as errors. (Previously: WarningLevel.Warning).
[2020.01.09-11.48.53:476][748]CompilerResultsLog: [Upgrade]     PCHUsage = PCHUsageMode.UseExplicitOrSharedPCHs   => Set in build.cs files to enables IWYU-style PCH model. See https://docs.unrealengine.com/en-US/Programming/BuildTools/UnrealBuildTool/IWYU/index.html. (Previously: PCHUsageMode.UseSharedPCHs).
[2020.01.09-11.48.53:476][748]CompilerResultsLog: [Upgrade] Suppress this message by setting 'DefaultBuildSettings = BuildSettingsVersion.V2;' in BuildingEscapeEditor.Target.cs, and explicitly overriding settings that differ from the new defaults.
[2020.01.09-11.48.53:476][748]CompilerResultsLog: [Upgrade]
[2020.01.09-11.48.53:476][748]CompilerResultsLog: Building 4 actions with 16 processes...
[2020.01.09-11.48.53:476][748]CompilerResultsLog:   [1/4] Grabber.cpp
[2020.01.09-11.48.53:476][748]CompilerResultsLog:    C:\Program Files\Epic Games\UE_4.24\Engine\Source\Runtime\Core\Public\Logging/LogMacros.h(58) : error C2338: Invalid argument(s) passed to FMsg::Logf_Internal
[2020.01.09-11.48.53:476][748]CompilerResultsLog:   E:\Unreal\UnrealEngineLecture\BuildingEscape 4.24\Source\BuildingEscape\Grabber.cpp(79): note: ?????ϵǴ? ?Լ? ???ø? ?ν??Ͻ?ȭ 'void FMsg::Logf_Internal<wchar_t[14],FString>(const ANSICHAR *,int32,const FLogCategoryName &,ELogVerbosity::Type,const FmtType (&),FString)'?? ???? ?????? Ȯ???ϼ???.
[2020.01.09-11.48.53:476][748]CompilerResultsLog:           with
[2020.01.09-11.48.53:476][748]CompilerResultsLog:           [
[2020.01.09-11.48.53:476][748]CompilerResultsLog:               FmtType=wchar_t [14]
[2020.01.09-11.48.53:476][748]CompilerResultsLog:           ]
[2020.01.09-11.48.53:476][748]CompilerResultsLog:    C:\Program Files\Epic Games\UE_4.24\Engine\Source\Runtime\Core\Public\Logging/LogMacros.h(60) : error C4840: variadic ?Լ??? ?μ??μ? 'FString' Ŭ?????? ?̽? ?Ұ????ϰ? ?????߽??ϴ?.
[2020.01.09-11.48.53:476][748]CompilerResultsLog:   C:\Program Files\Epic Games\UE_4.24\Engine\Source\Runtime\Core\Public\Logging/LogMacros.h(60): note: 'FString::FString'??(??) trivial?? ?ƴմϴ?.
[2020.01.09-11.48.53:476][748]CompilerResultsLog:   C:\Program Files\Epic Games\UE_4.24\Engine\Source\Runtime\Core\Public\Containers/UnrealString.h(75): note: 'FString::FString' ?????? ?????Ͻʽÿ?.
[2020.01.09-11.48.53:476][748]CompilerResultsLog:   C:\Program Files\Epic Games\UE_4.24\Engine\Source\Runtime\Core\Public\Logging/LogMacros.h(60): note: ?????ڿ? ?Ҹ??ڰ? ȣ?????? ?ʽ??ϴ?. Ŭ?????? ??Ʈ ???簡 ?μ??? ???޵˴ϴ?.
[2020.01.09-11.48.53:476][748]CompilerResultsLog:   C:\Program Files\Epic Games\UE_4.24\Engine\Source\Runtime\Core\Public\Windows/WindowsCriticalSection.h(9): note: 'FString' ?????? ?????Ͻʽÿ?.
[2020.01.09-11.48.53:476][748]LogMainFrame: MainFrame: Module compiling took 10.936 seconds
[2020.01.09-11.48.53:476][748]Warning: HotReload failed, recompile failed
[2020.01.09-11.48.53:490][748]LogSlate: Took 0.001063 seconds to synchronously load lazily loaded font '../../../Engine/Content/Slate/Fonts/DroidSansFallback.ttf' (3848K)
[2020.01.09-11.48.53:492][748]LogSlate: Last resort fallback font was requested. Font: '../../../Engine/Content/Slate/Fonts/DroidSansFallback.ttf', Character: 'ϵ (U+03f5)'
[2020.01.09-11.48.53:497][748]LogSlate: Took 0.003796 seconds to synchronously load lazily loaded font '../../../Engine/Content/SlateDebug/Fonts/LastResort.ttf' (5269K)
[2020.01.09-11.48.53:500][748]LogSlate: Took 0.000381 seconds to synchronously load lazily loaded font '../../../Engine/Content/Slate/Fonts/NotoNaskhArabicUI-Regular.ttf' (144K)
[2020.01.09-11.48.54:583][878]LogTemp: Repeating last play command: Selected Viewport
[2020.01.09-11.48.54:588][878]LogPlayLevel: PlayLevel: No blueprints needed recompiling
[2020.01.09-11.48.54:588][878]PIE: New page: PIE session: Untitled_0 (2020. 1. 10. 오전 5:48:54)
[2020.01.09-11.48.54:589][878]LogOnline: OSS: Creating online subsystem instance for: NULL
[2020.01.09-11.48.54:590][878]LogOnline: OSS: TryLoadSubsystemAndSetDefault: Loaded subsystem for module [NULL]
[2020.01.09-11.48.54:590][878]LogPlayLevel: Creating play world package: /Temp/UEDPIE_0_Untitled_0
[2020.01.09-11.48.54:591][878]LogPlayLevel: PIE: StaticDuplicateObject took: (0.000535s)
[2020.01.09-11.48.54:591][878]LogAIModule: Creating AISystem for world Untitled
[2020.01.09-11.48.54:591][878]LogPlayLevel: PIE: World Init took: (0.000841s)
[2020.01.09-11.48.54:591][878]LogPlayLevel: PIE: Created PIE world by copying editor world from /Temp/Untitled_0.Untitled to /Temp/UEDPIE_0_Untitled_0.Untitled (0.001510s)
[2020.01.09-11.48.54:622][878]LogUObjectHash: Compacting FUObjectHashTables data took   1.45ms
[2020.01.09-11.48.54:623][878]LogAudioMixer: Display: Audio Mixer Platform Settings:
[2020.01.09-11.48.54:623][878]LogAudioMixer: Display: 	Sample Rate:						  48000
[2020.01.09-11.48.54:623][878]LogAudioMixer: Display: 	Callback Buffer Frame Size Requested: 256
[2020.01.09-11.48.54:623][878]LogAudioMixer: Display: 	Callback Buffer Frame Size To Use:	  256
[2020.01.09-11.48.54:623][878]LogAudioMixer: Display: 	Number of buffers to queue:			  7
[2020.01.09-11.48.54:623][878]LogAudioMixer: Display: 	Max Channels (voices):				  32
[2020.01.09-11.48.54:623][878]LogAudioMixer: Display: 	Number of Async Source Workers:		  0
[2020.01.09-11.48.54:623][878]LogAudio: Display: AudioDevice MaxSources: 32
[2020.01.09-11.48.54:624][878]LogAudio: Display: Using built-in audio occlusion.
[2020.01.09-11.48.54:624][878]LogAudioMixer: Display: Initializing audio mixer.
[2020.01.09-11.48.54:637][878]LogAudioMixer: Display: Audio Device Output Speaker Info:
[2020.01.09-11.48.54:637][878]LogAudioMixer: Display: Name: BenQ XL2730Z(NVIDIA High Definition Audio)
[2020.01.09-11.48.54:637][878]LogAudioMixer: Display: Is Default: Yes
[2020.01.09-11.48.54:637][878]LogAudioMixer: Display: Sample Rate: 48000
[2020.01.09-11.48.54:637][878]LogAudioMixer: Display: Channel Count Used: 2
[2020.01.09-11.48.54:637][878]LogAudioMixer: Display: Device Channel Count: 2
[2020.01.09-11.48.54:637][878]LogAudioMixer: Display: Channel Order:
[2020.01.09-11.48.54:637][878]LogAudioMixer: Display: 0: FrontLeft
[2020.01.09-11.48.54:637][878]LogAudioMixer: Display: 1: FrontRight
[2020.01.09-11.48.54:647][878]LogAudioMixer: Display: Using Audio Device BenQ XL2730Z(NVIDIA High Definition Audio)
[2020.01.09-11.48.54:648][878]LogInit: FAudioDevice initialized.
[2020.01.09-11.48.54:660][878]LogLoad: Game class is 'BuildingEscapeGameModeBase_BP_C'
[2020.01.09-11.48.54:661][878]LogWorld: Bringing World /Temp/UEDPIE_0_Untitled_0.Untitled up for play (max tick rate 0) at 2020.01.09-20.48.54
[2020.01.09-11.48.54:662][878]LogWorld: Bringing up level for play took: 0.000268
[2020.01.09-11.48.54:662][878]LogOnline: OSS: Creating online subsystem instance for: :Context_1
[2020.01.09-11.48.54:682][878]LogContentBrowser: Native class hierarchy updated for 'MovieSceneCapture' in 0.0003 seconds. Added 20 classes and 0 folders.
[2020.01.09-11.48.54:682][878]LogTemp: Warning: Grabber!
[2020.01.09-11.48.54:682][878]PIE: Play in editor start time for /Temp/UEDPIE_0_Untitled_0 -0.182
[2020.01.09-11.48.55:875][878]LogWindows: Error: === Critical error: ===
[2020.01.09-11.48.55:875][878]LogWindows: Error: 
[2020.01.09-11.48.55:875][878]LogWindows: Error: Fatal error!
[2020.01.09-11.48.55:875][878]LogWindows: Error: 
[2020.01.09-11.48.55:875][878]LogWindows: Error: Unhandled Exception: EXCEPTION_ACCESS_VIOLATION reading address 0x00000018
[2020.01.09-11.48.55:875][878]LogWindows: Error: 
[2020.01.09-11.48.55:875][878]LogWindows: Error: [Callstack] 0x00007ffa6a8e5e2d UE4Editor-BuildingEscape-7885.dll!UnknownFunction []
[2020.01.09-11.48.55:875][878]LogWindows: Error: [Callstack] 0x00007ffa7b5f1dd8 UE4Editor-Engine.dll!UnknownFunction []
[2020.01.09-11.48.55:875][878]LogWindows: Error: [Callstack] 0x00007ffa7b622d84 UE4Editor-Engine.dll!UnknownFunction []
[2020.01.09-11.48.55:875][878]LogWindows: Error: [Callstack] 0x00007ffa7c396123 UE4Editor-Engine.dll!UnknownFunction []
[2020.01.09-11.48.55:875][878]LogWindows: Error: [Callstack] 0x00007ffa7c3a4116 UE4Editor-Engine.dll!UnknownFunction []
[2020.01.09-11.48.55:875][878]LogWindows: Error: [Callstack] 0x00007ffa94b69ff2 UE4Editor-Core.dll!UnknownFunction []
[2020.01.09-11.48.55:875][878]LogWindows: Error: [Callstack] 0x00007ffa94b6a2aa UE4Editor-Core.dll!UnknownFunction []
[2020.01.09-11.48.55:875][878]LogWindows: Error: [Callstack] 0x00007ffa7c3c265d UE4Editor-Engine.dll!UnknownFunction []
[2020.01.09-11.48.55:875][878]LogWindows: Error: [Callstack] 0x00007ffa7c3c84f2 UE4Editor-Engine.dll!UnknownFunction []
[2020.01.09-11.48.55:875][878]LogWindows: Error: [Callstack] 0x00007ffa7bb49f3f UE4Editor-Engine.dll!UnknownFunction []
[2020.01.09-11.48.55:875][878]LogWindows: Error: [Callstack] 0x00007ffa7bb555ee UE4Editor-Engine.dll!UnknownFunction []
[2020.01.09-11.48.55:875][878]LogWindows: Error: [Callstack] 0x00007ffa79ceadb0 UE4Editor-UnrealEd.dll!UnknownFunction []
[2020.01.09-11.48.55:875][878]LogWindows: Error: [Callstack] 0x00007ffa7a54dd66 UE4Editor-UnrealEd.dll!UnknownFunction []
[2020.01.09-11.48.55:875][878]LogWindows: Error: [Callstack] 0x00007ff650927f62 UE4Editor.exe!UnknownFunction []
[2020.01.09-11.48.55:875][878]LogWindows: Error: [Callstack] 0x00007ff65093c3ec UE4Editor.exe!UnknownFunction []
[2020.01.09-11.48.55:875][878]LogWindows: Error: [Callstack] 0x00007ff65093c4ca UE4Editor.exe!UnknownFunction []
[2020.01.09-11.48.55:875][878]LogWindows: Error: [Callstack] 0x00007ff65094ceae UE4Editor.exe!UnknownFunction []
[2020.01.09-11.48.55:875][878]LogWindows: Error: [Callstack] 0x00007ff65094fcbe UE4Editor.exe!UnknownFunction []
[2020.01.09-11.48.55:875][878]LogWindows: Error: [Callstack] 0x00007ffaed047bd4 KERNEL32.DLL!UnknownFunction []
[2020.01.09-11.48.55:875][878]LogWindows: Error: [Callstack] 0x00007ffaee86ced1 ntdll.dll!UnknownFunction []
[2020.01.09-11.48.55:875][878]LogWindows: Error: 
[2020.01.09-11.48.55:890][878]LogExit: Executing StaticShutdownAfterError
[2020.01.09-11.48.55:893][878]LogWindows: FPlatformMisc::RequestExit(1)
[2020.01.09-11.48.55:893][878]LogCore: Engine exit requested (reason: Win RequestExit)
[2020.01.09-11.48.55:902][878]Log file closed, 01/09/20 20:48:55
