Log file open, 01/09/20 20:41:47
LogWindows: Failed to load 'aqProf.dll' (GetLastError=126)
LogWindows: File 'aqProf.dll' does not exist
LogWindows: Failed to load 'VtuneApi.dll' (GetLastError=126)
LogWindows: File 'VtuneApi.dll' does not exist
LogWindows: Failed to load 'VtuneApi32e.dll' (GetLastError=126)
LogWindows: File 'VtuneApi32e.dll' does not exist
LogConsoleResponse: Display: Failed to find resolution value strings in scalability ini. Falling back to default.
LogInit: Display: Running engine for game: BuildingEscape
LogPlatformFile: Not using cached read wrapper
LogTaskGraph: Started task graph with 5 named threads and 47 total threads with 3 sets of task threads.
LogStats: Stats thread started at 0.061262
LogD3D11RHI: Loaded GFSDK_Aftermath_Lib.x64.dll
LogICUInternationalization: ICU TimeZone Detection - Raw Offset: +9:00, Platform Override: ''
LogPluginManager: Mounting plugin Paper2D
LogPluginManager: Mounting plugin AISupport
LogPluginManager: Mounting plugin LightPropagationVolume
LogPluginManager: Mounting plugin ActorLayerUtilities
LogPluginManager: Mounting plugin AnimationSharing
LogPluginManager: Mounting plugin CLionSourceCodeAccess
LogPluginManager: Mounting plugin CodeLiteSourceCodeAccess
LogPluginManager: Mounting plugin GitSourceControl
LogPluginManager: Mounting plugin KDevelopSourceCodeAccess
LogPluginManager: Mounting plugin NullSourceCodeAccess
LogPluginManager: Mounting plugin PerforceSourceControl
LogPluginManager: Mounting plugin PlasticSourceControl
LogPluginManager: Mounting plugin SubversionSourceControl
LogPluginManager: Mounting plugin UObjectPlugin
LogPluginManager: Mounting plugin VisualStudioCodeSourceCodeAccess
LogPluginManager: Mounting plugin VisualStudioSourceCodeAccess
LogPluginManager: Mounting plugin XCodeSourceCodeAccess
LogPluginManager: Mounting plugin AssetManagerEditor
LogPluginManager: Mounting plugin CryptoKeys
LogPluginManager: Mounting plugin CurveEditorTools
LogPluginManager: Mounting plugin DataValidation
LogPluginManager: Mounting plugin FacialAnimation
LogPluginManager: Mounting plugin GameplayTagsEditor
LogPluginManager: Mounting plugin MacGraphicsSwitching
LogPluginManager: Mounting plugin MaterialAnalyzer
LogPluginManager: Mounting plugin MobileLauncherProfileWizard
LogPluginManager: Mounting plugin PluginBrowser
LogPluginManager: Mounting plugin SpeedTreeImporter
LogPluginManager: Mounting plugin DatasmithContent
LogPluginManager: Mounting plugin VariantManagerContent
LogPluginManager: Mounting plugin AlembicImporter
LogPluginManager: Mounting plugin AutomationUtils
LogPluginManager: Mounting plugin BackChannel
LogPluginManager: Mounting plugin CharacterAI
LogPluginManager: Mounting plugin GeometryCache
LogPluginManager: Mounting plugin PlatformCrypto
LogPluginManager: Mounting plugin ProxyLODPlugin
LogPluginManager: Mounting plugin SkeletalReduction
LogPluginManager: Mounting plugin MagicLeap
LogPluginManager: Mounting plugin MagicLeapMedia
LogPluginManager: Mounting plugin MLSDK
LogPluginManager: Mounting plugin AndroidMedia
LogPluginManager: Mounting plugin AvfMedia
LogPluginManager: Mounting plugin ImgMedia
LogPluginManager: Mounting plugin MediaCompositing
LogPluginManager: Mounting plugin MediaPlayerEditor
LogPluginManager: Mounting plugin WebMMedia
LogPluginManager: Mounting plugin WmfMedia
LogPluginManager: Mounting plugin TcpMessaging
LogPluginManager: Mounting plugin UdpMessaging
LogPluginManager: Mounting plugin ActorSequence
LogPluginManager: Mounting plugin LevelSequenceEditor
LogPluginManager: Mounting plugin MatineeToLevelSequence
LogPluginManager: Mounting plugin NetcodeUnitTest
LogPluginManager: Mounting plugin NUTUnrealEngine4
LogPluginManager: Mounting plugin OnlineSubsystemGooglePlay
LogPluginManager: Mounting plugin OnlineSubsystemIOS
LogPluginManager: Mounting plugin OnlineSubsystem
LogPluginManager: Mounting plugin OnlineSubsystemNull
LogPluginManager: Mounting plugin OnlineSubsystemUtils
LogPluginManager: Mounting plugin LauncherChunkInstaller
LogPluginManager: Mounting plugin AndroidDeviceProfileSelector
LogPluginManager: Mounting plugin AndroidMoviePlayer
LogPluginManager: Mounting plugin AndroidPermission
LogPluginManager: Mounting plugin AppleImageUtils
LogPluginManager: Mounting plugin AppleMoviePlayer
LogPluginManager: Mounting plugin ArchVisCharacter
LogPluginManager: Mounting plugin AssetTags
LogPluginManager: Mounting plugin AudioCapture
LogPluginManager: Mounting plugin CableComponent
LogPluginManager: Mounting plugin CustomMeshComponent
LogPluginManager: Mounting plugin EditableMesh
LogPluginManager: Mounting plugin ExampleDeviceProfileSelector
LogPluginManager: Mounting plugin GoogleCloudMessaging
LogPluginManager: Mounting plugin IOSDeviceProfileSelector
LogPluginManager: Mounting plugin LinuxDeviceProfileSelector
LogPluginManager: Mounting plugin LocationServicesBPLibrary
LogPluginManager: Mounting plugin MobilePatchingUtils
LogPluginManager: Mounting plugin OculusVR
LogPluginManager: Mounting plugin PhysXVehicles
LogPluginManager: Mounting plugin PostSplashScreen
LogPluginManager: Mounting plugin ProceduralMeshComponent
LogPluginManager: Mounting plugin RuntimePhysXCooking
LogPluginManager: Mounting plugin SignificanceManager
LogPluginManager: Mounting plugin SteamVR
LogPluginManager: Mounting plugin WebMMoviePlayer
LogPluginManager: Mounting plugin WindowsMoviePlayer
LogPluginManager: Mounting plugin ScreenshotTools
LogInit: Using libcurl 7.55.1-DEV
LogInit:  - built for x86_64-pc-win32
LogInit:  - supports SSL with OpenSSL/1.1.1
LogInit:  - supports HTTP deflate (compression) using libz 1.2.8
LogInit:  - other features:
LogInit:      CURL_VERSION_SSL
LogInit:      CURL_VERSION_LIBZ
LogInit:      CURL_VERSION_IPV6
LogInit:      CURL_VERSION_ASYNCHDNS
LogInit:      CURL_VERSION_LARGEFILE
LogInit:      CURL_VERSION_IDN
LogInit:  CurlRequestOptions (configurable via config and command line):
LogInit:  - bVerifyPeer = true  - Libcurl will verify peer certificate
LogInit:  - bUseHttpProxy = false  - Libcurl will NOT use HTTP proxy
LogInit:  - bDontReuseConnections = false  - Libcurl will reuse connections
LogInit:  - MaxHostConnections = 16  - Libcurl will limit the number of connections to a host
LogInit:  - LocalHostAddr = Default
LogInit:  - BufferSize = 65536
LogOnline: OSS: Creating online subsystem instance for: NULL
LogInit: WinSock: version 1.1 (2.2), MaxSocks=32767, MaxUdp=65467
LogOnline: OSS: TryLoadSubsystemAndSetDefault: Loaded subsystem for module [NULL]
LogInit: Build: ++UE4+Release-4.24-CL-10757647
LogInit: Engine Version: 4.24.1-10757647+++UE4+Release-4.24
LogInit: Compatible Engine Version: 4.24.0-10570792+++UE4+Release-4.24
LogInit: Net CL: 10570792
LogInit: OS: Windows 10 (Release 1903) (), CPU: Intel(R) Core(TM) i9-9900K CPU @ 3.60GHz, GPU: NVIDIA GeForce RTX 2080
LogInit: Compiled (64-bit): Dec 17 2019 02:08:03
LogInit: Compiled with Visual C++: 19.16.27032.01
LogInit: Build Configuration: Development
LogInit: Branch Name: ++UE4+Release-4.24
LogInit: Command Line: 
LogInit: Base Directory: C:/Program Files/Epic Games/UE_4.24/Engine/Binaries/Win64/
LogInit: Installed Engine Build: 1
LogDevObjectVersion: Number of dev versions registered: 25
LogDevObjectVersion:   Dev-Blueprints (B0D832E4-1F89-4F0D-ACCF-7EB736FD4AA2): 10
LogDevObjectVersion:   Dev-Build (E1C64328-A22C-4D53-A36C-8E866417BD8C): 0
LogDevObjectVersion:   Dev-Core (375EC13C-06E4-48FB-B500-84F0262A717E): 3
LogDevObjectVersion:   Dev-Editor (E4B068ED-F494-42E9-A231-DA0B2E46BB41): 37
LogDevObjectVersion:   Dev-Framework (CFFC743F-43B0-4480-9391-14DF171D2073): 36
LogDevObjectVersion:   Dev-Mobile (B02B49B5-BB20-44E9-A304-32B752E40360): 2
LogDevObjectVersion:   Dev-Networking (A4E4105C-59A1-49B5-A7C5-40C4547EDFEE): 0
LogDevObjectVersion:   Dev-Online (39C831C9-5AE6-47DC-9A44-9C173E1C8E7C): 0
LogDevObjectVersion:   Dev-Physics (78F01B33-EBEA-4F98-B9B4-84EACCB95AA2): 2
LogDevObjectVersion:   Dev-Platform (6631380F-2D4D-43E0-8009-CF276956A95A): 0
LogDevObjectVersion:   Dev-Rendering (12F88B9F-8875-4AFC-A67C-D90C383ABD29): 36
LogDevObjectVersion:   Dev-Sequencer (7B5AE74C-D270-4C10-A958-57980B212A5A): 11
LogDevObjectVersion:   Dev-VR (D7296918-1DD6-4BDD-9DE2-64A83CC13884): 2
LogDevObjectVersion:   Dev-LoadTimes (C2A15278-BFE7-4AFE-6C17-90FF531DF755): 1
LogDevObjectVersion:   Private-Geometry (6EACA3D4-40EC-4CC1-B786-8BED09428FC5): 3
LogDevObjectVersion:   Dev-AnimPhys (29E575DD-E0A3-4627-9D10-D276232CDCEA): 17
LogDevObjectVersion:   Dev-Anim (AF43A65D-7FD3-4947-9873-3E8ED9C1BB05): 2
LogDevObjectVersion:   Dev-ReflectionCapture (6B266CEC-1EC7-4B8F-A30B-E4D90942FC07): 1
LogDevObjectVersion:   Dev-Automation (0DF73D61-A23F-47EA-B727-89E90C41499A): 1
LogDevObjectVersion:   FortniteMain (601D1886-AC64-4F84-AA16-D3DE0DEAC7D6): 31
LogDevObjectVersion:   Dev-Enterprise (9DFFBCD6-494F-0158-E221-12823C92A888): 8
LogDevObjectVersion:   Dev-Niagara (F2AED0AC-9AFE-416F-8664-AA7FFA26D6FC): 1
LogDevObjectVersion:   Dev-Destruction (174F1F0B-B4C6-45A5-B13F-2EE8D0FB917D): 9
LogDevObjectVersion:   Dev-Physics-Ext (35F94A83-E258-406C-A318-09F59610247C): 8
LogDevObjectVersion:   Dev-CineCamera (B2E18506-4273-CFC2-A54E-F4BB758BBA07): 1
LogInit: Presizing for max 25165824 objects, including 0 objects not considered by GC, pre-allocating 0 bytes for permanent pool.
LogInit: Object subsystem initialized
LogConfig: Setting CVar [[con.DebugEarlyDefault:1]]
LogConfig: Setting CVar [[r.setres:1280x720]]
[2020.01.09-11.41.47:787][  0]LogConfig: Setting CVar [[r.VSync:0]]
[2020.01.09-11.41.47:787][  0]LogConfig: Setting CVar [[r.RHICmdBypass:0]]
[2020.01.09-11.41.47:787][  0]LogConfig: Applying CVar settings from Section [/Script/Engine.RendererSettings] File [E:/Unreal/UnrealEngineLecture/BuildingEscape 4.24/Saved/Config/Windows/Engine.ini]
[2020.01.09-11.41.47:787][  0]LogConfig: Setting CVar [[r.GPUCrashDebugging:0]]
[2020.01.09-11.41.47:787][  0]LogConfig: Setting CVar [[r.DefaultFeature.AutoExposure.ExtendDefaultLuminanceRange:1]]
[2020.01.09-11.41.47:787][  0]LogConfig: Applying CVar settings from Section [/Script/Engine.RendererOverrideSettings] File [E:/Unreal/UnrealEngineLecture/BuildingEscape 4.24/Saved/Config/Windows/Engine.ini]
[2020.01.09-11.41.47:787][  0]LogConfig: Applying CVar settings from Section [/Script/Engine.StreamingSettings] File [E:/Unreal/UnrealEngineLecture/BuildingEscape 4.24/Saved/Config/Windows/Engine.ini]
[2020.01.09-11.41.47:787][  0]LogConfig: Setting CVar [[s.MinBulkDataSizeForAsyncLoading:131072]]
[2020.01.09-11.41.47:787][  0]LogConfig: Setting CVar [[s.AsyncLoadingThreadEnabled:0]]
[2020.01.09-11.41.47:787][  0]LogConfig: Setting CVar [[s.EventDrivenLoaderEnabled:1]]
[2020.01.09-11.41.47:787][  0]LogConfig: Setting CVar [[s.WarnIfTimeLimitExceeded:0]]
[2020.01.09-11.41.47:787][  0]LogConfig: Setting CVar [[s.TimeLimitExceededMultiplier:1.5]]
[2020.01.09-11.41.47:787][  0]LogConfig: Setting CVar [[s.TimeLimitExceededMinTime:0.005]]
[2020.01.09-11.41.47:787][  0]LogConfig: Setting CVar [[s.UseBackgroundLevelStreaming:1]]
[2020.01.09-11.41.47:787][  0]LogConfig: Setting CVar [[s.PriorityAsyncLoadingExtraTime:15.0]]
[2020.01.09-11.41.47:787][  0]LogConfig: Setting CVar [[s.LevelStreamingActorsUpdateTimeLimit:5.0]]
[2020.01.09-11.41.47:787][  0]LogConfig: Setting CVar [[s.PriorityLevelStreamingActorsUpdateExtraTime:5.0]]
[2020.01.09-11.41.47:787][  0]LogConfig: Setting CVar [[s.LevelStreamingComponentsRegistrationGranularity:10]]
[2020.01.09-11.41.47:787][  0]LogConfig: Setting CVar [[s.UnregisterComponentsTimeLimit:1.0]]
[2020.01.09-11.41.47:787][  0]LogConfig: Setting CVar [[s.LevelStreamingComponentsUnregistrationGranularity:5]]
[2020.01.09-11.41.47:787][  0]LogConfig: Setting CVar [[s.FlushStreamingOnExit:1]]
[2020.01.09-11.41.47:787][  0]LogConfig: Applying CVar settings from Section [/Script/Engine.GarbageCollectionSettings] File [E:/Unreal/UnrealEngineLecture/BuildingEscape 4.24/Saved/Config/Windows/Engine.ini]
[2020.01.09-11.41.47:787][  0]LogConfig: Setting CVar [[gc.MaxObjectsNotConsideredByGC:1]]
[2020.01.09-11.41.47:787][  0]LogConfig: Setting CVar [[gc.SizeOfPermanentObjectPool:0]]
[2020.01.09-11.41.47:787][  0]LogConfig: Setting CVar [[gc.FlushStreamingOnGC:0]]
[2020.01.09-11.41.47:787][  0]LogConfig: Setting CVar [[gc.NumRetriesBeforeForcingGC:10]]
[2020.01.09-11.41.47:787][  0]LogConfig: Setting CVar [[gc.AllowParallelGC:1]]
[2020.01.09-11.41.47:787][  0]LogConfig: Setting CVar [[gc.TimeBetweenPurgingPendingKillObjects:61.1]]
[2020.01.09-11.41.47:787][  0]LogConfig: Setting CVar [[gc.MaxObjectsInEditor:25165824]]
[2020.01.09-11.41.47:787][  0]LogConfig: Setting CVar [[gc.IncrementalBeginDestroyEnabled:1]]
[2020.01.09-11.41.47:787][  0]LogConfig: Setting CVar [[gc.CreateGCClusters:1]]
[2020.01.09-11.41.47:787][  0]LogConfig: Setting CVar [[gc.MinGCClusterSize:5]]
[2020.01.09-11.41.47:787][  0]LogConfig: Setting CVar [[gc.ActorClusteringEnabled:0]]
[2020.01.09-11.41.47:787][  0]LogConfig: Setting CVar [[gc.BlueprintClusteringEnabled:0]]
[2020.01.09-11.41.47:787][  0]LogConfig: Setting CVar [[gc.UseDisregardForGCOnDedicatedServers:0]]
[2020.01.09-11.41.47:787][  0]LogConfig: Applying CVar settings from Section [/Script/Engine.NetworkSettings] File [E:/Unreal/UnrealEngineLecture/BuildingEscape 4.24/Saved/Config/Windows/Engine.ini]
[2020.01.09-11.41.47:787][  0]LogConfig: Applying CVar settings from Section [/Script/UnrealEd.CookerSettings] File [E:/Unreal/UnrealEngineLecture/BuildingEscape 4.24/Saved/Config/Windows/Engine.ini]
[2020.01.09-11.41.47:789][  0]LogConfig: Applying CVar settings from Section [ViewDistanceQuality@3] File [E:/Unreal/UnrealEngineLecture/BuildingEscape 4.24/Saved/Config/Windows/Scalability.ini]
[2020.01.09-11.41.47:789][  0]LogConfig: Setting CVar [[r.SkeletalMeshLODBias:0]]
[2020.01.09-11.41.47:789][  0]LogConfig: Setting CVar [[r.ViewDistanceScale:1.0]]
[2020.01.09-11.41.47:789][  0]LogConfig: Applying CVar settings from Section [AntiAliasingQuality@3] File [E:/Unreal/UnrealEngineLecture/BuildingEscape 4.24/Saved/Config/Windows/Scalability.ini]
[2020.01.09-11.41.47:789][  0]LogConfig: Setting CVar [[r.PostProcessAAQuality:4]]
[2020.01.09-11.41.47:789][  0]LogConfig: Applying CVar settings from Section [ShadowQuality@3] File [E:/Unreal/UnrealEngineLecture/BuildingEscape 4.24/Saved/Config/Windows/Scalability.ini]
[2020.01.09-11.41.47:789][  0]LogConfig: Setting CVar [[r.LightFunctionQuality:1]]
[2020.01.09-11.41.47:789][  0]LogConfig: Setting CVar [[r.ShadowQuality:5]]
[2020.01.09-11.41.47:789][  0]LogConfig: Setting CVar [[r.Shadow.CSM.MaxCascades:10]]
[2020.01.09-11.41.47:789][  0]LogConfig: Setting CVar [[r.Shadow.MaxResolution:2048]]
[2020.01.09-11.41.47:789][  0]LogConfig: Setting CVar [[r.Shadow.MaxCSMResolution:2048]]
[2020.01.09-11.41.47:789][  0]LogConfig: Setting CVar [[r.Shadow.RadiusThreshold:0.01]]
[2020.01.09-11.41.47:789][  0]LogConfig: Setting CVar [[r.Shadow.DistanceScale:1.0]]
[2020.01.09-11.41.47:789][  0]LogConfig: Setting CVar [[r.Shadow.CSM.TransitionScale:1.0]]
[2020.01.09-11.41.47:789][  0]LogConfig: Setting CVar [[r.Shadow.PreShadowResolutionFactor:1.0]]
[2020.01.09-11.41.47:790][  0]LogConfig: Setting CVar [[r.DistanceFieldShadowing:1]]
[2020.01.09-11.41.47:790][  0]LogConfig: Setting CVar [[r.DistanceFieldAO:1]]
[2020.01.09-11.41.47:790][  0]LogConfig: Setting CVar [[r.AOQuality:2]]
[2020.01.09-11.41.47:790][  0]LogConfig: Setting CVar [[r.VolumetricFog:1]]
[2020.01.09-11.41.47:790][  0]LogConfig: Setting CVar [[r.VolumetricFog.GridPixelSize:8]]
[2020.01.09-11.41.47:790][  0]LogConfig: Setting CVar [[r.VolumetricFog.GridSizeZ:128]]
[2020.01.09-11.41.47:790][  0]LogConfig: Setting CVar [[r.VolumetricFog.HistoryMissSupersampleCount:4]]
[2020.01.09-11.41.47:790][  0]LogConfig: Setting CVar [[r.LightMaxDrawDistanceScale:1]]
[2020.01.09-11.41.47:790][  0]LogConfig: Setting CVar [[r.CapsuleShadows:1]]
[2020.01.09-11.41.47:790][  0]LogConfig: Applying CVar settings from Section [PostProcessQuality@3] File [E:/Unreal/UnrealEngineLecture/BuildingEscape 4.24/Saved/Config/Windows/Scalability.ini]
[2020.01.09-11.41.47:790][  0]LogConfig: Setting CVar [[r.MotionBlurQuality:4]]
[2020.01.09-11.41.47:790][  0]LogConfig: Setting CVar [[r.AmbientOcclusionMipLevelFactor:0.4]]
[2020.01.09-11.41.47:790][  0]LogConfig: Setting CVar [[r.AmbientOcclusionMaxQuality:100]]
[2020.01.09-11.41.47:790][  0]LogConfig: Setting CVar [[r.AmbientOcclusionLevels:-1]]
[2020.01.09-11.41.47:790][  0]LogConfig: Setting CVar [[r.AmbientOcclusionRadiusScale:1.0]]
[2020.01.09-11.41.47:790][  0]LogConfig: Setting CVar [[r.DepthOfFieldQuality:2]]
[2020.01.09-11.41.47:790][  0]LogConfig: Setting CVar [[r.RenderTargetPoolMin:400]]
[2020.01.09-11.41.47:790][  0]LogConfig: Setting CVar [[r.LensFlareQuality:2]]
[2020.01.09-11.41.47:790][  0]LogConfig: Setting CVar [[r.SceneColorFringeQuality:1]]
[2020.01.09-11.41.47:790][  0]LogConfig: Setting CVar [[r.EyeAdaptationQuality:2]]
[2020.01.09-11.41.47:790][  0]LogConfig: Setting CVar [[r.BloomQuality:5]]
[2020.01.09-11.41.47:790][  0]LogConfig: Setting CVar [[r.FastBlurThreshold:100]]
[2020.01.09-11.41.47:790][  0]LogConfig: Setting CVar [[r.Upscale.Quality:3]]
[2020.01.09-11.41.47:790][  0]LogConfig: Setting CVar [[r.Tonemapper.GrainQuantization:1]]
[2020.01.09-11.41.47:790][  0]LogConfig: Setting CVar [[r.LightShaftQuality:1]]
[2020.01.09-11.41.47:790][  0]LogConfig: Setting CVar [[r.Filter.SizeScale:1]]
[2020.01.09-11.41.47:790][  0]LogConfig: Setting CVar [[r.Tonemapper.Quality:5]]
[2020.01.09-11.41.47:790][  0]LogConfig: Setting CVar [[r.DOF.Gather.AccumulatorQuality:1        ; higher gathering accumulator quality]]
[2020.01.09-11.41.47:790][  0]LogConfig: Setting CVar [[r.DOF.Gather.PostfilterMethod:1          ; Median3x3 postfilering method]]
[2020.01.09-11.41.47:790][  0]LogConfig: Setting CVar [[r.DOF.Gather.EnableBokehSettings:0       ; no bokeh simulation when gathering]]
[2020.01.09-11.41.47:790][  0]LogConfig: Setting CVar [[r.DOF.Gather.RingCount:4                 ; medium number of samples when gathering]]
[2020.01.09-11.41.47:790][  0]LogConfig: Setting CVar [[r.DOF.Scatter.ForegroundCompositing:1    ; additive foreground scattering]]
[2020.01.09-11.41.47:790][  0]LogConfig: Setting CVar [[r.DOF.Scatter.BackgroundCompositing:2    ; additive background scattering]]
[2020.01.09-11.41.47:790][  0]LogConfig: Setting CVar [[r.DOF.Scatter.EnableBokehSettings:1      ; bokeh simulation when scattering]]
[2020.01.09-11.41.47:790][  0]LogConfig: Setting CVar [[r.DOF.Scatter.MaxSpriteRatio:0.1         ; only a maximum of 10% of scattered bokeh]]
[2020.01.09-11.41.47:790][  0]LogConfig: Setting CVar [[r.DOF.Recombine.Quality:1                ; cheap slight out of focus]]
[2020.01.09-11.41.47:790][  0]LogConfig: Setting CVar [[r.DOF.Recombine.EnableBokehSettings:0    ; no bokeh simulation on slight out of focus]]
[2020.01.09-11.41.47:790][  0]LogConfig: Setting CVar [[r.DOF.TemporalAAQuality:1                ; more stable temporal accumulation]]
[2020.01.09-11.41.47:790][  0]LogConfig: Setting CVar [[r.DOF.Kernel.MaxForegroundRadius:0.025]]
[2020.01.09-11.41.47:790][  0]LogConfig: Setting CVar [[r.DOF.Kernel.MaxBackgroundRadius:0.025]]
[2020.01.09-11.41.47:790][  0]LogConfig: Applying CVar settings from Section [TextureQuality@3] File [E:/Unreal/UnrealEngineLecture/BuildingEscape 4.24/Saved/Config/Windows/Scalability.ini]
[2020.01.09-11.41.47:790][  0]LogConfig: Setting CVar [[r.Streaming.MipBias:0]]
[2020.01.09-11.41.47:790][  0]LogConfig: Setting CVar [[r.Streaming.AmortizeCPUToGPUCopy:0]]
[2020.01.09-11.41.47:790][  0]LogConfig: Setting CVar [[r.Streaming.MaxNumTexturesToStreamPerFrame:0]]
[2020.01.09-11.41.47:790][  0]LogConfig: Setting CVar [[r.Streaming.Boost:1]]
[2020.01.09-11.41.47:790][  0]LogConfig: Setting CVar [[r.MaxAnisotropy:8]]
[2020.01.09-11.41.47:790][  0]LogConfig: Setting CVar [[r.VT.MaxAnisotropy:8]]
[2020.01.09-11.41.47:790][  0]LogConfig: Setting CVar [[r.Streaming.LimitPoolSizeToVRAM:0]]
[2020.01.09-11.41.47:790][  0]LogConfig: Setting CVar [[r.Streaming.PoolSize:1000]]
[2020.01.09-11.41.47:790][  0]LogConfig: Setting CVar [[r.Streaming.MaxEffectiveScreenSize:0]]
[2020.01.09-11.41.47:790][  0]LogConfig: Applying CVar settings from Section [EffectsQuality@3] File [E:/Unreal/UnrealEngineLecture/BuildingEscape 4.24/Saved/Config/Windows/Scalability.ini]
[2020.01.09-11.41.47:790][  0]LogConfig: Setting CVar [[r.TranslucencyLightingVolumeDim:64]]
[2020.01.09-11.41.47:790][  0]LogConfig: Setting CVar [[r.RefractionQuality:2]]
[2020.01.09-11.41.47:790][  0]LogConfig: Setting CVar [[r.SSR.Quality:3]]
[2020.01.09-11.41.47:790][  0]LogConfig: Setting CVar [[r.SSR.HalfResSceneColor:0]]
[2020.01.09-11.41.47:790][  0]LogConfig: Setting CVar [[r.SceneColorFormat:4]]
[2020.01.09-11.41.47:790][  0]LogConfig: Setting CVar [[r.DetailMode:2]]
[2020.01.09-11.41.47:790][  0]LogConfig: Setting CVar [[r.TranslucencyVolumeBlur:1]]
[2020.01.09-11.41.47:790][  0]LogConfig: Setting CVar [[r.MaterialQualityLevel:1 ; High quality]]
[2020.01.09-11.41.47:790][  0]LogConfig: Setting CVar [[r.SSS.Scale:1]]
[2020.01.09-11.41.47:790][  0]LogConfig: Setting CVar [[r.SSS.SampleSet:2]]
[2020.01.09-11.41.47:790][  0]LogConfig: Setting CVar [[r.SSS.Quality:1]]
[2020.01.09-11.41.47:790][  0]LogConfig: Setting CVar [[r.SSS.HalfRes:1]]
[2020.01.09-11.41.47:790][  0]LogConfig: Setting CVar [[r.SSGI.Quality:3]]
[2020.01.09-11.41.47:790][  0]LogConfig: Setting CVar [[r.EmitterSpawnRateScale:1.0]]
[2020.01.09-11.41.47:790][  0]LogConfig: Setting CVar [[r.ParticleLightQuality:2]]
[2020.01.09-11.41.47:790][  0]LogConfig: Setting CVar [[r.SkyAtmosphere.AerialPerspectiveLUT.FastApplyOnOpaque:1 ; Always have FastSkyLUT 1 in this case to avoid wrong sky]]
[2020.01.09-11.41.47:790][  0]LogConfig: Setting CVar [[r.SkyAtmosphere.AerialPerspectiveLUT.SampleCountPerSlice:1]]
[2020.01.09-11.41.47:790][  0]LogConfig: Setting CVar [[r.SkyAtmosphere.AerialPerspectiveLUT.DepthResolution:16.0]]
[2020.01.09-11.41.47:790][  0]LogConfig: Setting CVar [[r.SkyAtmosphere.FastSkyLUT:1]]
[2020.01.09-11.41.47:790][  0]LogConfig: Setting CVar [[r.SkyAtmosphere.FastSkyLUT.SampleCountMin:4.0]]
[2020.01.09-11.41.47:790][  0]LogConfig: Setting CVar [[r.SkyAtmosphere.FastSkyLUT.SampleCountMax:32.0]]
[2020.01.09-11.41.47:790][  0]LogConfig: Setting CVar [[r.SkyAtmosphere.SampleCountMin:4.0]]
[2020.01.09-11.41.47:790][  0]LogConfig: Setting CVar [[r.SkyAtmosphere.SampleCountMax:32.0]]
[2020.01.09-11.41.47:790][  0]LogConfig: Setting CVar [[r.SkyAtmosphere.TransmittanceLUT.UseSmallFormat:0]]
[2020.01.09-11.41.47:790][  0]LogConfig: Setting CVar [[r.SkyAtmosphere.TransmittanceLUT.SampleCount:10.0]]
[2020.01.09-11.41.47:790][  0]LogConfig: Setting CVar [[r.SkyAtmosphere.MultiScatteringLUT.SampleCount:15.0]]
[2020.01.09-11.41.47:790][  0]LogConfig: Applying CVar settings from Section [FoliageQuality@3] File [E:/Unreal/UnrealEngineLecture/BuildingEscape 4.24/Saved/Config/Windows/Scalability.ini]
[2020.01.09-11.41.47:790][  0]LogConfig: Setting CVar [[foliage.DensityScale:1.0]]
[2020.01.09-11.41.47:790][  0]LogConfig: Setting CVar [[grass.DensityScale:1.0]]
[2020.01.09-11.41.47:790][  0]LogConfig: Applying CVar settings from Section [ShadingQuality@3] File [E:/Unreal/UnrealEngineLecture/BuildingEscape 4.24/Saved/Config/Windows/Scalability.ini]
[2020.01.09-11.41.47:790][  0]LogConfig: Setting CVar [[r.HairStrands.SkyLighting.SampleCount:16]]
[2020.01.09-11.41.47:791][  0]LogConfig: Setting CVar [[r.HairStrands.SkyLighting.JitterIntegration:0]]
[2020.01.09-11.41.47:791][  0]LogConfig: Setting CVar [[r.HairStrands.SkyAO.SampleCount:16]]
[2020.01.09-11.41.47:791][  0]LogInit: Selected Device Profile: [Windows]
[2020.01.09-11.41.47:791][  0]LogInit: Applying CVar settings loaded from the selected device profile: [Windows]
[2020.01.09-11.41.47:793][  0]LogHAL: Display: Platform has ~ 16 GB [17090883584 / 17179869184 / 16], which maps to Larger [LargestMinGB=32, LargerMinGB=12, DefaultMinGB=8, SmallerMinGB=6, SmallestMinGB=0)
[2020.01.09-11.41.47:793][  0]LogInit: Going up to parent DeviceProfile []
[2020.01.09-11.41.47:793][  0]LogConfig: Applying CVar settings from Section [ViewDistanceQuality@3] File [E:/Unreal/UnrealEngineLecture/BuildingEscape 4.24/Saved/Config/Windows/Scalability.ini]
[2020.01.09-11.41.47:793][  0]LogConfig: Setting CVar [[r.SkeletalMeshLODBias:0]]
[2020.01.09-11.41.47:793][  0]LogConfig: Setting CVar [[r.ViewDistanceScale:1.0]]
[2020.01.09-11.41.47:793][  0]LogConfig: Applying CVar settings from Section [AntiAliasingQuality@3] File [E:/Unreal/UnrealEngineLecture/BuildingEscape 4.24/Saved/Config/Windows/Scalability.ini]
[2020.01.09-11.41.47:793][  0]LogConfig: Setting CVar [[r.PostProcessAAQuality:4]]
[2020.01.09-11.41.47:793][  0]LogConfig: Applying CVar settings from Section [ShadowQuality@3] File [E:/Unreal/UnrealEngineLecture/BuildingEscape 4.24/Saved/Config/Windows/Scalability.ini]
[2020.01.09-11.41.47:793][  0]LogConfig: Setting CVar [[r.LightFunctionQuality:1]]
[2020.01.09-11.41.47:793][  0]LogConfig: Setting CVar [[r.ShadowQuality:5]]
[2020.01.09-11.41.47:793][  0]LogConfig: Setting CVar [[r.Shadow.CSM.MaxCascades:10]]
[2020.01.09-11.41.47:793][  0]LogConfig: Setting CVar [[r.Shadow.MaxResolution:2048]]
[2020.01.09-11.41.47:793][  0]LogConfig: Setting CVar [[r.Shadow.MaxCSMResolution:2048]]
[2020.01.09-11.41.47:793][  0]LogConfig: Setting CVar [[r.Shadow.RadiusThreshold:0.01]]
[2020.01.09-11.41.47:793][  0]LogConfig: Setting CVar [[r.Shadow.DistanceScale:1.0]]
[2020.01.09-11.41.47:793][  0]LogConfig: Setting CVar [[r.Shadow.CSM.TransitionScale:1.0]]
[2020.01.09-11.41.47:793][  0]LogConfig: Setting CVar [[r.Shadow.PreShadowResolutionFactor:1.0]]
[2020.01.09-11.41.47:793][  0]LogConfig: Setting CVar [[r.DistanceFieldShadowing:1]]
[2020.01.09-11.41.47:793][  0]LogConfig: Setting CVar [[r.DistanceFieldAO:1]]
[2020.01.09-11.41.47:793][  0]LogConfig: Setting CVar [[r.AOQuality:2]]
[2020.01.09-11.41.47:793][  0]LogConfig: Setting CVar [[r.VolumetricFog:1]]
[2020.01.09-11.41.47:793][  0]LogConfig: Setting CVar [[r.VolumetricFog.GridPixelSize:8]]
[2020.01.09-11.41.47:793][  0]LogConfig: Setting CVar [[r.VolumetricFog.GridSizeZ:128]]
[2020.01.09-11.41.47:793][  0]LogConfig: Setting CVar [[r.VolumetricFog.HistoryMissSupersampleCount:4]]
[2020.01.09-11.41.47:793][  0]LogConfig: Setting CVar [[r.LightMaxDrawDistanceScale:1]]
[2020.01.09-11.41.47:793][  0]LogConfig: Setting CVar [[r.CapsuleShadows:1]]
[2020.01.09-11.41.47:793][  0]LogConfig: Applying CVar settings from Section [PostProcessQuality@3] File [E:/Unreal/UnrealEngineLecture/BuildingEscape 4.24/Saved/Config/Windows/Scalability.ini]
[2020.01.09-11.41.47:793][  0]LogConfig: Setting CVar [[r.MotionBlurQuality:4]]
[2020.01.09-11.41.47:793][  0]LogConfig: Setting CVar [[r.AmbientOcclusionMipLevelFactor:0.4]]
[2020.01.09-11.41.47:793][  0]LogConfig: Setting CVar [[r.AmbientOcclusionMaxQuality:100]]
[2020.01.09-11.41.47:793][  0]LogConfig: Setting CVar [[r.AmbientOcclusionLevels:-1]]
[2020.01.09-11.41.47:793][  0]LogConfig: Setting CVar [[r.AmbientOcclusionRadiusScale:1.0]]
[2020.01.09-11.41.47:793][  0]LogConfig: Setting CVar [[r.DepthOfFieldQuality:2]]
[2020.01.09-11.41.47:793][  0]LogConfig: Setting CVar [[r.RenderTargetPoolMin:400]]
[2020.01.09-11.41.47:793][  0]LogConfig: Setting CVar [[r.LensFlareQuality:2]]
[2020.01.09-11.41.47:793][  0]LogConfig: Setting CVar [[r.SceneColorFringeQuality:1]]
[2020.01.09-11.41.47:793][  0]LogConfig: Setting CVar [[r.EyeAdaptationQuality:2]]
[2020.01.09-11.41.47:793][  0]LogConfig: Setting CVar [[r.BloomQuality:5]]
[2020.01.09-11.41.47:793][  0]LogConfig: Setting CVar [[r.FastBlurThreshold:100]]
[2020.01.09-11.41.47:793][  0]LogConfig: Setting CVar [[r.Upscale.Quality:3]]
[2020.01.09-11.41.47:793][  0]LogConfig: Setting CVar [[r.Tonemapper.GrainQuantization:1]]
[2020.01.09-11.41.47:793][  0]LogConfig: Setting CVar [[r.LightShaftQuality:1]]
[2020.01.09-11.41.47:793][  0]LogConfig: Setting CVar [[r.Filter.SizeScale:1]]
[2020.01.09-11.41.47:793][  0]LogConfig: Setting CVar [[r.Tonemapper.Quality:5]]
[2020.01.09-11.41.47:793][  0]LogConfig: Setting CVar [[r.DOF.Gather.AccumulatorQuality:1        ; higher gathering accumulator quality]]
[2020.01.09-11.41.47:793][  0]LogConfig: Setting CVar [[r.DOF.Gather.PostfilterMethod:1          ; Median3x3 postfilering method]]
[2020.01.09-11.41.47:793][  0]LogConfig: Setting CVar [[r.DOF.Gather.EnableBokehSettings:0       ; no bokeh simulation when gathering]]
[2020.01.09-11.41.47:793][  0]LogConfig: Setting CVar [[r.DOF.Gather.RingCount:4                 ; medium number of samples when gathering]]
[2020.01.09-11.41.47:793][  0]LogConfig: Setting CVar [[r.DOF.Scatter.ForegroundCompositing:1    ; additive foreground scattering]]
[2020.01.09-11.41.47:793][  0]LogConfig: Setting CVar [[r.DOF.Scatter.BackgroundCompositing:2    ; additive background scattering]]
[2020.01.09-11.41.47:794][  0]LogConfig: Setting CVar [[r.DOF.Scatter.EnableBokehSettings:1      ; bokeh simulation when scattering]]
[2020.01.09-11.41.47:794][  0]LogConfig: Setting CVar [[r.DOF.Scatter.MaxSpriteRatio:0.1         ; only a maximum of 10% of scattered bokeh]]
[2020.01.09-11.41.47:794][  0]LogConfig: Setting CVar [[r.DOF.Recombine.Quality:1                ; cheap slight out of focus]]
[2020.01.09-11.41.47:794][  0]LogConfig: Setting CVar [[r.DOF.Recombine.EnableBokehSettings:0    ; no bokeh simulation on slight out of focus]]
[2020.01.09-11.41.47:794][  0]LogConfig: Setting CVar [[r.DOF.TemporalAAQuality:1                ; more stable temporal accumulation]]
[2020.01.09-11.41.47:794][  0]LogConfig: Setting CVar [[r.DOF.Kernel.MaxForegroundRadius:0.025]]
[2020.01.09-11.41.47:794][  0]LogConfig: Setting CVar [[r.DOF.Kernel.MaxBackgroundRadius:0.025]]
[2020.01.09-11.41.47:794][  0]LogConfig: Applying CVar settings from Section [TextureQuality@3] File [E:/Unreal/UnrealEngineLecture/BuildingEscape 4.24/Saved/Config/Windows/Scalability.ini]
[2020.01.09-11.41.47:794][  0]LogConfig: Setting CVar [[r.Streaming.MipBias:0]]
[2020.01.09-11.41.47:794][  0]LogConfig: Setting CVar [[r.Streaming.AmortizeCPUToGPUCopy:0]]
[2020.01.09-11.41.47:794][  0]LogConfig: Setting CVar [[r.Streaming.MaxNumTexturesToStreamPerFrame:0]]
[2020.01.09-11.41.47:794][  0]LogConfig: Setting CVar [[r.Streaming.Boost:1]]
[2020.01.09-11.41.47:794][  0]LogConfig: Setting CVar [[r.MaxAnisotropy:8]]
[2020.01.09-11.41.47:794][  0]LogConfig: Setting CVar [[r.VT.MaxAnisotropy:8]]
[2020.01.09-11.41.47:794][  0]LogConfig: Setting CVar [[r.Streaming.LimitPoolSizeToVRAM:0]]
[2020.01.09-11.41.47:794][  0]LogConfig: Setting CVar [[r.Streaming.PoolSize:1000]]
[2020.01.09-11.41.47:794][  0]LogConfig: Setting CVar [[r.Streaming.MaxEffectiveScreenSize:0]]
[2020.01.09-11.41.47:794][  0]LogConfig: Applying CVar settings from Section [EffectsQuality@3] File [E:/Unreal/UnrealEngineLecture/BuildingEscape 4.24/Saved/Config/Windows/Scalability.ini]
[2020.01.09-11.41.47:794][  0]LogConfig: Setting CVar [[r.TranslucencyLightingVolumeDim:64]]
[2020.01.09-11.41.47:794][  0]LogConfig: Setting CVar [[r.RefractionQuality:2]]
[2020.01.09-11.41.47:794][  0]LogConfig: Setting CVar [[r.SSR.Quality:3]]
[2020.01.09-11.41.47:794][  0]LogConfig: Setting CVar [[r.SSR.HalfResSceneColor:0]]
[2020.01.09-11.41.47:794][  0]LogConfig: Setting CVar [[r.SceneColorFormat:4]]
[2020.01.09-11.41.47:794][  0]LogConfig: Setting CVar [[r.DetailMode:2]]
[2020.01.09-11.41.47:794][  0]LogConfig: Setting CVar [[r.TranslucencyVolumeBlur:1]]
[2020.01.09-11.41.47:794][  0]LogConfig: Setting CVar [[r.MaterialQualityLevel:1 ; High quality]]
[2020.01.09-11.41.47:794][  0]LogConfig: Setting CVar [[r.SSS.Scale:1]]
[2020.01.09-11.41.47:794][  0]LogConfig: Setting CVar [[r.SSS.SampleSet:2]]
[2020.01.09-11.41.47:794][  0]LogConfig: Setting CVar [[r.SSS.Quality:1]]
[2020.01.09-11.41.47:794][  0]LogConfig: Setting CVar [[r.SSS.HalfRes:1]]
[2020.01.09-11.41.47:794][  0]LogConfig: Setting CVar [[r.SSGI.Quality:3]]
[2020.01.09-11.41.47:794][  0]LogConfig: Setting CVar [[r.EmitterSpawnRateScale:1.0]]
[2020.01.09-11.41.47:794][  0]LogConfig: Setting CVar [[r.ParticleLightQuality:2]]
[2020.01.09-11.41.47:794][  0]LogConfig: Setting CVar [[r.SkyAtmosphere.AerialPerspectiveLUT.FastApplyOnOpaque:1 ; Always have FastSkyLUT 1 in this case to avoid wrong sky]]
[2020.01.09-11.41.47:794][  0]LogConfig: Setting CVar [[r.SkyAtmosphere.AerialPerspectiveLUT.SampleCountPerSlice:1]]
[2020.01.09-11.41.47:794][  0]LogConfig: Setting CVar [[r.SkyAtmosphere.AerialPerspectiveLUT.DepthResolution:16.0]]
[2020.01.09-11.41.47:794][  0]LogConfig: Setting CVar [[r.SkyAtmosphere.FastSkyLUT:1]]
[2020.01.09-11.41.47:794][  0]LogConfig: Setting CVar [[r.SkyAtmosphere.FastSkyLUT.SampleCountMin:4.0]]
[2020.01.09-11.41.47:794][  0]LogConfig: Setting CVar [[r.SkyAtmosphere.FastSkyLUT.SampleCountMax:32.0]]
[2020.01.09-11.41.47:794][  0]LogConfig: Setting CVar [[r.SkyAtmosphere.SampleCountMin:4.0]]
[2020.01.09-11.41.47:794][  0]LogConfig: Setting CVar [[r.SkyAtmosphere.SampleCountMax:32.0]]
[2020.01.09-11.41.47:794][  0]LogConfig: Setting CVar [[r.SkyAtmosphere.TransmittanceLUT.UseSmallFormat:0]]
[2020.01.09-11.41.47:794][  0]LogConfig: Setting CVar [[r.SkyAtmosphere.TransmittanceLUT.SampleCount:10.0]]
[2020.01.09-11.41.47:794][  0]LogConfig: Setting CVar [[r.SkyAtmosphere.MultiScatteringLUT.SampleCount:15.0]]
[2020.01.09-11.41.47:794][  0]LogConfig: Applying CVar settings from Section [FoliageQuality@3] File [E:/Unreal/UnrealEngineLecture/BuildingEscape 4.24/Saved/Config/Windows/Scalability.ini]
[2020.01.09-11.41.47:794][  0]LogConfig: Setting CVar [[foliage.DensityScale:1.0]]
[2020.01.09-11.41.47:794][  0]LogConfig: Setting CVar [[grass.DensityScale:1.0]]
[2020.01.09-11.41.47:794][  0]LogConfig: Applying CVar settings from Section [ShadingQuality@3] File [E:/Unreal/UnrealEngineLecture/BuildingEscape 4.24/Saved/Config/Windows/Scalability.ini]
[2020.01.09-11.41.47:794][  0]LogConfig: Setting CVar [[r.HairStrands.SkyLighting.SampleCount:16]]
[2020.01.09-11.41.47:794][  0]LogConfig: Setting CVar [[r.HairStrands.SkyLighting.JitterIntegration:0]]
[2020.01.09-11.41.47:794][  0]LogConfig: Setting CVar [[r.HairStrands.SkyAO.SampleCount:16]]
[2020.01.09-11.41.47:794][  0]LogConfig: Applying CVar settings from Section [Startup] File [../../../Engine/Config/ConsoleVariables.ini]
[2020.01.09-11.41.47:794][  0]LogConfig: Setting CVar [[net.UseAdaptiveNetUpdateFrequency:0]]
[2020.01.09-11.41.47:794][  0]LogConfig: Setting CVar [[p.chaos.AllowCreatePhysxBodies:1]]
[2020.01.09-11.41.47:794][  0]LogConfig: Applying CVar settings from Section [ConsoleVariables] File [E:/Unreal/UnrealEngineLecture/BuildingEscape 4.24/Saved/Config/Windows/Engine.ini]
[2020.01.09-11.41.47:794][  0]LogInit: Computer: DESKTOP-QA6POHN
[2020.01.09-11.41.47:794][  0]LogInit: User: Leedongheon
[2020.01.09-11.41.47:794][  0]LogInit: CPU Page size=4096, Cores=8
[2020.01.09-11.41.47:794][  0]LogInit: High frequency timer resolution =10.000000 MHz
[2020.01.09-11.41.47:795][  0]LogMemory: Memory total: Physical=15.9GB (16GB approx)
[2020.01.09-11.41.47:795][  0]LogMemory: Platform Memory Stats for Windows
[2020.01.09-11.41.47:795][  0]LogMemory: Process Physical Memory: 107.15 MB used, 107.16 MB peak
[2020.01.09-11.41.47:795][  0]LogMemory: Process Virtual Memory: 102.62 MB used, 102.62 MB peak
[2020.01.09-11.41.47:795][  0]LogMemory: Physical Memory: 7240.66 MB used,  9058.48 MB free, 16299.14 MB total
[2020.01.09-11.41.47:795][  0]LogMemory: Virtual Memory: 5179.34 MB used,  134212552.00 MB free, 134217728.00 MB total
[2020.01.09-11.41.48:060][  0]LogWindows: WindowsPlatformFeatures enabled
[2020.01.09-11.41.48:074][  0]LogInit: Overriding language with editor language configuration option (en).
[2020.01.09-11.41.48:074][  0]LogInit: Overriding locale with editor culture configuration option ().
[2020.01.09-11.41.48:074][  0]LogInit: Using OS detected locale (ko-KR).
[2020.01.09-11.41.48:195][  0]LogInit: Setting process to per monitor DPI aware
[2020.01.09-11.41.48:224][  0]LogSlate: New Slate User Created.  User Index 0, Is Virtual User: 0
[2020.01.09-11.41.48:224][  0]LogSlate: Slate User Registered.  User Index 0, Is Virtual User: 0
[2020.01.09-11.41.48:326][  0]LogHMD: Failed to initialize OpenVR with code 110
[2020.01.09-11.41.48:326][  0]LogD3D11RHI: D3D11 min allowed feature level: 11_0
[2020.01.09-11.41.48:326][  0]LogD3D11RHI: D3D11 max allowed feature level: 11_0
[2020.01.09-11.41.48:326][  0]LogD3D11RHI: D3D11 adapters:
[2020.01.09-11.41.48:384][  0]LogD3D11RHI:    0. 'NVIDIA GeForce RTX 2080' (Feature Level 11_0)
[2020.01.09-11.41.48:384][  0]LogD3D11RHI:       8010/0/8149 MB DedicatedVideo/DedicatedSystem/SharedSystem, Outputs:1, VendorId:0x10de
[2020.01.09-11.41.48:385][  0]LogD3D11RHI:    1. 'Microsoft Basic Render Driver' (Feature Level 11_0)
[2020.01.09-11.41.48:386][  0]LogD3D11RHI:       0/0/8149 MB DedicatedVideo/DedicatedSystem/SharedSystem, Outputs:0, VendorId:0x1414
[2020.01.09-11.41.48:386][  0]LogD3D11RHI: Chosen D3D11 Adapter: 0
[2020.01.09-11.41.48:392][  0]LogD3D11RHI: Creating new Direct3DDevice
[2020.01.09-11.41.48:392][  0]LogD3D11RHI:     GPU DeviceId: 0x1e87 (for the marketing name, search the web for "GPU Device Id")
[2020.01.09-11.41.48:392][  0]LogWindows: EnumDisplayDevices:
[2020.01.09-11.41.48:392][  0]LogWindows:    0. 'NVIDIA GeForce RTX 2080' (P:1 D:1)
[2020.01.09-11.41.48:392][  0]LogWindows:    1. 'NVIDIA GeForce RTX 2080' (P:0 D:0)
[2020.01.09-11.41.48:393][  0]LogWindows:    2. 'NVIDIA GeForce RTX 2080' (P:0 D:0)
[2020.01.09-11.41.48:393][  0]LogWindows:    3. 'NVIDIA GeForce RTX 2080' (P:0 D:0)
[2020.01.09-11.41.48:393][  0]LogWindows: DebugString: FoundDriverCount:4 
[2020.01.09-11.41.48:393][  0]LogD3D11RHI:     Adapter Name: NVIDIA GeForce RTX 2080
[2020.01.09-11.41.48:393][  0]LogD3D11RHI:   Driver Version: 441.87 (internal:26.21.14.4187, unified:441.87)
[2020.01.09-11.41.48:393][  0]LogD3D11RHI:      Driver Date: 12-24-2019
[2020.01.09-11.41.48:393][  0]LogRHI: Texture pool is 5607 MB (70% of 8010 MB)
[2020.01.09-11.41.48:428][  0]LogD3D11RHI: RHI has support for 64 bit atomics
[2020.01.09-11.41.48:428][  0]LogD3D11RHI: Async texture creation enabled
[2020.01.09-11.41.48:448][  0]LogD3D11RHI: GPU Timing Frequency: 1000.000000 (Debug: 2 1)
[2020.01.09-11.41.48:693][  0]LogTargetPlatformManager: Display: Loaded TargetPlatform 'AllDesktop'
[2020.01.09-11.41.48:717][  0]LogTargetPlatformManager: Display: Loaded TargetPlatform 'Android'
[2020.01.09-11.41.48:717][  0]LogTargetPlatformManager: Display: Loaded TargetPlatform 'Android_ASTC'
[2020.01.09-11.41.48:717][  0]LogTargetPlatformManager: Display: Loaded TargetPlatform 'Android_ATC'
[2020.01.09-11.41.48:717][  0]LogTargetPlatformManager: Display: Loaded TargetPlatform 'Android_DXT'
[2020.01.09-11.41.48:717][  0]LogTargetPlatformManager: Display: Loaded TargetPlatform 'Android_ETC1'
[2020.01.09-11.41.48:717][  0]LogTargetPlatformManager: Display: Loaded TargetPlatform 'Android_ETC1a'
[2020.01.09-11.41.48:717][  0]LogTargetPlatformManager: Display: Loaded TargetPlatform 'Android_ETC2'
[2020.01.09-11.41.48:717][  0]LogTargetPlatformManager: Display: Loaded TargetPlatform 'Android_PVRTC'
[2020.01.09-11.41.48:717][  0]LogTargetPlatformManager: Display: Loaded TargetPlatform 'AndroidClient'
[2020.01.09-11.41.48:717][  0]LogTargetPlatformManager: Display: Loaded TargetPlatform 'Android_ASTCClient'
[2020.01.09-11.41.48:717][  0]LogTargetPlatformManager: Display: Loaded TargetPlatform 'Android_ATCClient'
[2020.01.09-11.41.48:717][  0]LogTargetPlatformManager: Display: Loaded TargetPlatform 'Android_DXTClient'
[2020.01.09-11.41.48:717][  0]LogTargetPlatformManager: Display: Loaded TargetPlatform 'Android_ETC1Client'
[2020.01.09-11.41.48:717][  0]LogTargetPlatformManager: Display: Loaded TargetPlatform 'Android_ETC1aClient'
[2020.01.09-11.41.48:717][  0]LogTargetPlatformManager: Display: Loaded TargetPlatform 'Android_ETC2Client'
[2020.01.09-11.41.48:717][  0]LogTargetPlatformManager: Display: Loaded TargetPlatform 'Android_PVRTCClient'
[2020.01.09-11.41.48:717][  0]LogTargetPlatformManager: Display: Loaded TargetPlatform 'Android_Multi'
[2020.01.09-11.41.48:717][  0]LogTargetPlatformManager: Display: Loaded TargetPlatform 'Android_MultiClient'
[2020.01.09-11.41.48:733][  0]LogTargetPlatformManager: Display: Loaded TargetPlatform 'IOSClient'
[2020.01.09-11.41.48:733][  0]LogTargetPlatformManager: Display: Loaded TargetPlatform 'IOS'
[2020.01.09-11.41.48:738][  0]LogTargetPlatformManager: Display: Loaded TargetPlatform 'LinuxNoEditor'
[2020.01.09-11.41.48:744][  0]LogTargetPlatformManager: Display: Loaded TargetPlatform 'LinuxClient'
[2020.01.09-11.41.48:749][  0]LogTargetPlatformManager: Display: Loaded TargetPlatform 'LinuxServer'
[2020.01.09-11.41.48:755][  0]LogTargetPlatformManager: Display: Loaded TargetPlatform 'LinuxAArch64NoEditor'
[2020.01.09-11.41.48:760][  0]LogTargetPlatformManager: Display: Loaded TargetPlatform 'LinuxAArch64Client'
[2020.01.09-11.41.48:766][  0]LogTargetPlatformManager: Display: Loaded TargetPlatform 'LinuxAArch64Server'
[2020.01.09-11.41.48:783][  0]LogTargetPlatformManager: Display: Loaded TargetPlatform 'Lumin'
[2020.01.09-11.41.48:783][  0]LogTargetPlatformManager: Display: Loaded TargetPlatform 'LuminClient'
[2020.01.09-11.41.48:793][  0]LogTargetPlatformManager: Display: Loaded TargetPlatform 'TVOSClient'
[2020.01.09-11.41.48:793][  0]LogTargetPlatformManager: Display: Loaded TargetPlatform 'TVOS'
[2020.01.09-11.41.48:799][  0]LogTargetPlatformManager: Display: Loaded TargetPlatform 'WindowsNoEditor'
[2020.01.09-11.41.48:805][  0]LogTargetPlatformManager: Display: Loaded TargetPlatform 'Windows'
[2020.01.09-11.41.48:810][  0]LogTargetPlatformManager: Display: Loaded TargetPlatform 'WindowsClient'
[2020.01.09-11.41.48:816][  0]LogTargetPlatformManager: Display: Loaded TargetPlatform 'WindowsServer'
[2020.01.09-11.41.48:816][  0]LogTargetPlatformManager: Display: Building Assets For Windows
[2020.01.09-11.41.48:818][  0]LogAudioDebug: Display: Lib vorbis DLL was dynamically loaded.
[2020.01.09-11.41.48:837][  0]LogShaderCompilers: Guid format shader working directory is 4 characters bigger than the processId version (E:/Unreal/UnrealEngineLecture/BuildingEscape 4.24/Intermediate/Shaders/WorkingDirectory/15908/).
[2020.01.09-11.41.48:837][  0]LogShaderCompilers: Cleaned the shader compiler working directory 'C:/Users/Lee dong heon/AppData/Local/Temp/UnrealShaderWorkingDir/3B2659C44778BB7E4467EDADEFAF9B89/'.
[2020.01.09-11.41.48:837][  0]LogXGEController: Cannot use XGE Controller as Incredibuild is not installed on this machine.
[2020.01.09-11.41.48:837][  0]LogShaderCompilers: Cannot use XGE Shader Compiler as Incredibuild is not installed on this machine.
[2020.01.09-11.41.48:837][  0]LogShaderCompilers: Display: Using Local Shader Compiler.
[2020.01.09-11.41.49:396][  0]LogDerivedDataCache: Display: Max Cache Size: 512 MB
[2020.01.09-11.41.49:439][  0]LogDerivedDataCache: Loaded boot cache 0.04s 78MB C:/Users/Lee dong heon/AppData/Local/UnrealEngine/4.24/DerivedDataCache/Boot.ddc.
[2020.01.09-11.41.49:439][  0]LogDerivedDataCache: Display: Loaded Boot cache: C:/Users/Lee dong heon/AppData/Local/UnrealEngine/4.24/DerivedDataCache/Boot.ddc
[2020.01.09-11.41.49:439][  0]LogDerivedDataCache: FDerivedDataBackendGraph:  Pak pak cache file E:/Unreal/UnrealEngineLecture/BuildingEscape 4.24/DerivedDataCache/DDC.ddp not found, will not use a pak cache.
[2020.01.09-11.41.49:439][  0]LogDerivedDataCache: Unable to find inner node Pak for hierarchical cache Hierarchy.
[2020.01.09-11.41.49:439][  0]LogDerivedDataCache: FDerivedDataBackendGraph:  CompressedPak pak cache file E:/Unreal/UnrealEngineLecture/BuildingEscape 4.24/DerivedDataCache/Compressed.ddp not found, will not use a pak cache.
[2020.01.09-11.41.49:439][  0]LogDerivedDataCache: Unable to find inner node CompressedPak for hierarchical cache Hierarchy.
[2020.01.09-11.41.49:447][  0]LogDerivedDataCache: Display: Pak cache opened for reading ../../../Engine/DerivedDataCache/Compressed.ddp.
[2020.01.09-11.41.49:447][  0]LogDerivedDataCache: FDerivedDataBackendGraph:  EnterprisePak pak cache file ../../../Enterprise/DerivedDataCache/Compressed.ddp not found, will not use a pak cache.
[2020.01.09-11.41.49:447][  0]LogDerivedDataCache: Unable to find inner node EnterprisePak for hierarchical cache Hierarchy.
[2020.01.09-11.41.49:449][  0]LogDerivedDataCache: Using Local data cache path C:/Users/Lee dong heon/AppData/Local/UnrealEngine/Common/DerivedDataCache: Writable
[2020.01.09-11.41.49:449][  0]LogDerivedDataCache: Shared data cache path not found in *engine.ini, will not use an Shared cache.
[2020.01.09-11.41.49:449][  0]LogDerivedDataCache: Unable to find inner node Shared for hierarchical cache Hierarchy.
[2020.01.09-11.41.49:468][  0]LogMaterial: Verifying Global Shaders for PCD3D_SM5
[2020.01.09-11.41.49:470][  0]LogSlate: Using FreeType 2.10.0
[2020.01.09-11.41.49:471][  0]LogSlate: SlateFontServices - WITH_FREETYPE: 1, WITH_HARFBUZZ: 1
[2020.01.09-11.41.49:524][  0]LogAssetRegistry: FAssetRegistry took 0.0021 seconds to start up
[2020.01.09-11.41.49:740][  0]LogInit: Selected Device Profile: [Windows]
[2020.01.09-11.41.49:860][  0]LogMeshReduction: Using QuadricMeshReduction for automatic static mesh reduction
[2020.01.09-11.41.49:860][  0]LogMeshReduction: Using SimplygonMeshReduction for automatic skeletal mesh reduction
[2020.01.09-11.41.49:860][  0]LogMeshReduction: Using ProxyLODMeshReduction for automatic mesh merging
[2020.01.09-11.41.49:860][  0]LogMeshReduction: No distributed automatic mesh merging module available
[2020.01.09-11.41.49:860][  0]LogMeshMerging: No distributed automatic mesh merging module available
[2020.01.09-11.41.49:869][  0]LogNetVersion: BuildingEscape 1.0.0, NetCL: 10570792, EngineNetVer: 13, GameNetVer: 0 (Checksum: 2745654942)
[2020.01.09-11.41.50:666][  0]LogPackageLocalizationCache: Processed 10 localized package path(s) for 1 prioritized culture(s) in 0.043668 seconds
[2020.01.09-11.41.50:671][  0]LogUObjectArray: 46750 objects as part of root set at end of initial load.
[2020.01.09-11.41.50:672][  0]LogUObjectAllocator: 8137160 out of 0 bytes used by permanent object pool.
[2020.01.09-11.41.50:672][  0]LogUObjectArray: CloseDisregardForGC: 0/0 objects in disregard for GC pool
[2020.01.09-11.41.50:968][  0]LogTcpMessaging: Initializing TcpMessaging bridge
[2020.01.09-11.41.50:970][  0]LogUdpMessaging: Initializing bridge on interface 0.0.0.0:0 to multicast group 230.0.0.1:6666.
[2020.01.09-11.41.51:009][  0]SourceControl: Source control is disabled
[2020.01.09-11.41.51:009][  0]SourceControl: Source control is disabled
[2020.01.09-11.41.51:010][  0]SourceControl: Source control is disabled
[2020.01.09-11.41.51:010][  0]SourceControl: Source control is disabled
[2020.01.09-11.41.51:011][  0]SourceControl: Source control is disabled
[2020.01.09-11.41.51:069][  0]LogAndroidPermission: UAndroidPermissionCallbackProxy::GetInstance
[2020.01.09-11.41.51:075][  0]LogAudioCaptureCore: Display: No Audio Capture implementations found. Audio input will be silent.
[2020.01.09-11.41.51:075][  0]LogAudioCaptureCore: Display: No Audio Capture implementations found. Audio input will be silent.
[2020.01.09-11.41.51:139][  0]LogOcInput: OculusInput pre-init called
[2020.01.09-11.41.51:145][  0]LogWindows: Failed to load 'OVRPlugin.dll' (GetLastError=126)
[2020.01.09-11.41.51:145][  0]LogWindows: File 'OVRPlugin.dll' does not exist
[2020.01.09-11.41.51:197][  0]LogEngine: Initializing Engine...
[2020.01.09-11.41.51:198][  0]LogHMD: Failed to initialize OpenVR with code 110
[2020.01.09-11.41.51:198][  0]LogStats: UGameplayTagsManager::InitializeManager -  0.000 s
[2020.01.09-11.41.51:452][  0]LogInit: Initializing FReadOnlyCVARCache
[2020.01.09-11.41.51:461][  0]LogAIModule: Creating AISystem for world Untitled
[2020.01.09-11.41.51:472][  0]LogAudioMixer: Display: Audio Mixer Platform Settings:
[2020.01.09-11.41.51:472][  0]LogAudioMixer: Display: 	Sample Rate:						  48000
[2020.01.09-11.41.51:472][  0]LogAudioMixer: Display: 	Callback Buffer Frame Size Requested: 256
[2020.01.09-11.41.51:472][  0]LogAudioMixer: Display: 	Callback Buffer Frame Size To Use:	  256
[2020.01.09-11.41.51:472][  0]LogAudioMixer: Display: 	Number of buffers to queue:			  7
[2020.01.09-11.41.51:472][  0]LogAudioMixer: Display: 	Max Channels (voices):				  32
[2020.01.09-11.41.51:472][  0]LogAudioMixer: Display: 	Number of Async Source Workers:		  0
[2020.01.09-11.41.51:472][  0]LogAudio: Display: AudioDevice MaxSources: 32
[2020.01.09-11.41.51:472][  0]LogAudio: Display: Using built-in audio occlusion.
[2020.01.09-11.41.51:472][  0]LogAudioMixer: Display: Initializing audio mixer.
[2020.01.09-11.41.53:018][  0]LogAudioMixer: Display: Audio Device Output Speaker Info:
[2020.01.09-11.41.53:018][  0]LogAudioMixer: Display: Name: BenQ XL2730Z(NVIDIA High Definition Audio)
[2020.01.09-11.41.53:018][  0]LogAudioMixer: Display: Is Default: Yes
[2020.01.09-11.41.53:018][  0]LogAudioMixer: Display: Sample Rate: 48000
[2020.01.09-11.41.53:018][  0]LogAudioMixer: Display: Channel Count Used: 2
[2020.01.09-11.41.53:018][  0]LogAudioMixer: Display: Device Channel Count: 2
[2020.01.09-11.41.53:018][  0]LogAudioMixer: Display: Channel Order:
[2020.01.09-11.41.53:018][  0]LogAudioMixer: Display: 0: FrontLeft
[2020.01.09-11.41.53:018][  0]LogAudioMixer: Display: 1: FrontRight
[2020.01.09-11.41.53:034][  0]LogAudioMixer: Display: Using Audio Device BenQ XL2730Z(NVIDIA High Definition Audio)
[2020.01.09-11.41.53:035][  0]LogInit: FAudioDevice initialized.
[2020.01.09-11.41.53:035][  0]LogNetVersion: Set ProjectVersion to 1.0.0.0. Version Checksum will be recalculated on next use.
[2020.01.09-11.41.53:079][  0]LogDerivedDataCache: Saved boot cache 0.04s 78MB C:/Users/Lee dong heon/AppData/Local/UnrealEngine/4.24/DerivedDataCache/Boot.ddc.
[2020.01.09-11.41.53:081][  0]LogInit: Texture streaming: Enabled
[2020.01.09-11.41.53:088][  0]LogEngineSessionManager: EngineSessionManager initialized
[2020.01.09-11.41.53:088][  0]LogEditorSessionSummary: Verbose: Initializing EditorSessionSummaryWriter for editor session tracking
[2020.01.09-11.41.53:089][  0]LogEditorSessionSummary: EditorSessionSummaryWriter initialized
[2020.01.09-11.41.53:112][  0]LogInit: Transaction tracking system initialized
[2020.01.09-11.41.53:119][  0]BlueprintLog: New page: Editor Load
[2020.01.09-11.41.53:145][  0]LocalizationService: Localization service is disabled
[2020.01.09-11.41.53:353][  0]LogFileCache: Scanning file cache for directory 'E:/Unreal/UnrealEngineLecture/BuildingEscape 4.24/Content/' took 0.00s
[2020.01.09-11.41.53:353][  0]LogCook: Display: Max memory allowance for cook 16384mb min free memory 0mb
[2020.01.09-11.41.53:353][  0]LogCook: Display: Mobile HDR setting 1
[2020.01.09-11.41.53:851][  0]SourceControl: Source control is disabled
[2020.01.09-11.41.53:851][  0]Cmd: MAP LOAD FILE="E:/Unreal/UnrealEngineLecture/BuildingEscape 4.24/Saved/Untitled_2.umap" TEMPLATE=0 SHOWPROGRESS=1 FEATURELEVEL=3
[2020.01.09-11.41.53:851][  0]LogEditorServer: Warning: Can't find file 'E:/Unreal/UnrealEngineLecture/BuildingEscape 4.24/Saved/Untitled_2.umap'
[2020.01.09-11.41.53:851][  0]Cmd: MAP CHECKDEP NOCLEARLOG
[2020.01.09-11.41.53:851][  0]MapCheck: Map check complete: 0 Error(s), 0 Warning(s), took 0.072ms to complete.
[2020.01.09-11.41.53:851][  0]LogFileHelpers: Loading map 'Untitled_2' took 0.000
[2020.01.09-11.41.53:955][  0]LogCollectionManager: Loaded 0 collections in 0.001548 seconds
[2020.01.09-11.41.53:964][  0]LogFileCache: Scanning file cache for directory 'E:/Unreal/UnrealEngineLecture/BuildingEscape 4.24/Saved/Collections/' took 0.00s
[2020.01.09-11.41.53:964][  0]LogFileCache: Scanning file cache for directory 'E:/Unreal/UnrealEngineLecture/BuildingEscape 4.24/Content/Developers/Leedongheon/Collections/' took 0.00s
[2020.01.09-11.41.53:964][  0]LogFileCache: Scanning file cache for directory 'E:/Unreal/UnrealEngineLecture/BuildingEscape 4.24/Content/Collections/' took 0.00s
[2020.01.09-11.41.53:964][  0]LogContentBrowser: Native class hierarchy populated in 0.0061 seconds. Added 3019 classes and 719 folders.
[2020.01.09-11.41.53:966][  0]LogContentBrowser: Native class hierarchy updated for 'WidgetCarousel' in 0.0002 seconds. Added 0 classes and 0 folders.
[2020.01.09-11.41.54:007][  0]LogContentBrowser: Native class hierarchy updated for 'AddContentDialog' in 0.0002 seconds. Added 0 classes and 0 folders.
[2020.01.09-11.41.54:014][  0]LogSlate: Updating window title bar state: overlay mode, drag disabled, window buttons hidden, title bar hidden
[2020.01.09-11.41.54:019][  0]LogSlate: Updating window title bar state: overlay mode, drag disabled, window buttons hidden, title bar hidden
[2020.01.09-11.41.54:024][  0]LogSlate: Updating window title bar state: overlay mode, drag disabled, window buttons hidden, title bar hidden
[2020.01.09-11.41.54:029][  0]LogSlate: Updating window title bar state: overlay mode, drag disabled, window buttons hidden, title bar hidden
[2020.01.09-11.41.54:034][  0]LogContentBrowser: Native class hierarchy updated for 'SceneOutliner' in 0.0003 seconds. Added 2 classes and 3 folders.
[2020.01.09-11.41.54:090][  0]LogContentBrowser: Native class hierarchy updated for 'HierarchicalLODOutliner' in 0.0003 seconds. Added 0 classes and 0 folders.
[2020.01.09-11.41.54:090][  0]LogLoad: (Engine Initialization) Total time: 7.38 seconds
[2020.01.09-11.41.54:090][  0]LogLoad: (Engine Initialization) Total Blueprint compile time: 0.00 seconds
[2020.01.09-11.41.54:130][  0]LogAssetRegistry: Asset discovery search completed in 4.6062 seconds
[2020.01.09-11.41.54:133][  0]LogCollectionManager: Fixed up redirectors for 0 collections in 0.000006 seconds (updated 0 objects)
[2020.01.09-11.41.54:133][  0]LogContentStreaming: Texture pool size now 1000 MB
[2020.01.09-11.41.54:139][  0]LogSlate: Took 0.000127 seconds to synchronously load lazily loaded font '../../../Engine/Content/Slate/Fonts/Roboto-Regular.ttf' (155K)
[2020.01.09-11.41.54:141][  0]LogSlate: Took 0.000089 seconds to synchronously load lazily loaded font '../../../Engine/Content/Slate/Fonts/Roboto-Bold.ttf' (160K)
[2020.01.09-11.41.54:141][  0]LogSlate: Took 0.000102 seconds to synchronously load lazily loaded font '../../../Engine/Content/Editor/Slate/Fonts/FontAwesome.ttf' (139K)
[2020.01.09-11.41.54:144][  0]LogSlate: Took 0.000073 seconds to synchronously load lazily loaded font '../../../Engine/Content/Slate/Fonts/DroidSansMono.ttf' (77K)
[2020.01.09-11.41.54:277][  2]LogRenderer: Reallocating scene render targets to support 736x464 Format 10 NumSamples 1 (Frame:1).
[2020.01.09-11.42.01:781][821]LogRenderer: Reallocating scene render targets to support 736x480 Format 10 NumSamples 1 (Frame:810).
[2020.01.09-11.42.01:825][821]LogRenderer: Reallocating scene render targets to support 736x524 Format 10 NumSamples 1 (Frame:811).
[2020.01.09-11.42.01:869][821]LogRenderer: Reallocating scene render targets to support 736x596 Format 10 NumSamples 1 (Frame:812).
[2020.01.09-11.42.01:899][821]LogRenderer: Reallocating scene render targets to support 736x648 Format 10 NumSamples 1 (Frame:813).
[2020.01.09-11.42.01:936][821]LogRenderer: Reallocating scene render targets to support 736x676 Format 10 NumSamples 1 (Frame:814).
[2020.01.09-11.42.01:973][821]LogRenderer: Reallocating scene render targets to support 736x708 Format 10 NumSamples 1 (Frame:815).
[2020.01.09-11.42.02:009][821]LogRenderer: Reallocating scene render targets to support 736x728 Format 10 NumSamples 1 (Frame:816).
[2020.01.09-11.42.02:046][821]LogRenderer: Reallocating scene render targets to support 736x744 Format 10 NumSamples 1 (Frame:817).
[2020.01.09-11.42.02:231][821]LogRenderer: Reallocating scene render targets to support 736x992 Format 10 NumSamples 1 (Frame:818).
[2020.01.09-11.42.23:774][380]LogSlate: Took 0.000127 seconds to synchronously load lazily loaded font '../../../Engine/Content/Slate/Fonts/Roboto-Light.ttf' (167K)
[2020.01.09-11.42.24:416][380]LogStaticMesh: Building static mesh Floor_400x400...
[2020.01.09-11.42.24:419][380]LogStaticMesh: Built static mesh [0.00s] /Game/StarterContent/Architecture/Floor_400x400.Floor_400x400
[2020.01.09-11.42.24:962][380]LogAIModule: Creating AISystem for world StarterMap
[2020.01.09-11.42.24:977][380]LogAssetEditorSubsystem: Opening Asset editor for World /Game/StarterContent/Maps/StarterMap.StarterMap
[2020.01.09-11.42.25:007][380]LogUObjectHash: Compacting FUObjectHashTables data took   1.77ms
[2020.01.09-11.42.25:010][380]Cmd: MAP LOAD FILE="E:/Unreal/UnrealEngineLecture/BuildingEscape 4.24/Content/StarterContent/Maps/StarterMap.umap" TEMPLATE=0 SHOWPROGRESS=1 FEATURELEVEL=3
[2020.01.09-11.42.25:010][380]LightingResults: New page: Lighting Build
[2020.01.09-11.42.25:011][380]LogContentBrowser: Native class hierarchy updated for 'StatsViewer' in 0.0003 seconds. Added 5 classes and 0 folders.
[2020.01.09-11.42.25:011][380]LoadErrors: New page: Loading map: StarterMap.umap
[2020.01.09-11.42.25:012][380]LogWorld: UWorld::CleanupWorld for Untitled, bSessionEnded=true, bCleanupResources=true
[2020.01.09-11.42.25:012][380]LogSlate: InvalidateAllWidgets triggered.  All widgets were invalidated
[2020.01.09-11.42.25:012][380]MapCheck: New page: Map Check
[2020.01.09-11.42.25:012][380]LightingResults: New page: Lighting Build
[2020.01.09-11.42.25:045][380]LogUObjectHash: Compacting FUObjectHashTables data took   1.40ms
[2020.01.09-11.42.25:151][380]LogEditorServer: Finished looking for orphan Actors (0.000 secs)
[2020.01.09-11.42.25:184][380]LogUObjectHash: Compacting FUObjectHashTables data took   1.30ms
[2020.01.09-11.42.25:193][380]Cmd: MAP CHECKDEP NOCLEARLOG
[2020.01.09-11.42.25:193][380]MapCheck: Map check complete: 0 Error(s), 0 Warning(s), took 0.066ms to complete.
[2020.01.09-11.42.25:193][380]LogFileHelpers: Loading map 'StarterMap' took 0.184
[2020.01.09-11.42.29:036][796]LogTemp: Repeating last play command: Selected Viewport
[2020.01.09-11.42.29:041][796]LogBlueprintUserMessages: Early PlayInEditor Detection: Level '/Game/StarterContent/Maps/StarterMap.StarterMap:PersistentLevel' has LevelScriptBlueprint '/Game/StarterContent/Maps/StarterMap.StarterMap:PersistentLevel.StarterMap' with GeneratedClass '/Game/StarterContent/Maps/StarterMap.StarterMap_C' with ClassGeneratedBy '/Game/StarterContent/Maps/StarterMap.StarterMap:PersistentLevel.StarterMap'
[2020.01.09-11.42.29:042][796]LogPlayLevel: PlayLevel: No blueprints needed recompiling
[2020.01.09-11.42.29:042][796]PIE: New page: PIE session: StarterMap (2020. 1. 10. 오전 5:42:29)
[2020.01.09-11.42.29:042][796]LogOnline: OSS: Creating online subsystem instance for: NULL
[2020.01.09-11.42.29:043][796]LogOnline: OSS: TryLoadSubsystemAndSetDefault: Loaded subsystem for module [NULL]
[2020.01.09-11.42.29:043][796]LogPlayLevel: Creating play world package: /Game/StarterContent/Maps/UEDPIE_0_StarterMap
[2020.01.09-11.42.29:057][796]LogPlayLevel: PIE: StaticDuplicateObject took: (0.013565s)
[2020.01.09-11.42.29:057][796]LogAIModule: Creating AISystem for world StarterMap
[2020.01.09-11.42.29:057][796]LogPlayLevel: PIE: World Init took: (0.000857s)
[2020.01.09-11.42.29:057][796]LogPlayLevel: PIE: Created PIE world by copying editor world from /Game/StarterContent/Maps/StarterMap.StarterMap to /Game/StarterContent/Maps/UEDPIE_0_StarterMap.StarterMap (0.014594s)
[2020.01.09-11.42.29:087][796]LogUObjectHash: Compacting FUObjectHashTables data took   1.28ms
[2020.01.09-11.42.29:089][796]LogAudioMixer: Display: Audio Mixer Platform Settings:
[2020.01.09-11.42.29:089][796]LogAudioMixer: Display: 	Sample Rate:						  48000
[2020.01.09-11.42.29:089][796]LogAudioMixer: Display: 	Callback Buffer Frame Size Requested: 256
[2020.01.09-11.42.29:089][796]LogAudioMixer: Display: 	Callback Buffer Frame Size To Use:	  256
[2020.01.09-11.42.29:089][796]LogAudioMixer: Display: 	Number of buffers to queue:			  7
[2020.01.09-11.42.29:089][796]LogAudioMixer: Display: 	Max Channels (voices):				  32
[2020.01.09-11.42.29:089][796]LogAudioMixer: Display: 	Number of Async Source Workers:		  0
[2020.01.09-11.42.29:089][796]LogAudio: Display: AudioDevice MaxSources: 32
[2020.01.09-11.42.29:090][796]LogAudio: Display: Using built-in audio occlusion.
[2020.01.09-11.42.29:090][796]LogAudioMixer: Display: Initializing audio mixer.
[2020.01.09-11.42.29:103][796]LogAudioMixer: Display: Audio Device Output Speaker Info:
[2020.01.09-11.42.29:103][796]LogAudioMixer: Display: Name: BenQ XL2730Z(NVIDIA High Definition Audio)
[2020.01.09-11.42.29:103][796]LogAudioMixer: Display: Is Default: Yes
[2020.01.09-11.42.29:103][796]LogAudioMixer: Display: Sample Rate: 48000
[2020.01.09-11.42.29:103][796]LogAudioMixer: Display: Channel Count Used: 2
[2020.01.09-11.42.29:103][796]LogAudioMixer: Display: Device Channel Count: 2
[2020.01.09-11.42.29:103][796]LogAudioMixer: Display: Channel Order:
[2020.01.09-11.42.29:103][796]LogAudioMixer: Display: 0: FrontLeft
[2020.01.09-11.42.29:103][796]LogAudioMixer: Display: 1: FrontRight
[2020.01.09-11.42.29:112][796]LogAudioMixer: Display: Using Audio Device BenQ XL2730Z(NVIDIA High Definition Audio)
[2020.01.09-11.42.29:114][796]LogInit: FAudioDevice initialized.
[2020.01.09-11.42.29:124][796]LogLoad: Game class is 'BuildingEscapeGameModeBase_BP_C'
[2020.01.09-11.42.29:130][796]LogWorld: Bringing World /Game/StarterContent/Maps/UEDPIE_0_StarterMap.StarterMap up for play (max tick rate 0) at 2020.01.09-20.42.29
[2020.01.09-11.42.29:131][796]LogWorld: Bringing up level for play took: 0.005293
[2020.01.09-11.42.29:131][796]LogOnline: OSS: Creating online subsystem instance for: :Context_1
[2020.01.09-11.42.29:133][796]LogContentBrowser: Native class hierarchy updated for 'MovieSceneCapture' in 0.0003 seconds. Added 20 classes and 0 folders.
[2020.01.09-11.42.29:148][796]LogTemp: Warning: Grabber!
[2020.01.09-11.42.29:148][796]PIE: Play in editor start time for /Game/StarterContent/Maps/UEDPIE_0_StarterMap 0.283
[2020.01.09-11.42.29:148][796]LogBlueprintUserMessages: Late PlayInEditor Detection: Level '/Game/StarterContent/Maps/StarterMap.StarterMap:PersistentLevel' has LevelScriptBlueprint '/Game/StarterContent/Maps/StarterMap.StarterMap:PersistentLevel.StarterMap' with GeneratedClass '/Game/StarterContent/Maps/StarterMap.StarterMap_C' with ClassGeneratedBy '/Game/StarterContent/Maps/StarterMap.StarterMap:PersistentLevel.StarterMap'
[2020.01.09-11.42.30:372][796]LogWindows: Error: === Critical error: ===
[2020.01.09-11.42.30:372][796]LogWindows: Error: 
[2020.01.09-11.42.30:372][796]LogWindows: Error: Fatal error!
[2020.01.09-11.42.30:372][796]LogWindows: Error: 
[2020.01.09-11.42.30:373][796]LogWindows: Error: Unhandled Exception: EXCEPTION_ACCESS_VIOLATION reading address 0x00000018
[2020.01.09-11.42.30:373][796]LogWindows: Error: 
[2020.01.09-11.42.30:373][796]LogWindows: Error: [Callstack] 0x00007ffa6aed5e2d UE4Editor-BuildingEscape-3623.dll!UnknownFunction []
[2020.01.09-11.42.30:373][796]LogWindows: Error: [Callstack] 0x00007ffa7b5f1dd8 UE4Editor-Engine.dll!UnknownFunction []
[2020.01.09-11.42.30:373][796]LogWindows: Error: [Callstack] 0x00007ffa7b622d84 UE4Editor-Engine.dll!UnknownFunction []
[2020.01.09-11.42.30:373][796]LogWindows: Error: [Callstack] 0x00007ffa7c396123 UE4Editor-Engine.dll!UnknownFunction []
[2020.01.09-11.42.30:373][796]LogWindows: Error: [Callstack] 0x00007ffa7c3a4116 UE4Editor-Engine.dll!UnknownFunction []
[2020.01.09-11.42.30:373][796]LogWindows: Error: [Callstack] 0x00007ffa94b69ff2 UE4Editor-Core.dll!UnknownFunction []
[2020.01.09-11.42.30:373][796]LogWindows: Error: [Callstack] 0x00007ffa94b6a2aa UE4Editor-Core.dll!UnknownFunction []
[2020.01.09-11.42.30:373][796]LogWindows: Error: [Callstack] 0x00007ffa7c3c265d UE4Editor-Engine.dll!UnknownFunction []
[2020.01.09-11.42.30:373][796]LogWindows: Error: [Callstack] 0x00007ffa7c3c84f2 UE4Editor-Engine.dll!UnknownFunction []
[2020.01.09-11.42.30:373][796]LogWindows: Error: [Callstack] 0x00007ffa7bb49f3f UE4Editor-Engine.dll!UnknownFunction []
[2020.01.09-11.42.30:373][796]LogWindows: Error: [Callstack] 0x00007ffa7bb555ee UE4Editor-Engine.dll!UnknownFunction []
[2020.01.09-11.42.30:373][796]LogWindows: Error: [Callstack] 0x00007ffa79ceadb0 UE4Editor-UnrealEd.dll!UnknownFunction []
[2020.01.09-11.42.30:373][796]LogWindows: Error: [Callstack] 0x00007ffa7a54dd66 UE4Editor-UnrealEd.dll!UnknownFunction []
[2020.01.09-11.42.30:373][796]LogWindows: Error: [Callstack] 0x00007ff650927f62 UE4Editor.exe!UnknownFunction []
[2020.01.09-11.42.30:373][796]LogWindows: Error: [Callstack] 0x00007ff65093c3ec UE4Editor.exe!UnknownFunction []
[2020.01.09-11.42.30:373][796]LogWindows: Error: [Callstack] 0x00007ff65093c4ca UE4Editor.exe!UnknownFunction []
[2020.01.09-11.42.30:373][796]LogWindows: Error: [Callstack] 0x00007ff65094ceae UE4Editor.exe!UnknownFunction []
[2020.01.09-11.42.30:373][796]LogWindows: Error: [Callstack] 0x00007ff65094fcbe UE4Editor.exe!UnknownFunction []
[2020.01.09-11.42.30:373][796]LogWindows: Error: [Callstack] 0x00007ffaed047bd4 KERNEL32.DLL!UnknownFunction []
[2020.01.09-11.42.30:373][796]LogWindows: Error: [Callstack] 0x00007ffaee86ced1 ntdll.dll!UnknownFunction []
[2020.01.09-11.42.30:373][796]LogWindows: Error: 
[2020.01.09-11.42.30:381][796]LogExit: Executing StaticShutdownAfterError
[2020.01.09-11.42.30:384][796]LogWindows: FPlatformMisc::RequestExit(1)
[2020.01.09-11.42.30:384][796]LogCore: Engine exit requested (reason: Win RequestExit)
[2020.01.09-11.42.30:389][796]Log file closed, 01/09/20 20:42:30
